<?xml version="1.0" encoding="UTF-8"?>
<testsuite xmlns:xsi="http://www.w3.org/2001/XMLSchema-instance" xsi:noNamespaceSchemaLocation="https://maven.apache.org/surefire/maven-surefire-plugin/xsd/surefire-test-report-3.0.xsd" version="3.0" name="br.com.cuidaplus.api.admin.AdminAuthorizationTest" time="13.756" tests="2" errors="0" skipped="0" failures="0">
  <properties>
[...]
</properties>
  <testcase name="administratorCanAccessAdministrativeEndpoint" classname="br.com.cuidaplus.api.admin.AdminAuthorizationTest" time="0.592">
    <system-out><![CDATA[07:23:20.816 [main] INFO org.springframework.test.context.support.AnnotationConfigContextLoaderUtils -- Could not detect default configuration classes for test class [br.com.cuidaplus.api.admin.AdminAuthorizationTest]: AdminAuthorizationTest does not declare any static, non-private, non-final, nested classes annotated with @Configuration.
07:23:21.060 [main] INFO org.springframework.boot.test.context.SpringBootTestContextBootstrapper -- Found @SpringBootConfiguration br.com.cuidaplus.api.CuidaPlusApiApplication for test class br.com.cuidaplus.api.admin.AdminAuthorizationTest

  .   ____          _            __ _ _
 /\\ / ___'_ __ _ _(_)_ __  __ _ \ \ \ \
( ( )\___ | '_ | '_| | '_ \/ _` | \ \ \ \
 \\/  ___)| |_)| | | | | || (_| |  ) ) ) )
  '  |____| .__|_| |_|_| |_\__, | / / / /
 =========|_|==============|___/=/_/_/_/

 :: Spring Boot ::                (v3.3.5)

2026-09-01T07:23:21.589-03:00  INFO 2200 --- [cuida-plus-api] [           main] b.c.c.api.admin.AdminAuthorizationTest   : Starting AdminAuthorizationTest using Java 21.0.6 with PID 2200 (started by danis in C:\Users\danis\OneDrive\Documentos\FAM\TCC\cuida-mais-prototipo\api)
2026-09-01T07:23:21.590-03:00  INFO 2200 --- [cuida-plus-api] [           main] b.c.c.api.admin.AdminAuthorizationTest   : No active profile set, falling back to 1 default profile: "default"
2026-09-01T07:23:21.591-03:00 DEBUG 2200 --- [cuida-plus-api] [           main] o.s.boot.SpringApplication               : Loading source class br.com.cuidaplus.api.CuidaPlusApiApplication
2026-09-01T07:23:21.617-03:00 DEBUG 2200 --- [cuida-plus-api] [           main] o.s.w.c.s.GenericWebApplicationContext   : Refreshing org.springframework.web.context.support.GenericWebApplicationContext@606fc505
2026-09-01T07:23:22.771-03:00 DEBUG 2200 --- [cuida-plus-api] [           main] ySourcesPropertyResolver$DefaultResolver : Found key 'DATABASE_URL' in PropertySource 'Inlined Test Properties' with value of type String
2026-09-01T07:23:22.872-03:00 DEBUG 2200 --- [cuida-plus-api] [           main] ySourcesPropertyResolver$DefaultResolver : Found key 'EMAIL_HOST' in PropertySource 'systemEnvironment' with value of type String
2026-09-01T07:23:22.878-03:00 DEBUG 2200 --- [cuida-plus-api] [           main] ySourcesPropertyResolver$DefaultResolver : Found key 'EMAIL_HOST' in PropertySource 'systemEnvironment' with value of type String
2026-09-01T07:23:23.289-03:00  INFO 2200 --- [cuida-plus-api] [           main] .s.d.r.c.RepositoryConfigurationDelegate : Bootstrapping Spring Data JPA repositories in DEFAULT mode.
2026-09-01T07:23:23.321-03:00 DEBUG 2200 --- [cuida-plus-api] [           main] o.s.b.a.AutoConfigurationPackages        : @EnableAutoConfiguration was declared on a class in the package 'br.com.cuidaplus.api'. Automatic @Repository and @Entity scanning is enabled.
2026-09-01T07:23:23.495-03:00  INFO 2200 --- [cuida-plus-api] [           main] .s.d.r.c.RepositoryConfigurationDelegate : Finished Spring Data repository scanning in 192 ms. Found 22 JPA repository interfaces.
2026-09-01T07:23:23.573-03:00 DEBUG 2200 --- [cuida-plus-api] [           main] ySourcesPropertyResolver$DefaultResolver : Found key 'EMAIL_HOST' in PropertySource 'systemEnvironment' with value of type String
2026-09-01T07:23:25.814-03:00 DEBUG 2200 --- [cuida-plus-api] [           main] ySourcesPropertyResolver$DefaultResolver : Found key 'DATABASE_PASSWORD' in PropertySource 'Inlined Test Properties' with value of type String
2026-09-01T07:23:25.815-03:00 DEBUG 2200 --- [cuida-plus-api] [           main] ySourcesPropertyResolver$DefaultResolver : Found key 'DATABASE_URL' in PropertySource 'Inlined Test Properties' with value of type String
2026-09-01T07:23:25.816-03:00 DEBUG 2200 --- [cuida-plus-api] [           main] ySourcesPropertyResolver$DefaultResolver : Found key 'DATABASE_USERNAME' in PropertySource 'Inlined Test Properties' with value of type String
2026-09-01T07:23:26.143-03:00  INFO 2200 --- [cuida-plus-api] [           main] o.hibernate.jpa.internal.util.LogHelper  : HHH000204: Processing PersistenceUnitInfo [name: default]
2026-09-01T07:23:26.263-03:00  INFO 2200 --- [cuida-plus-api] [           main] org.hibernate.Version                    : HHH000412: Hibernate ORM core version 6.5.3.Final
2026-09-01T07:23:26.330-03:00  INFO 2200 --- [cuida-plus-api] [           main] o.h.c.internal.RegionFactoryInitiator    : HHH000026: Second-level cache disabled
2026-09-01T07:23:26.595-03:00  INFO 2200 --- [cuida-plus-api] [           main] o.s.o.j.p.SpringPersistenceUnitInfo      : No LoadTimeWeaver setup: ignoring JPA class transformer
2026-09-01T07:23:26.655-03:00  INFO 2200 --- [cuida-plus-api] [           main] com.zaxxer.hikari.HikariDataSource       : HikariPool-1 - Starting...
2026-09-01T07:23:27.006-03:00  INFO 2200 --- [cuida-plus-api] [           main] com.zaxxer.hikari.pool.HikariPool        : HikariPool-1 - Added connection conn0: url=jdbc:h2:mem:admin-authorization-test user=SA
2026-09-01T07:23:27.009-03:00  INFO 2200 --- [cuida-plus-api] [           main] com.zaxxer.hikari.HikariDataSource       : HikariPool-1 - Start completed.
2026-09-01T07:23:29.204-03:00  INFO 2200 --- [cuida-plus-api] [           main] o.h.e.t.j.p.i.JtaPlatformInitiator       : HHH000489: No JTA platform available (set 'hibernate.transaction.jta.platform' to enable JTA platform integration)
2026-09-01T07:23:29.225-03:00 DEBUG 2200 --- [cuida-plus-api] [           main] org.hibernate.SQL                        : 
    drop table if exists pessoa_assistida_alergia cascade 
2026-09-01T07:23:29.230-03:00 DEBUG 2200 --- [cuida-plus-api] [           main] org.hibernate.SQL                        : 
    drop table if exists pessoa_assistida_restricao_alimentar cascade 
2026-09-01T07:23:29.230-03:00 DEBUG 2200 --- [cuida-plus-api] [           main] org.hibernate.SQL                        : 
    drop table if exists pessoa_assistida cascade 
2026-09-01T07:23:29.231-03:00 DEBUG 2200 --- [cuida-plus-api] [           main] org.hibernate.SQL                        : 
    drop table if exists relatorio_atendimento cascade 
2026-09-01T07:23:29.231-03:00 DEBUG 2200 --- [cuida-plus-api] [           main] org.hibernate.SQL                        : 
    drop table if exists registro_diario_cuidado cascade 
2026-09-01T07:23:29.231-03:00 DEBUG 2200 --- [cuida-plus-api] [           main] org.hibernate.SQL                        : 
    drop table if exists contratacao cascade 
2026-09-01T07:23:29.231-03:00 DEBUG 2200 --- [cuida-plus-api] [           main] org.hibernate.SQL                        : 
    drop table if exists ocorrencia_cuidado_foto cascade 
2026-09-01T07:23:29.231-03:00 DEBUG 2200 --- [cuida-plus-api] [           main] org.hibernate.SQL                        : 
    drop table if exists rotina_cuidado_item_dia_semana cascade 
2026-09-01T07:23:29.231-03:00 DEBUG 2200 --- [cuida-plus-api] [           main] org.hibernate.SQL                        : 
    drop table if exists rotina_cuidado_item cascade 
2026-09-01T07:23:29.232-03:00 DEBUG 2200 --- [cuida-plus-api] [           main] org.hibernate.SQL                        : 
    drop table if exists rotina_cuidado cascade 
2026-09-01T07:23:29.232-03:00 DEBUG 2200 --- [cuida-plus-api] [           main] org.hibernate.SQL                        : 
    drop table if exists tarefa_cuidado_auditoria cascade 
2026-09-01T07:23:29.232-03:00 DEBUG 2200 --- [cuida-plus-api] [           main] org.hibernate.SQL                        : 
    drop table if exists ocorrencia_cuidado_lembrete cascade 
2026-09-01T07:23:29.232-03:00 DEBUG 2200 --- [cuida-plus-api] [           main] org.hibernate.SQL                        : 
    drop table if exists tarefa_cuidado_dia_semana cascade 
2026-09-01T07:23:29.233-03:00 DEBUG 2200 --- [cuida-plus-api] [           main] org.hibernate.SQL                        : 
    drop table if exists tarefa_cuidado cascade 
2026-09-01T07:23:29.233-03:00 DEBUG 2200 --- [cuida-plus-api] [           main] org.hibernate.SQL                        : 
    drop table if exists cuidador_disponibilidade_dia cascade 
2026-09-01T07:23:29.233-03:00 DEBUG 2200 --- [cuida-plus-api] [           main] org.hibernate.SQL                        : 
    drop table if exists cuidador_disponibilidade_periodo cascade 
2026-09-01T07:23:29.234-03:00 DEBUG 2200 --- [cuida-plus-api] [           main] org.hibernate.SQL                        : 
    drop table if exists cuidador_formacao cascade 
2026-09-01T07:23:29.234-03:00 DEBUG 2200 --- [cuida-plus-api] [           main] org.hibernate.SQL                        : 
    drop table if exists cuidador_modalidade cascade 
2026-09-01T07:23:29.234-03:00 DEBUG 2200 --- [cuida-plus-api] [           main] org.hibernate.SQL                        : 
    drop table if exists cuidador cascade 
2026-09-01T07:23:29.234-03:00 DEBUG 2200 --- [cuida-plus-api] [           main] org.hibernate.SQL                        : 
    drop table if exists cuidador_servico cascade 
2026-09-01T07:23:29.234-03:00 DEBUG 2200 --- [cuida-plus-api] [           main] org.hibernate.SQL                        : 
    drop table if exists cuidador_historico_situacao cascade 
2026-09-01T07:23:29.235-03:00 DEBUG 2200 --- [cuida-plus-api] [           main] org.hibernate.SQL                        : 
    drop table if exists pessoa_assistida_contato_emergencia cascade 
2026-09-01T07:23:29.235-03:00 DEBUG 2200 --- [cuida-plus-api] [           main] org.hibernate.SQL                        : 
    drop table if exists notificacao cascade 
2026-09-01T07:23:29.235-03:00 DEBUG 2200 --- [cuida-plus-api] [           main] org.hibernate.SQL                        : 
    drop table if exists usuario_token_redefinicao_senha cascade 
2026-09-01T07:23:29.235-03:00 DEBUG 2200 --- [cuida-plus-api] [           main] org.hibernate.SQL                        : 
    drop table if exists responsavel_historico_situacao cascade 
2026-09-01T07:23:29.236-03:00 DEBUG 2200 --- [cuida-plus-api] [           main] org.hibernate.SQL                        : 
    drop table if exists responsavel cascade 
2026-09-01T07:23:29.236-03:00 DEBUG 2200 --- [cuida-plus-api] [           main] org.hibernate.SQL                        : 
    drop table if exists registro_atendimento cascade 
2026-09-01T07:23:29.236-03:00 DEBUG 2200 --- [cuida-plus-api] [           main] org.hibernate.SQL                        : 
    drop table if exists solicitacao_servico_atividade cascade 
2026-09-01T07:23:29.236-03:00 DEBUG 2200 --- [cuida-plus-api] [           main] org.hibernate.SQL                        : 
    drop table if exists solicitacao_servico_item_cuidado_copia cascade 
2026-09-01T07:23:29.237-03:00 DEBUG 2200 --- [cuida-plus-api] [           main] org.hibernate.SQL                        : 
    drop table if exists solicitacao_servico_item_cuidado_copia_dia_semana cascade 
2026-09-01T07:23:29.237-03:00 DEBUG 2200 --- [cuida-plus-api] [           main] org.hibernate.SQL                        : 
    drop table if exists solicitacao_servico_data cascade 
2026-09-01T07:23:29.237-03:00 DEBUG 2200 --- [cuida-plus-api] [           main] org.hibernate.SQL                        : 
    drop table if exists solicitacao_servico_agenda_dia cascade 
2026-09-01T07:23:29.237-03:00 DEBUG 2200 --- [cuida-plus-api] [           main] org.hibernate.SQL                        : 
    drop table if exists solicitacao_servico cascade 
2026-09-01T07:23:29.237-03:00 DEBUG 2200 --- [cuida-plus-api] [           main] org.hibernate.SQL                        : 
    drop table if exists solicitacao_servico_contratacao_historico_status cascade 
2026-09-01T07:23:29.238-03:00 DEBUG 2200 --- [cuida-plus-api] [           main] org.hibernate.SQL                        : 
    drop table if exists ocorrencia_cuidado cascade 
2026-09-01T07:23:29.238-03:00 DEBUG 2200 --- [cuida-plus-api] [           main] org.hibernate.SQL                        : 
    drop table if exists notificacao_preferencia cascade 
2026-09-01T07:23:29.238-03:00 DEBUG 2200 --- [cuida-plus-api] [           main] org.hibernate.SQL                        : 
    drop table if exists usuario cascade 
2026-09-01T07:23:29.244-03:00 DEBUG 2200 --- [cuida-plus-api] [           main] org.hibernate.SQL                        : 
    create table pessoa_assistida_alergia (
        pessoa_assistida_id uuid not null,
        alergia enum ('ALIMENTOS','LATEX','MEDICAMENTOS','NAO_POSSUI','NAO_SEI_INFORMAR','OUTRO','POEIRA','PRODUTOS_HIGIENE')
    )
2026-09-01T07:23:29.248-03:00 DEBUG 2200 --- [cuida-plus-api] [           main] org.hibernate.SQL                        : 
    create table pessoa_assistida_restricao_alimentar (
        pessoa_assistida_id uuid not null,
        restricao enum ('DIABETICA','HIPOSSODICA','LIQUIDA','NAO_POSSUI','NAO_SEI_INFORMAR','OUTRO','PASTOSA','SEM_GLUTEN','SEM_LACTOSE','VEGETARIANA')
    )
2026-09-01T07:23:29.250-03:00 DEBUG 2200 --- [cuida-plus-api] [           main] org.hibernate.SQL                        : 
    create table pessoa_assistida (
        data_nascimento date not null,
        estado varchar(2),
        latitude numeric(10,7),
        longitude numeric(10,7),
        atualizado_em timestamp(6) with time zone not null,
        criado_em timestamp(6) with time zone not null,
        cep varchar(9),
        cpf varchar(11),
        id uuid not null,
        usuario_responsavel_id uuid not null,
        numero varchar(30),
        bairro varchar(120),
        cidade varchar(120),
        complemento varchar(120),
        mobilidade_outro varchar(120),
        nome varchar(140) not null,
        alergias_outro varchar(180),
        ponto_referencia varchar(180),
        restricoes_alimentares_outro varchar(180),
        rua varchar(180),
        alergias_detalhes varchar(500),
        medicamentos varchar(500),
        observacoes varchar(500),
        restricoes_alimentares_detalhes varchar(500),
        grau_dependencia enum ('ALTA','BAIXA','MODERADA','NAO_SEI_INFORMAR','TOTAL') not null,
        mobilidade enum ('ACAMADO','ANDADOR','AUXILIO_PESSOA','BENGALA','CADEIRA_RODAS','INDEPENDENTE','OUTRO') not null,
        primary key (id)
    )
2026-09-01T07:23:29.256-03:00 DEBUG 2200 --- [cuida-plus-api] [           main] org.hibernate.SQL                        : 
    create table relatorio_atendimento (
        data_atendimento date not null,
        tentativas_email integer not null,
        atualizado_em timestamp(6) with time zone not null,
        criado_em timestamp(6) with time zone not null,
        editado_em timestamp(6) with time zone,
        email_enviado_em timestamp(6) with time zone,
        email_solicitado_em timestamp(6) with time zone,
        finalizado_em timestamp(6) with time zone,
        gerado_em timestamp(6) with time zone not null,
        proxima_tentativa_email_em timestamp(6) with time zone,
        contratacao_id uuid not null,
        cuidador_id uuid not null,
        id uuid not null,
        pessoa_assistida_id uuid not null,
        registro_fim_atendimento_id uuid not null,
        registro_inicio_atendimento_id uuid not null,
        responsavel_id uuid not null,
        mensagem_erro_email varchar(500),
        observacoes_adicionais varchar(4000),
        anotacoes_enfermagem TEXT not null,
        texto_editado TEXT,
        texto_final TEXT,
        texto_gerado TEXT not null,
        status enum ('DRAFT','FINALIZED') not null,
        status_email enum ('FAILED','NOT_SENT','PENDING','SENT') not null,
        primary key (id),
        constraint uk_attendance_report_contract_date unique (contratacao_id, data_atendimento)
    )
2026-09-01T07:23:29.259-03:00 DEBUG 2200 --- [cuida-plus-api] [           main] org.hibernate.SQL                        : 
    create table registro_diario_cuidado (
        data_registro date not null,
        importante boolean not null,
        criado_em timestamp(6) with time zone not null,
        ocorrido_em timestamp(6) with time zone not null,
        contratacao_id uuid not null,
        id uuid not null,
        ocorrencia_id uuid unique,
        pessoa_assistida_id uuid not null,
        usuario_criacao_id uuid not null,
        usuario_cuidador_id uuid not null,
        usuario_responsavel_id uuid not null,
        tipo_atividade varchar(40) not null,
        tipo_cuidado varchar(40) not null,
        fuso_horario varchar(80) not null,
        titulo varchar(180) not null,
        anotacoes varchar(1000),
        descricao varchar(2000),
        tipo_origem enum ('MANUAL','PLANNED') not null,
        primary key (id)
    )
2026-09-01T07:23:29.261-03:00 DEBUG 2200 --- [cuida-plus-api] [           main] org.hibernate.SQL                        : 
    create table contratacao (
        data_fim date,
        data_fim_efetiva date,
        data_inicio date not null,
        atualizado_em timestamp(6) with time zone not null,
        cancelado_em timestamp(6) with time zone,
        cancelamento_solicitado_em timestamp(6) with time zone,
        criado_em timestamp(6) with time zone not null,
        encerramento_solicitado_em timestamp(6) with time zone,
        id uuid not null,
        pessoa_assistida_id uuid not null,
        solicitacao_servico_id uuid not null unique,
        usuario_cuidador_id uuid not null,
        usuario_responsavel_id uuid not null,
        usuario_solicitante_cancelamento_id uuid,
        usuario_solicitante_encerramento_id uuid,
        motivo_cancelamento varchar(1000),
        motivo_encerramento varchar(1000),
        motivo_solicitacao_encerramento varchar(1000),
        observacoes_encerramento varchar(1000),
        status enum ('AGENDADA','ATIVA','CANCELADA','ENCERRADA','ENCERRAMENTO_AGENDADO','FINALIZADA') not null,
        tipo_encerramento enum ('ACORDO_ENTRE_PARTES','ANTECIPADO_CUIDADOR','ANTECIPADO_RESPONSAVEL','AUTOMATICO_TERMINO_PERIODO','CANCELAMENTO_ANTES_INICIO','NA_DATA_PREVISTA'),
        primary key (id)
    )
2026-09-01T07:23:29.264-03:00 DEBUG 2200 --- [cuida-plus-api] [           main] org.hibernate.SQL                        : 
    create table ocorrencia_cuidado_foto (
        criado_em timestamp(6) with time zone not null,
        tamanho_arquivo bigint not null,
        id uuid not null,
        ocorrencia_id uuid,
        registro_atividade_id uuid,
        usuario_envio_id uuid not null,
        tipo_conteudo varchar(30) not null,
        nome_arquivo varchar(80) not null unique,
        nome_arquivo_original varchar(255),
        primary key (id)
    )
2026-09-01T07:23:29.268-03:00 DEBUG 2200 --- [cuida-plus-api] [           main] org.hibernate.SQL                        : 
    create table rotina_cuidado_item_dia_semana (
        item_rotina_cuidado_id uuid not null,
        dia_semana enum ('DOMINGO','QUARTA','QUINTA','SABADO','SEGUNDA','SEXTA','TERCA')
    )
2026-09-01T07:23:29.269-03:00 DEBUG 2200 --- [cuida-plus-api] [           main] org.hibernate.SQL                        : 
    create table rotina_cuidado_item (
        ativo boolean not null,
        exige_foto_conclusao boolean not null,
        horario_previsto time(6),
        importante boolean not null,
        intervalo_dias integer,
        intervalo_repeticao_minutos integer,
        lembrar_no_horario_previsto boolean not null,
        lembrete_atraso_habilitado boolean not null,
        lembrete_habilitado boolean,
        minutos_antecedencia_lembrete integer,
        minutos_para_atraso integer,
        notificar_responsavel_se_importante boolean not null,
        ordem_exibicao integer not null,
        repetir_enquanto_pendente boolean not null,
        atualizado_em timestamp(6) with time zone not null,
        criado_em timestamp(6) with time zone not null,
        id uuid not null,
        rotina_cuidado_id uuid not null,
        dosagem_medicamento varchar(80),
        unidade_personalizada_medicamento varchar(80),
        categoria_personalizada varchar(120),
        via_personalizada_medicamento varchar(120),
        titulo varchar(140) not null,
        nome_medicamento varchar(180),
        descricao varchar(1000),
        instrucoes_medicamento varchar(1000),
        anotacoes varchar(2000),
        categoria enum ('ALIMENTACAO','CONSULTA_COMPROMISSO','CURATIVO','EXERCICIO','HIDRATACAO','HIGIENE_BANHO','MEDICACAO','MOBILIDADE','PERSONALIZADA','SINAIS_VITAIS'),
        prioridade enum ('ALTA','BAIXA','NORMAL'),
        tipo_recorrencia enum ('DIARIA','DIAS_ESPECIFICOS','INTERVALO','PERIODO_DETERMINADO','SEM_DATA_FINAL','UNICA'),
        unidade_medicamento enum ('APLICACAO','CAPSULA','COMPRIMIDO','G','GOTAS','MG','ML','PERSONALIZADA'),
        via_administracao_medicamento enum ('INALATORIA','ORAL','OUTRA','SUBCUTANEA','TOPICA'),
        primary key (id)
    )
2026-09-01T07:23:29.271-03:00 DEBUG 2200 --- [cuida-plus-api] [           main] org.hibernate.SQL                        : 
    create table rotina_cuidado (
        ativo boolean not null,
        atualizado_em timestamp(6) with time zone not null,
        criado_em timestamp(6) with time zone not null,
        id uuid not null,
        pessoa_assistida_id uuid,
        usuario_responsavel_id uuid not null,
        nome varchar(140) not null,
        descricao varchar(1000),
        primary key (id)
    )
2026-09-01T07:23:29.273-03:00 DEBUG 2200 --- [cuida-plus-api] [           main] org.hibernate.SQL                        : 
    create table tarefa_cuidado_auditoria (
        criado_em timestamp(6) with time zone not null,
        id uuid not null,
        ocorrencia_id uuid,
        tarefa_id uuid not null,
        usuario_ator_id uuid,
        detalhes varchar(500),
        acao enum ('ALTERADA','CANCELADA','CRIADA','FOTO_ANEXADA','LEMBRETE_CANCELADO','NOTIFICACAO_INTERNA_CRIADA','OCORRENCIA_ALTERADA','OCORRENCIA_CANCELADA','OCORRENCIA_CONCLUIDA','OCORRENCIA_NAO_REALIZADA','OCORRENCIA_NAO_REALIZADA_AUTOMATICAMENTE','PAUSADA','REATIVADA') not null,
        primary key (id)
    )
2026-09-01T07:23:29.274-03:00 DEBUG 2200 --- [cuida-plus-api] [           main] org.hibernate.SQL                        : 
    create table ocorrencia_cuidado_lembrete (
        atualizado_em timestamp(6) with time zone not null,
        cancelado_em timestamp(6) with time zone,
        criado_em timestamp(6) with time zone not null,
        enviado_em timestamp(6) with time zone,
        previsto_em timestamp(6) with time zone not null,
        id uuid not null,
        ocorrencia_id uuid not null,
        usuario_destinatario_id uuid not null,
        chave_deduplicacao varchar(220) not null unique,
        status enum ('CANCELED','FAILED','SCHEDULED','SENT','SKIPPED') not null,
        tipo_lembrete enum ('AT_SCHEDULED_TIME','BEFORE_SCHEDULED_TIME','OVERDUE','REPEAT_WHILE_PENDING','RESPONSIBLE_NOT_DONE_ALERT') not null,
        primary key (id)
    )
2026-09-01T07:23:29.276-03:00 DEBUG 2200 --- [cuida-plus-api] [           main] org.hibernate.SQL                        : 
    create table tarefa_cuidado_dia_semana (
        tarefa_id uuid not null,
        dia_semana enum ('DOMINGO','QUARTA','QUINTA','SABADO','SEGUNDA','SEXTA','TERCA')
    )
2026-09-01T07:23:29.277-03:00 DEBUG 2200 --- [cuida-plus-api] [           main] org.hibernate.SQL                        : 
    create table tarefa_cuidado (
        data_fim date,
        data_inicio date not null,
        exige_foto_conclusao boolean not null,
        horario_previsto time(6) not null,
        importante boolean not null,
        intervalo_dias integer,
        intervalo_repeticao_minutos integer,
        lembrar_no_horario_previsto boolean not null,
        lembrete_atraso_habilitado boolean not null,
        lembrete_habilitado boolean not null,
        minutos_antecedencia_lembrete integer,
        minutos_para_atraso integer,
        notificar_responsavel_se_importante boolean not null,
        repetir_enquanto_pendente boolean not null,
        atualizado_em timestamp(6) with time zone not null,
        criado_em timestamp(6) with time zone not null,
        versao bigint not null,
        contratacao_id uuid not null,
        cuidador_executor_id uuid not null,
        id uuid not null,
        item_copia_origem_id uuid,
        pessoa_assistida_id uuid not null,
        responsavel_criador_id uuid not null,
        serie_anterior_id uuid,
        tarefa_duplicada_de_id uuid,
        usuario_atualizacao_id uuid not null,
        usuario_criacao_id uuid not null,
        dosagem_medicamento varchar(80),
        fuso_horario varchar(80) not null,
        unidade_personalizada_medicamento varchar(80),
        categoria_personalizada varchar(120),
        via_personalizada_medicamento varchar(120),
        titulo varchar(140) not null,
        nome_medicamento varchar(180),
        instrucoes_medicamento varchar(1000),
        anotacoes varchar(2000),
        descricao varchar(2000),
        categoria enum ('ALIMENTACAO','CONSULTA_COMPROMISSO','CURATIVO','EXERCICIO','HIDRATACAO','HIGIENE_BANHO','MEDICACAO','MOBILIDADE','PERSONALIZADA','SINAIS_VITAIS') not null,
        prioridade enum ('ALTA','BAIXA','NORMAL') not null,
        status enum ('ATIVA','CANCELADA','FINALIZADA','PAUSADA') not null,
        tipo_recorrencia enum ('DIARIA','DIAS_ESPECIFICOS','INTERVALO','PERIODO_DETERMINADO','SEM_DATA_FINAL','UNICA') not null,
        unidade_medicamento enum ('APLICACAO','CAPSULA','COMPRIMIDO','G','GOTAS','MG','ML','PERSONALIZADA'),
        via_administracao_medicamento enum ('INALATORIA','ORAL','OUTRA','SUBCUTANEA','TOPICA'),
        primary key (id)
    )
2026-09-01T07:23:29.280-03:00 DEBUG 2200 --- [cuida-plus-api] [           main] org.hibernate.SQL                        : 
    create table cuidador_disponibilidade_dia (
        perfil_cuidador_id uuid not null,
        dia_semana enum ('DOMINGO','QUARTA','QUINTA','SABADO','SEGUNDA','SEXTA','TERCA')
    )
2026-09-01T07:23:29.281-03:00 DEBUG 2200 --- [cuida-plus-api] [           main] org.hibernate.SQL                        : 
    create table cuidador_disponibilidade_periodo (
        perfil_cuidador_id uuid not null,
        periodo enum ('HORARIO_PERSONALIZADO','INTEGRAL','MADRUGADA','MANHA','NOITE','TARDE')
    )
2026-09-01T07:23:29.282-03:00 DEBUG 2200 --- [cuida-plus-api] [           main] org.hibernate.SQL                        : 
    create table cuidador_formacao (
        perfil_cuidador_id uuid not null,
        formacao enum ('AUXILIAR_ENFERMAGEM','CURSO_CUIDADOR_IDOSOS','ENFERMAGEM_SUPERIOR','EXPERIENCIA_PRATICA','OUTRO','PRIMEIROS_SOCORROS','TECNICO_ENFERMAGEM')
    )
2026-09-01T07:23:29.284-03:00 DEBUG 2200 --- [cuida-plus-api] [           main] org.hibernate.SQL                        : 
    create table cuidador_modalidade (
        perfil_cuidador_id uuid not null,
        modalidade enum ('ACOMPANHAMENTO_CONSULTAS','DIURNO','EVENTUAL','FINAIS_DE_SEMANA','NOTURNO','OUTRO','PLANTAO_12X36','PLANTAO_24H')
    )
2026-09-01T07:23:29.288-03:00 DEBUG 2200 --- [cuida-plus-api] [           main] org.hibernate.SQL                        : 
    create table cuidador (
        estado varchar(2),
        horario_fim time(6),
        horario_inicio time(6),
        latitude numeric(10,7),
        longitude numeric(10,7),
        analisado_em timestamp(6) with time zone,
        atualizado_em timestamp(6) with time zone not null,
        criado_em timestamp(6) with time zone not null,
        cep varchar(9),
        analisado_por_usuario_id uuid,
        id uuid not null,
        usuario_id uuid not null unique,
        numero varchar(30),
        bairro varchar(120),
        cidade varchar(120),
        complemento varchar(120),
        formacao_outro varchar(180),
        modalidade_outro varchar(180),
        ponto_referencia varchar(180),
        rua varchar(180),
        servico_outro varchar(180),
        biografia varchar(500),
        experiencia varchar(500),
        observacao varchar(500),
        motivo_bloqueio_profissional varchar(1000),
        motivo_reprovacao varchar(1000),
        situacao_aprovacao enum ('APROVADO','BLOQUEADO','PENDENTE','REPROVADO') not null,
        tempo_experiencia enum ('DE_1_A_2_ANOS','DE_3_A_5_ANOS','DE_6_A_10_ANOS','MAIS_DE_10_ANOS','MENOS_DE_1_ANO'),
        primary key (id)
    )
2026-09-01T07:23:29.297-03:00 DEBUG 2200 --- [cuida-plus-api] [           main] org.hibernate.SQL                        : 
    create table cuidador_servico (
        perfil_cuidador_id uuid not null,
        servico enum ('ALIMENTACAO','ATIVIDADES_DOMESTICAS_LEVES','BANHO','COMPANHIA','CONSULTAS','HIGIENE_PESSOAL','LOCOMOCAO','MEDICACAO_ORIENTADA','MONITORAMENTO_NOTURNO','OUTRO')
    )
2026-09-01T07:23:29.299-03:00 DEBUG 2200 --- [cuida-plus-api] [           main] org.hibernate.SQL                        : 
    create table cuidador_historico_situacao (
        criado_em timestamp(6) with time zone not null,
        cuidador_id uuid not null,
        id uuid not null,
        usuario_administrador_id uuid not null,
        motivo varchar(1000),
        situacao_anterior enum ('APROVADO','BLOQUEADO','PENDENTE','REPROVADO'),
        situacao_nova enum ('APROVADO','BLOQUEADO','PENDENTE','REPROVADO') not null,
        primary key (id)
    )
2026-09-01T07:23:29.301-03:00 DEBUG 2200 --- [cuida-plus-api] [           main] org.hibernate.SQL                        : 
    create table pessoa_assistida_contato_emergencia (
        contato_responsavel boolean not null,
        atualizado_em timestamp(6) with time zone not null,
        criado_em timestamp(6) with time zone not null,
        id uuid not null,
        pessoa_assistida_id uuid not null unique,
        telefone varchar(20) not null,
        vinculo varchar(120) not null,
        nome varchar(140) not null,
        primary key (id)
    )
2026-09-01T07:23:29.302-03:00 DEBUG 2200 --- [cuida-plus-api] [           main] org.hibernate.SQL                        : 
    create table notificacao (
        criado_em timestamp(6) with time zone not null,
        lida_em timestamp(6) with time zone,
        removida_em timestamp(6) with time zone,
        entidade_relacionada_id uuid not null,
        id uuid not null,
        usuario_destinatario_id uuid not null,
        titulo varchar(180) not null,
        chave_deduplicacao varchar(220),
        mensagem varchar(500) not null,
        tipo enum ('ATTENDANCE_REPORT_AVAILABLE','CARE_OCCURRENCE_COMPLETED','CARE_OCCURRENCE_NOT_DONE','CARE_OCCURRENCE_OVERDUE','CARE_OCCURRENCE_REMINDER','CARE_OCCURRENCE_RESPONSIBLE_ALERT','CARE_TASK_CANCELED','CARE_TASK_CREATED','CARE_TASK_NOT_DONE','CARE_TASK_OVERDUE','CARE_TASK_REMINDER','CARE_TASK_RESPONSIBLE_ALERT','CONTRACT_AUTOMATICALLY_TERMINATED','CONTRACT_CANCELED_BEFORE_START','CONTRACT_TERMINATED','CONTRACT_TERMINATION_SCHEDULED','SERVICE_ATTENDANCE_ENDED','SERVICE_ATTENDANCE_STARTED','SERVICE_OPPORTUNITY_APPLICATION_ACCEPTED','SERVICE_OPPORTUNITY_APPLICATION_CREATED','SERVICE_OPPORTUNITY_APPLICATION_REJECTED','SERVICE_PUBLICATION_CANCELED','SERVICE_PUBLICATION_CREATED','SERVICE_PUBLICATION_EXPIRED','SERVICE_PUBLICATION_STATUS_UPDATED','SERVICE_REQUEST_ACCEPTED','SERVICE_REQUEST_CANCELED','SERVICE_REQUEST_CREATED','SERVICE_REQUEST_EXPIRED','SERVICE_REQUEST_REJECTED','TASK_OCCURRENCE_COMPLETED','TASK_OCCURRENCE_NOT_COMPLETED') not null,
        tipo_entidade_relacionada enum ('ATTENDANCE_REPORT','CARE_CONTRACT','CARE_OCCURRENCE','CARE_TASK','SERVICE_REQUEST','TASK_OCCURRENCE') not null,
        primary key (id)
    )
2026-09-01T07:23:29.304-03:00 DEBUG 2200 --- [cuida-plus-api] [           main] org.hibernate.SQL                        : 
    create table usuario_token_redefinicao_senha (
        criado_em timestamp(6) with time zone not null,
        expira_em timestamp(6) with time zone not null,
        usado_em timestamp(6) with time zone,
        id uuid not null,
        usuario_id uuid not null,
        hash_token varchar(64) not null unique,
        primary key (id)
    )
2026-09-01T07:23:29.306-03:00 DEBUG 2200 --- [cuida-plus-api] [           main] org.hibernate.SQL                        : 
    create table responsavel_historico_situacao (
        criado_em timestamp(6) with time zone not null,
        id uuid not null,
        responsavel_id uuid not null,
        usuario_administrador_id uuid not null,
        motivo varchar(1000),
        situacao_anterior enum ('APROVADO','BLOQUEADO','PENDENTE','REPROVADO'),
        situacao_nova enum ('APROVADO','BLOQUEADO','PENDENTE','REPROVADO') not null,
        primary key (id)
    )
2026-09-01T07:23:29.307-03:00 DEBUG 2200 --- [cuida-plus-api] [           main] org.hibernate.SQL                        : 
    create table responsavel (
        analisado_em timestamp(6) with time zone,
        atualizado_em timestamp(6) with time zone not null,
        criado_em timestamp(6) with time zone not null,
        analisado_por_usuario_id uuid,
        id uuid not null,
        usuario_id uuid not null unique,
        parentesco_outro varchar(120),
        motivo_bloqueio varchar(1000),
        motivo_reprovacao varchar(1000),
        parentesco enum ('AMIGO','CONJUGE','FILHO','IRMAO','NETO','OUTRO','RESPONSAVEL_CONTRATUAL','SOBRINHO','TUTOR_LEGAL') not null,
        preferencia_contato enum ('EMAIL','LIGACAO','QUALQUER','SMS','WHATSAPP') not null,
        situacao_aprovacao enum ('APROVADO','BLOQUEADO','PENDENTE','REPROVADO') not null,
        primary key (id)
    )
2026-09-01T07:23:29.309-03:00 DEBUG 2200 --- [cuida-plus-api] [           main] org.hibernate.SQL                        : 
    create table registro_atendimento (
        data_atendimento date not null,
        dentro_janela_permitida boolean not null,
        horario_fim_previsto time(6) not null,
        horario_inicio_previsto time(6) not null,
        latitude float(53) not null,
        longitude float(53) not null,
        precisao float(53) not null,
        atualizado_em timestamp(6) with time zone not null,
        criado_em timestamp(6) with time zone not null,
        janela_permitida_fim timestamp(6) with time zone not null,
        janela_permitida_inicio timestamp(6) with time zone not null,
        localizacao_capturada_em timestamp(6) with time zone not null,
        registrado_em timestamp(6) with time zone not null,
        contratacao_id uuid not null,
        cuidador_id uuid not null,
        id uuid not null,
        pessoa_assistida_id uuid not null,
        responsavel_id uuid not null,
        fuso_dispositivo varchar(80) not null,
        endereco_registrado varchar(500),
        tipo_registro enum ('END','START') not null,
        primary key (id),
        constraint uk_service_attendance_contract_date_type unique (contratacao_id, data_atendimento, tipo_registro)
    )
2026-09-01T07:23:29.311-03:00 DEBUG 2200 --- [cuida-plus-api] [           main] org.hibernate.SQL                        : 
    create table solicitacao_servico_atividade (
        solicitacao_servico_id uuid not null,
        atividade enum ('ALIMENTACAO','ATIVIDADES_DOMESTICAS_LEVES','BANHO','COMPANHIA','CONSULTAS','HIGIENE_PESSOAL','LOCOMOCAO','MEDICACAO_ORIENTADA','MONITORAMENTO_NOTURNO','OUTRO')
    )
2026-09-01T07:23:29.314-03:00 DEBUG 2200 --- [cuida-plus-api] [           main] org.hibernate.SQL                        : 
    create table solicitacao_servico_item_cuidado_copia (
        exige_foto_conclusao boolean not null,
        horario_previsto time(6),
        importante boolean not null,
        intervalo_dias integer,
        intervalo_repeticao_minutos integer,
        lembrar_no_horario_previsto boolean not null,
        lembrete_atraso_habilitado boolean not null,
        lembrete_habilitado boolean,
        minutos_antecedencia_lembrete integer,
        minutos_para_atraso integer,
        notificar_responsavel_se_importante boolean not null,
        ordem_exibicao integer not null,
        repetir_enquanto_pendente boolean not null,
        criado_em timestamp(6) with time zone not null,
        id uuid not null,
        item_rotina_cuidado_original_id uuid,
        rotina_cuidado_original_id uuid not null,
        solicitacao_servico_id uuid not null,
        dosagem_medicamento varchar(80),
        unidade_personalizada_medicamento varchar(80),
        categoria_personalizada varchar(120),
        via_personalizada_medicamento varchar(120),
        titulo varchar(140) not null,
        nome_medicamento varchar(180),
        descricao varchar(1000),
        instrucoes_medicamento varchar(1000),
        anotacoes varchar(2000),
        categoria enum ('ALIMENTACAO','CONSULTA_COMPROMISSO','CURATIVO','EXERCICIO','HIDRATACAO','HIGIENE_BANHO','MEDICACAO','MOBILIDADE','PERSONALIZADA','SINAIS_VITAIS'),
        prioridade enum ('ALTA','BAIXA','NORMAL'),
        tipo_recorrencia enum ('DIARIA','DIAS_ESPECIFICOS','INTERVALO','PERIODO_DETERMINADO','SEM_DATA_FINAL','UNICA'),
        unidade_medicamento enum ('APLICACAO','CAPSULA','COMPRIMIDO','G','GOTAS','MG','ML','PERSONALIZADA'),
        via_administracao_medicamento enum ('INALATORIA','ORAL','OUTRA','SUBCUTANEA','TOPICA'),
        primary key (id)
    )
2026-09-01T07:23:29.316-03:00 DEBUG 2200 --- [cuida-plus-api] [           main] org.hibernate.SQL                        : 
    create table solicitacao_servico_item_cuidado_copia_dia_semana (
        item_copia_id uuid not null,
        dia_semana enum ('DOMINGO','QUARTA','QUINTA','SABADO','SEGUNDA','SEXTA','TERCA')
    )
2026-09-01T07:23:29.317-03:00 DEBUG 2200 --- [cuida-plus-api] [           main] org.hibernate.SQL                        : 
    create table solicitacao_servico_data (
        data_servico date,
        solicitacao_servico_id uuid not null
    )
2026-09-01T07:23:29.318-03:00 DEBUG 2200 --- [cuida-plus-api] [           main] org.hibernate.SQL                        : 
    create table solicitacao_servico_agenda_dia (
        horario_fim time(6),
        horario_inicio time(6),
        solicitacao_servico_id uuid not null,
        dia_semana enum ('DOMINGO','QUARTA','QUINTA','SABADO','SEGUNDA','SEXTA','TERCA')
    )
2026-09-01T07:23:29.319-03:00 DEBUG 2200 --- [cuida-plus-api] [           main] org.hibernate.SQL                        : 
    create table solicitacao_servico (
        data_fim date,
        data_inicio date,
        atualizado_em timestamp(6) with time zone not null,
        cancelado_em timestamp(6) with time zone,
        criado_em timestamp(6) with time zone not null,
        expira_em timestamp(6) with time zone not null,
        id uuid not null,
        oportunidade_origem_id uuid,
        pessoa_assistida_id uuid not null,
        rotina_cuidado_id uuid,
        usuario_cuidador_id uuid,
        usuario_responsavel_id uuid not null,
        usuario_solicitante_id uuid not null,
        nome_rotina_copia varchar(140),
        outra_atividade varchar(500),
        motivo_cancelamento varchar(1000),
        motivo_rejeicao varchar(1000),
        observacoes_negociacao varchar(1000),
        descricao_necessidades varchar(2000) not null,
        observacoes_adicionais varchar(2000),
        iniciado_por enum ('CAREGIVER','RESPONSIBLE') not null,
        status enum ('ABERTA','ACEITA','CANCELADA','EXPIRADA','PENDENTE','REJEITADA') not null,
        tipo_contratacao enum ('PERIODO_DETERMINADO','PERIODO_INDETERMINADO','PONTUAL') not null,
        primary key (id)
    )
2026-09-01T07:23:29.321-03:00 DEBUG 2200 --- [cuida-plus-api] [           main] org.hibernate.SQL                        : 
    create table solicitacao_servico_contratacao_historico_status (
        criado_em timestamp(6) with time zone not null,
        entidade_id uuid not null,
        id uuid not null,
        usuario_alteracao_id uuid,
        novo_status varchar(30) not null,
        status_anterior varchar(30),
        motivo varchar(1000),
        tipo_entidade enum ('CARE_CONTRACT','SERVICE_REQUEST') not null,
        primary key (id)
    )
2026-09-01T07:23:29.322-03:00 DEBUG 2200 --- [cuida-plus-api] [           main] org.hibernate.SQL                        : 
    create table ocorrencia_cuidado (
        data_prevista date not null,
        excecao boolean not null,
        horario_previsto time(6) not null,
        marcada_nao_realizada_automaticamente boolean not null,
        atualizado_em timestamp(6) with time zone not null,
        cancelado_em timestamp(6) with time zone,
        concluido_em timestamp(6) with time zone,
        criado_em timestamp(6) with time zone not null,
        instante_previsto_utc timestamp(6) with time zone not null,
        status_atualizado_em timestamp(6) with time zone,
        versao bigint not null,
        contratacao_id uuid not null,
        id uuid not null,
        pessoa_assistida_id uuid not null,
        tarefa_id uuid not null,
        usuario_cuidador_id uuid not null,
        usuario_executor_id uuid,
        fuso_horario varchar(80) not null,
        anotacao_execucao varchar(1000),
        motivo_nao_realizacao varchar(1000),
        status enum ('ATRASADA','CANCELADA','CONCLUIDA','NAO_REALIZADA','PENDENTE') not null,
        primary key (id),
        constraint uk_task_occurrence_schedule unique (tarefa_id, data_prevista, horario_previsto)
    )
2026-09-01T07:23:29.324-03:00 DEBUG 2200 --- [cuida-plus-api] [           main] org.hibernate.SQL                        : 
    create table notificacao_preferencia (
        habilitado boolean not null,
        atualizado_em timestamp(6) with time zone not null,
        criado_em timestamp(6) with time zone not null,
        id uuid not null,
        usuario_id uuid not null,
        tipo_notificacao enum ('ATTENDANCE_REPORT_AVAILABLE','CARE_OCCURRENCE_COMPLETED','CARE_OCCURRENCE_NOT_DONE','CARE_OCCURRENCE_OVERDUE','CARE_OCCURRENCE_REMINDER','CARE_OCCURRENCE_RESPONSIBLE_ALERT','CARE_TASK_CANCELED','CARE_TASK_CREATED','CARE_TASK_NOT_DONE','CARE_TASK_OVERDUE','CARE_TASK_REMINDER','CARE_TASK_RESPONSIBLE_ALERT','CONTRACT_AUTOMATICALLY_TERMINATED','CONTRACT_CANCELED_BEFORE_START','CONTRACT_TERMINATED','CONTRACT_TERMINATION_SCHEDULED','SERVICE_ATTENDANCE_ENDED','SERVICE_ATTENDANCE_STARTED','SERVICE_OPPORTUNITY_APPLICATION_ACCEPTED','SERVICE_OPPORTUNITY_APPLICATION_CREATED','SERVICE_OPPORTUNITY_APPLICATION_REJECTED','SERVICE_PUBLICATION_CANCELED','SERVICE_PUBLICATION_CREATED','SERVICE_PUBLICATION_EXPIRED','SERVICE_PUBLICATION_STATUS_UPDATED','SERVICE_REQUEST_ACCEPTED','SERVICE_REQUEST_CANCELED','SERVICE_REQUEST_CREATED','SERVICE_REQUEST_EXPIRED','SERVICE_REQUEST_REJECTED','TASK_OCCURRENCE_COMPLETED','TASK_OCCURRENCE_NOT_COMPLETED') not null,
        primary key (id),
        constraint uk_user_notification_preferences unique (usuario_id, tipo_notificacao)
    )
2026-09-01T07:23:29.327-03:00 DEBUG 2200 --- [cuida-plus-api] [           main] org.hibernate.SQL                        : 
    create table usuario (
        data_nascimento date not null,
        atualizado_em timestamp(6) with time zone not null,
        bloqueado_em timestamp(6) with time zone,
        criado_em timestamp(6) with time zone not null,
        desbloqueado_em timestamp(6) with time zone,
        ultimo_login_em timestamp(6) with time zone,
        cpf varchar(11) not null,
        bloqueado_por_usuario_id uuid,
        desbloqueado_por_usuario_id uuid,
        id uuid not null,
        telefone varchar(20),
        nome_completo varchar(140) not null,
        email varchar(180) not null,
        url_foto_perfil varchar(500),
        motivo_bloqueio varchar(1000),
        senha_hash varchar(255) not null,
        situacao_conta enum ('ATIVO','BLOQUEADO','INATIVO') not null,
        tipo_usuario enum ('ADMIN','CAREGIVER','CUIDADOR','FAMILY','RESPONSAVEL') not null,
        primary key (id),
        constraint uk_users_email unique (email),
        constraint uk_users_cpf unique (cpf)
    )
2026-09-01T07:23:29.331-03:00 DEBUG 2200 --- [cuida-plus-api] [           main] org.hibernate.SQL                        : 
    alter table if exists pessoa_assistida_alergia 
       add constraint FKj1ootx19p3j6f85rk08oepvx2 
       foreign key (pessoa_assistida_id) 
       references pessoa_assistida
2026-09-01T07:23:29.347-03:00 DEBUG 2200 --- [cuida-plus-api] [           main] org.hibernate.SQL                        : 
    alter table if exists pessoa_assistida_restricao_alimentar 
       add constraint FKheflbhehd5routldygklh12lu 
       foreign key (pessoa_assistida_id) 
       references pessoa_assistida
2026-09-01T07:23:29.348-03:00 DEBUG 2200 --- [cuida-plus-api] [           main] org.hibernate.SQL                        : 
    alter table if exists pessoa_assistida 
       add constraint FKn1grktvg0hbq6f4mnthf9dbse 
       foreign key (usuario_responsavel_id) 
       references usuario
2026-09-01T07:23:29.350-03:00 DEBUG 2200 --- [cuida-plus-api] [           main] org.hibernate.SQL                        : 
    alter table if exists relatorio_atendimento 
       add constraint FK410o596fgdjou6vyx0uladri8 
       foreign key (pessoa_assistida_id) 
       references pessoa_assistida
2026-09-01T07:23:29.351-03:00 DEBUG 2200 --- [cuida-plus-api] [           main] org.hibernate.SQL                        : 
    alter table if exists relatorio_atendimento 
       add constraint FKroyelef2nxoux4kwkgle7lcn8 
       foreign key (cuidador_id) 
       references usuario
2026-09-01T07:23:29.353-03:00 DEBUG 2200 --- [cuida-plus-api] [           main] org.hibernate.SQL                        : 
    alter table if exists relatorio_atendimento 
       add constraint FKwxlxfmpdjrtcyww78b0a95hy 
       foreign key (contratacao_id) 
       references contratacao
2026-09-01T07:23:29.354-03:00 DEBUG 2200 --- [cuida-plus-api] [           main] org.hibernate.SQL                        : 
    alter table if exists relatorio_atendimento 
       add constraint FKf5wg7eou7q9gm9c6yxvb2xf9q 
       foreign key (registro_fim_atendimento_id) 
       references registro_atendimento
2026-09-01T07:23:29.356-03:00 DEBUG 2200 --- [cuida-plus-api] [           main] org.hibernate.SQL                        : 
    alter table if exists relatorio_atendimento 
       add constraint FK8thck632i4dy50xwp90a81tih 
       foreign key (responsavel_id) 
       references usuario
2026-09-01T07:23:29.357-03:00 DEBUG 2200 --- [cuida-plus-api] [           main] org.hibernate.SQL                        : 
    alter table if exists relatorio_atendimento 
       add constraint FKjy6rgqu4lchlcobepqpufrqn8 
       foreign key (registro_inicio_atendimento_id) 
       references registro_atendimento
2026-09-01T07:23:29.359-03:00 DEBUG 2200 --- [cuida-plus-api] [           main] org.hibernate.SQL                        : 
    alter table if exists registro_diario_cuidado 
       add constraint FKka1n708ejv575x253g93e25q0 
       foreign key (pessoa_assistida_id) 
       references pessoa_assistida
2026-09-01T07:23:29.361-03:00 DEBUG 2200 --- [cuida-plus-api] [           main] org.hibernate.SQL                        : 
    alter table if exists registro_diario_cuidado 
       add constraint FK3n32159h0hx2td51kxqnqcpx3 
       foreign key (usuario_cuidador_id) 
       references usuario
2026-09-01T07:23:29.363-03:00 DEBUG 2200 --- [cuida-plus-api] [           main] org.hibernate.SQL                        : 
    alter table if exists registro_diario_cuidado 
       add constraint FK75j28ev9hgywwntjw040uhppt 
       foreign key (contratacao_id) 
       references contratacao
2026-09-01T07:23:29.365-03:00 DEBUG 2200 --- [cuida-plus-api] [           main] org.hibernate.SQL                        : 
    alter table if exists registro_diario_cuidado 
       add constraint FK5hlmekcad486irq0hjwpe2uae 
       foreign key (usuario_criacao_id) 
       references usuario
2026-09-01T07:23:29.367-03:00 DEBUG 2200 --- [cuida-plus-api] [           main] org.hibernate.SQL                        : 
    alter table if exists registro_diario_cuidado 
       add constraint FKk2j97qpa3mr3uj7sxyh91rlo0 
       foreign key (ocorrencia_id) 
       references ocorrencia_cuidado
2026-09-01T07:23:29.368-03:00 DEBUG 2200 --- [cuida-plus-api] [           main] org.hibernate.SQL                        : 
    alter table if exists registro_diario_cuidado 
       add constraint FKlf0243gtda00fbtel14nbuodk 
       foreign key (usuario_responsavel_id) 
       references usuario
2026-09-01T07:23:29.369-03:00 DEBUG 2200 --- [cuida-plus-api] [           main] org.hibernate.SQL                        : 
    alter table if exists contratacao 
       add constraint FKpxbof8c42mpojl06sc1juukr6 
       foreign key (pessoa_assistida_id) 
       references pessoa_assistida
2026-09-01T07:23:29.371-03:00 DEBUG 2200 --- [cuida-plus-api] [           main] org.hibernate.SQL                        : 
    alter table if exists contratacao 
       add constraint FKjvrltd6hv31jtdiyy6vcnxcic 
       foreign key (usuario_solicitante_cancelamento_id) 
       references usuario
2026-09-01T07:23:29.372-03:00 DEBUG 2200 --- [cuida-plus-api] [           main] org.hibernate.SQL                        : 
    alter table if exists contratacao 
       add constraint FKhhcsuj2pw0t2ebyy15w0ltro9 
       foreign key (usuario_cuidador_id) 
       references usuario
2026-09-01T07:23:29.373-03:00 DEBUG 2200 --- [cuida-plus-api] [           main] org.hibernate.SQL                        : 
    alter table if exists contratacao 
       add constraint FK85ehkorxh8xhfdun6bav5lkya 
       foreign key (usuario_responsavel_id) 
       references usuario
2026-09-01T07:23:29.375-03:00 DEBUG 2200 --- [cuida-plus-api] [           main] org.hibernate.SQL                        : 
    alter table if exists contratacao 
       add constraint FKpevnus7f0kwbpxyqwir68nt7f 
       foreign key (solicitacao_servico_id) 
       references solicitacao_servico
2026-09-01T07:23:29.376-03:00 DEBUG 2200 --- [cuida-plus-api] [           main] org.hibernate.SQL                        : 
    alter table if exists contratacao 
       add constraint FK19qkdu5lvgvn2kteo9u7bkua1 
       foreign key (usuario_solicitante_encerramento_id) 
       references usuario
2026-09-01T07:23:29.377-03:00 DEBUG 2200 --- [cuida-plus-api] [           main] org.hibernate.SQL                        : 
    alter table if exists ocorrencia_cuidado_foto 
       add constraint FK7wao6gdtyxqxp5xei0g9qexvj 
       foreign key (registro_atividade_id) 
       references registro_diario_cuidado
2026-09-01T07:23:29.381-03:00 DEBUG 2200 --- [cuida-plus-api] [           main] org.hibernate.SQL                        : 
    alter table if exists ocorrencia_cuidado_foto 
       add constraint FKrr0wmpocjami25t68gonm60xv 
       foreign key (ocorrencia_id) 
       references ocorrencia_cuidado
2026-09-01T07:23:29.383-03:00 DEBUG 2200 --- [cuida-plus-api] [           main] org.hibernate.SQL                        : 
    alter table if exists ocorrencia_cuidado_foto 
       add constraint FKf5g6rv4tag6ls527tegs5woa0 
       foreign key (usuario_envio_id) 
       references usuario
2026-09-01T07:23:29.385-03:00 DEBUG 2200 --- [cuida-plus-api] [           main] org.hibernate.SQL                        : 
    alter table if exists rotina_cuidado_item_dia_semana 
       add constraint FK2xy0rphrun3p5ctwt60o1mo1c 
       foreign key (item_rotina_cuidado_id) 
       references rotina_cuidado_item
2026-09-01T07:23:29.387-03:00 DEBUG 2200 --- [cuida-plus-api] [           main] org.hibernate.SQL                        : 
    alter table if exists rotina_cuidado_item 
       add constraint FK1rn00p69yc67i5mpb6qsc60gk 
       foreign key (rotina_cuidado_id) 
       references rotina_cuidado
2026-09-01T07:23:29.389-03:00 DEBUG 2200 --- [cuida-plus-api] [           main] org.hibernate.SQL                        : 
    alter table if exists rotina_cuidado 
       add constraint FKnflvlt0iuftjgc31nin15lb0k 
       foreign key (pessoa_assistida_id) 
       references pessoa_assistida
2026-09-01T07:23:29.390-03:00 DEBUG 2200 --- [cuida-plus-api] [           main] org.hibernate.SQL                        : 
    alter table if exists rotina_cuidado 
       add constraint FKfediow3eboefa5uk4i6atvcl2 
       foreign key (usuario_responsavel_id) 
       references usuario
2026-09-01T07:23:29.391-03:00 DEBUG 2200 --- [cuida-plus-api] [           main] org.hibernate.SQL                        : 
    alter table if exists tarefa_cuidado_auditoria 
       add constraint FK4il2egis6h1sgbpw51i5e93e7 
       foreign key (usuario_ator_id) 
       references usuario
2026-09-01T07:23:29.393-03:00 DEBUG 2200 --- [cuida-plus-api] [           main] org.hibernate.SQL                        : 
    alter table if exists tarefa_cuidado_auditoria 
       add constraint FK596fkks99aoxosqb77nt60njs 
       foreign key (ocorrencia_id) 
       references ocorrencia_cuidado
2026-09-01T07:23:29.397-03:00 DEBUG 2200 --- [cuida-plus-api] [           main] org.hibernate.SQL                        : 
    alter table if exists tarefa_cuidado_auditoria 
       add constraint FKshib81y88fs33ntnplyk8a3ti 
       foreign key (tarefa_id) 
       references tarefa_cuidado
2026-09-01T07:23:29.400-03:00 DEBUG 2200 --- [cuida-plus-api] [           main] org.hibernate.SQL                        : 
    alter table if exists ocorrencia_cuidado_lembrete 
       add constraint FKnogc4r046qb04hru0fmmf3uhn 
       foreign key (ocorrencia_id) 
       references ocorrencia_cuidado
2026-09-01T07:23:29.403-03:00 DEBUG 2200 --- [cuida-plus-api] [           main] org.hibernate.SQL                        : 
    alter table if exists ocorrencia_cuidado_lembrete 
       add constraint FKncs3g643m95hyrdrcldndxxv0 
       foreign key (usuario_destinatario_id) 
       references usuario
2026-09-01T07:23:29.406-03:00 DEBUG 2200 --- [cuida-plus-api] [           main] org.hibernate.SQL                        : 
    alter table if exists tarefa_cuidado_dia_semana 
       add constraint FKcymuj1ajec4ni3tj15tvmprfn 
       foreign key (tarefa_id) 
       references tarefa_cuidado
2026-09-01T07:23:29.408-03:00 DEBUG 2200 --- [cuida-plus-api] [           main] org.hibernate.SQL                        : 
    alter table if exists tarefa_cuidado 
       add constraint FKdrh40qxaeuwe6yfy2fp1ng0jn 
       foreign key (pessoa_assistida_id) 
       references pessoa_assistida
2026-09-01T07:23:29.409-03:00 DEBUG 2200 --- [cuida-plus-api] [           main] org.hibernate.SQL                        : 
    alter table if exists tarefa_cuidado 
       add constraint FK2odvgmk7b83qko1jke9h5p3et 
       foreign key (cuidador_executor_id) 
       references usuario
2026-09-01T07:23:29.410-03:00 DEBUG 2200 --- [cuida-plus-api] [           main] org.hibernate.SQL                        : 
    alter table if exists tarefa_cuidado 
       add constraint FKja57p6pp3g5pu2cbir72spg82 
       foreign key (contratacao_id) 
       references contratacao
2026-09-01T07:23:29.411-03:00 DEBUG 2200 --- [cuida-plus-api] [           main] org.hibernate.SQL                        : 
    alter table if exists tarefa_cuidado 
       add constraint FKq9n81qcp4gqdudl0cfv3hyb4p 
       foreign key (usuario_criacao_id) 
       references usuario
2026-09-01T07:23:29.414-03:00 DEBUG 2200 --- [cuida-plus-api] [           main] org.hibernate.SQL                        : 
    alter table if exists tarefa_cuidado 
       add constraint FKrdx95ul6h60ce23srwtyor0wm 
       foreign key (tarefa_duplicada_de_id) 
       references tarefa_cuidado
2026-09-01T07:23:29.415-03:00 DEBUG 2200 --- [cuida-plus-api] [           main] org.hibernate.SQL                        : 
    alter table if exists tarefa_cuidado 
       add constraint FK7w1jw3c2s3rnbnu47q9egvy3e 
       foreign key (serie_anterior_id) 
       references tarefa_cuidado
2026-09-01T07:23:29.416-03:00 DEBUG 2200 --- [cuida-plus-api] [           main] org.hibernate.SQL                        : 
    alter table if exists tarefa_cuidado 
       add constraint FK64bwfpf1g9d79qu1mhjl67334 
       foreign key (responsavel_criador_id) 
       references usuario
2026-09-01T07:23:29.417-03:00 DEBUG 2200 --- [cuida-plus-api] [           main] org.hibernate.SQL                        : 
    alter table if exists tarefa_cuidado 
       add constraint FKqpjbxjh7gkbcjn808l17rfysf 
       foreign key (item_copia_origem_id) 
       references solicitacao_servico_item_cuidado_copia
2026-09-01T07:23:29.418-03:00 DEBUG 2200 --- [cuida-plus-api] [           main] org.hibernate.SQL                        : 
    alter table if exists tarefa_cuidado 
       add constraint FK5sscbqrmseew19tpgogxuh9xp 
       foreign key (usuario_atualizacao_id) 
       references usuario
2026-09-01T07:23:29.420-03:00 DEBUG 2200 --- [cuida-plus-api] [           main] org.hibernate.SQL                        : 
    alter table if exists cuidador_disponibilidade_dia 
       add constraint FK5tqjapymm7ngoqf4xqq1o4bi8 
       foreign key (perfil_cuidador_id) 
       references cuidador
2026-09-01T07:23:29.421-03:00 DEBUG 2200 --- [cuida-plus-api] [           main] org.hibernate.SQL                        : 
    alter table if exists cuidador_disponibilidade_periodo 
       add constraint FKdnngl0w3fq8e843ivu2jkoe0t 
       foreign key (perfil_cuidador_id) 
       references cuidador
2026-09-01T07:23:29.422-03:00 DEBUG 2200 --- [cuida-plus-api] [           main] org.hibernate.SQL                        : 
    alter table if exists cuidador_formacao 
       add constraint FKnto4t5mrti8lprbk4559ydfpj 
       foreign key (perfil_cuidador_id) 
       references cuidador
2026-09-01T07:23:29.424-03:00 DEBUG 2200 --- [cuida-plus-api] [           main] org.hibernate.SQL                        : 
    alter table if exists cuidador_modalidade 
       add constraint FKmvgiy1fro8r8a16r5e2mnvhaa 
       foreign key (perfil_cuidador_id) 
       references cuidador
2026-09-01T07:23:29.425-03:00 DEBUG 2200 --- [cuida-plus-api] [           main] org.hibernate.SQL                        : 
    alter table if exists cuidador 
       add constraint FKhr52nml55c8jscj7id7g7ue4c 
       foreign key (usuario_id) 
       references usuario
2026-09-01T07:23:29.426-03:00 DEBUG 2200 --- [cuida-plus-api] [           main] org.hibernate.SQL                        : 
    alter table if exists cuidador_servico 
       add constraint FKbvxui3lqfstmvpfvjq6xhciym 
       foreign key (perfil_cuidador_id) 
       references cuidador
2026-09-01T07:23:29.428-03:00 DEBUG 2200 --- [cuida-plus-api] [           main] org.hibernate.SQL                        : 
    alter table if exists cuidador_historico_situacao 
       add constraint FKf2ovfx7ss22yfrnafud2gxkj 
       foreign key (usuario_administrador_id) 
       references usuario
2026-09-01T07:23:29.430-03:00 DEBUG 2200 --- [cuida-plus-api] [           main] org.hibernate.SQL                        : 
    alter table if exists cuidador_historico_situacao 
       add constraint FKe8regth3jqkx984urpb7jxwjw 
       foreign key (cuidador_id) 
       references cuidador
2026-09-01T07:23:29.431-03:00 DEBUG 2200 --- [cuida-plus-api] [           main] org.hibernate.SQL                        : 
    alter table if exists pessoa_assistida_contato_emergencia 
       add constraint FKkc4yvodasseasclo2ejnfqmdp 
       foreign key (pessoa_assistida_id) 
       references pessoa_assistida
2026-09-01T07:23:29.433-03:00 DEBUG 2200 --- [cuida-plus-api] [           main] org.hibernate.SQL                        : 
    alter table if exists notificacao 
       add constraint FK6bu26h4k81gpcowhgnaydm8kn 
       foreign key (usuario_destinatario_id) 
       references usuario
2026-09-01T07:23:29.434-03:00 DEBUG 2200 --- [cuida-plus-api] [           main] org.hibernate.SQL                        : 
    alter table if exists usuario_token_redefinicao_senha 
       add constraint FKk6jd8yjkakv0btkrosfgf36y9 
       foreign key (usuario_id) 
       references usuario
2026-09-01T07:23:29.435-03:00 DEBUG 2200 --- [cuida-plus-api] [           main] org.hibernate.SQL                        : 
    alter table if exists responsavel_historico_situacao 
       add constraint FKssjvge39e4i7qrwffnb77jvav 
       foreign key (usuario_administrador_id) 
       references usuario
2026-09-01T07:23:29.436-03:00 DEBUG 2200 --- [cuida-plus-api] [           main] org.hibernate.SQL                        : 
    alter table if exists responsavel_historico_situacao 
       add constraint FKctop0gcgspqc2tp8sxm9y1v7r 
       foreign key (responsavel_id) 
       references responsavel
2026-09-01T07:23:29.437-03:00 DEBUG 2200 --- [cuida-plus-api] [           main] org.hibernate.SQL                        : 
    alter table if exists responsavel 
       add constraint FKng7cjus0cg1qdgacjamsgt9wy 
       foreign key (usuario_id) 
       references usuario
2026-09-01T07:23:29.438-03:00 DEBUG 2200 --- [cuida-plus-api] [           main] org.hibernate.SQL                        : 
    alter table if exists registro_atendimento 
       add constraint FK5ly0fne0taqo351l4fkjea8p1 
       foreign key (pessoa_assistida_id) 
       references pessoa_assistida
2026-09-01T07:23:29.439-03:00 DEBUG 2200 --- [cuida-plus-api] [           main] org.hibernate.SQL                        : 
    alter table if exists registro_atendimento 
       add constraint FKgyyhp5snrtfhildi6uii72fhl 
       foreign key (cuidador_id) 
       references usuario
2026-09-01T07:23:29.441-03:00 DEBUG 2200 --- [cuida-plus-api] [           main] org.hibernate.SQL                        : 
    alter table if exists registro_atendimento 
       add constraint FKpprcpdcp164ub4upw7ljpbj13 
       foreign key (contratacao_id) 
       references contratacao
2026-09-01T07:23:29.442-03:00 DEBUG 2200 --- [cuida-plus-api] [           main] org.hibernate.SQL                        : 
    alter table if exists registro_atendimento 
       add constraint FKq2vxfr501hum0jl7408eui8t 
       foreign key (responsavel_id) 
       references usuario
2026-09-01T07:23:29.443-03:00 DEBUG 2200 --- [cuida-plus-api] [           main] org.hibernate.SQL                        : 
    alter table if exists solicitacao_servico_atividade 
       add constraint FKle2f5b0ul4bmfn4uu40s9r6ps 
       foreign key (solicitacao_servico_id) 
       references solicitacao_servico
2026-09-01T07:23:29.444-03:00 DEBUG 2200 --- [cuida-plus-api] [           main] org.hibernate.SQL                        : 
    alter table if exists solicitacao_servico_item_cuidado_copia 
       add constraint FKp5lf55mu080iqhwojeicrknw7 
       foreign key (rotina_cuidado_original_id) 
       references rotina_cuidado
2026-09-01T07:23:29.445-03:00 DEBUG 2200 --- [cuida-plus-api] [           main] org.hibernate.SQL                        : 
    alter table if exists solicitacao_servico_item_cuidado_copia 
       add constraint FKrubgfp4cdf511raaqb0yd5fvb 
       foreign key (item_rotina_cuidado_original_id) 
       references rotina_cuidado_item
2026-09-01T07:23:29.448-03:00 DEBUG 2200 --- [cuida-plus-api] [           main] org.hibernate.SQL                        : 
    alter table if exists solicitacao_servico_item_cuidado_copia 
       add constraint FK6ubm4onnefx08y0o2tlhawk4s 
       foreign key (solicitacao_servico_id) 
       references solicitacao_servico
2026-09-01T07:23:29.449-03:00 DEBUG 2200 --- [cuida-plus-api] [           main] org.hibernate.SQL                        : 
    alter table if exists solicitacao_servico_item_cuidado_copia_dia_semana 
       add constraint FKoxq5e9e02dcroq3mb9hncc6ol 
       foreign key (item_copia_id) 
       references solicitacao_servico_item_cuidado_copia
2026-09-01T07:23:29.450-03:00 DEBUG 2200 --- [cuida-plus-api] [           main] org.hibernate.SQL                        : 
    alter table if exists solicitacao_servico_data 
       add constraint FK3q7um43mla6rx8onlkjffr4a4 
       foreign key (solicitacao_servico_id) 
       references solicitacao_servico
2026-09-01T07:23:29.451-03:00 DEBUG 2200 --- [cuida-plus-api] [           main] org.hibernate.SQL                        : 
    alter table if exists solicitacao_servico_agenda_dia 
       add constraint FK9crk7fvpu0bqh3illiofe3c4o 
       foreign key (solicitacao_servico_id) 
       references solicitacao_servico
2026-09-01T07:23:29.452-03:00 DEBUG 2200 --- [cuida-plus-api] [           main] org.hibernate.SQL                        : 
    alter table if exists solicitacao_servico 
       add constraint FKpdf06uwcecayfnb5mv9o8b2cf 
       foreign key (pessoa_assistida_id) 
       references pessoa_assistida
2026-09-01T07:23:29.453-03:00 DEBUG 2200 --- [cuida-plus-api] [           main] org.hibernate.SQL                        : 
    alter table if exists solicitacao_servico 
       add constraint FK8jpqpn7jdcsv3ivl91t1ce45h 
       foreign key (rotina_cuidado_id) 
       references rotina_cuidado
2026-09-01T07:23:29.454-03:00 DEBUG 2200 --- [cuida-plus-api] [           main] org.hibernate.SQL                        : 
    alter table if exists solicitacao_servico 
       add constraint FK7rdvfpxg60r7m4ce3r4ps3ix1 
       foreign key (usuario_cuidador_id) 
       references usuario
2026-09-01T07:23:29.457-03:00 DEBUG 2200 --- [cuida-plus-api] [           main] org.hibernate.SQL                        : 
    alter table if exists solicitacao_servico 
       add constraint FKq8rdlv0gls526tcuiiowgghss 
       foreign key (usuario_solicitante_id) 
       references usuario
2026-09-01T07:23:29.459-03:00 DEBUG 2200 --- [cuida-plus-api] [           main] org.hibernate.SQL                        : 
    alter table if exists solicitacao_servico 
       add constraint FK9bs1ldmvuy0cs0c8onm7949mn 
       foreign key (usuario_responsavel_id) 
       references usuario
2026-09-01T07:23:29.461-03:00 DEBUG 2200 --- [cuida-plus-api] [           main] org.hibernate.SQL                        : 
    alter table if exists solicitacao_servico 
       add constraint FKpwjb5ve18vejkdsfv2k2dm9oe 
       foreign key (oportunidade_origem_id) 
       references solicitacao_servico
2026-09-01T07:23:29.463-03:00 DEBUG 2200 --- [cuida-plus-api] [           main] org.hibernate.SQL                        : 
    alter table if exists solicitacao_servico_contratacao_historico_status 
       add constraint FKn6s200vlj7932dqgu6hkqkd8t 
       foreign key (usuario_alteracao_id) 
       references usuario
2026-09-01T07:23:29.464-03:00 DEBUG 2200 --- [cuida-plus-api] [           main] org.hibernate.SQL                        : 
    alter table if exists ocorrencia_cuidado 
       add constraint FK2fwns1qno3yf850v5lxjg2pmv 
       foreign key (pessoa_assistida_id) 
       references pessoa_assistida
2026-09-01T07:23:29.465-03:00 DEBUG 2200 --- [cuida-plus-api] [           main] org.hibernate.SQL                        : 
    alter table if exists ocorrencia_cuidado 
       add constraint FK67ekm4pri9bwoit9eplbhunmw 
       foreign key (usuario_cuidador_id) 
       references usuario
2026-09-01T07:23:29.467-03:00 DEBUG 2200 --- [cuida-plus-api] [           main] org.hibernate.SQL                        : 
    alter table if exists ocorrencia_cuidado 
       add constraint FKc25mb5qiarha7byhrrl726s41 
       foreign key (contratacao_id) 
       references contratacao
2026-09-01T07:23:29.468-03:00 DEBUG 2200 --- [cuida-plus-api] [           main] org.hibernate.SQL                        : 
    alter table if exists ocorrencia_cuidado 
       add constraint FK9fih3n2h7i085dwrtc85w63l6 
       foreign key (usuario_executor_id) 
       references usuario
2026-09-01T07:23:29.469-03:00 DEBUG 2200 --- [cuida-plus-api] [           main] org.hibernate.SQL                        : 
    alter table if exists ocorrencia_cuidado 
       add constraint FK8bg6e3189k95tnk4v0l9bhuug 
       foreign key (tarefa_id) 
       references tarefa_cuidado
2026-09-01T07:23:29.470-03:00 DEBUG 2200 --- [cuida-plus-api] [           main] org.hibernate.SQL                        : 
    alter table if exists notificacao_preferencia 
       add constraint FKb44vcc6uso9rxb62yw8vn3u3d 
       foreign key (usuario_id) 
       references usuario
2026-09-01T07:23:29.477-03:00  INFO 2200 --- [cuida-plus-api] [           main] j.LocalContainerEntityManagerFactoryBean : Initialized JPA EntityManagerFactory for persistence unit 'default'
2026-09-01T07:23:29.853-03:00  INFO 2200 --- [cuida-plus-api] [           main] o.s.d.j.r.query.QueryEnhancerFactory     : Hibernate is in classpath; If applicable, HQL parser will be used.
2026-09-01T07:23:31.783-03:00 DEBUG 2200 --- [cuida-plus-api] [           main] ySourcesPropertyResolver$DefaultResolver : Found key 'JWT_SECRET' in PropertySource 'Inlined Test Properties' with value of type String
2026-09-01T07:23:32.333-03:00  WARN 2200 --- [cuida-plus-api] [           main] .s.s.UserDetailsServiceAutoConfiguration : 

Using generated security password: 51696e6b-61e9-492d-ae7d-2bc6ba59ff5e

This generated password is for development use only. Your security configuration must be updated before running your application in production.

2026-09-01T07:23:32.345-03:00  INFO 2200 --- [cuida-plus-api] [           main] r$InitializeUserDetailsManagerConfigurer : Global AuthenticationManager configured with UserDetailsService bean with name inMemoryUserDetailsManager
2026-09-01T07:23:32.627-03:00 DEBUG 2200 --- [cuida-plus-api] [           main] s.w.s.m.m.a.RequestMappingHandlerMapping : 132 mappings in 'requestMappingHandlerMapping'
2026-09-01T07:23:32.721-03:00 DEBUG 2200 --- [cuida-plus-api] [           main] o.s.w.s.handler.SimpleUrlHandlerMapping  : Patterns [/webjars/**, /**] in 'resourceHandlerMapping'
2026-09-01T07:23:33.050-03:00 DEBUG 2200 --- [cuida-plus-api] [           main] s.w.s.m.m.a.RequestMappingHandlerAdapter : ControllerAdvice beans: 0 @ModelAttribute, 0 @InitBinder, 1 RequestBodyAdvice, 1 ResponseBodyAdvice
2026-09-01T07:23:33.121-03:00 DEBUG 2200 --- [cuida-plus-api] [           main] .m.m.a.ExceptionHandlerExceptionResolver : ControllerAdvice beans: 1 @ExceptionHandler, 1 ResponseBodyAdvice
2026-09-01T07:23:33.272-03:00 DEBUG 2200 --- [cuida-plus-api] [           main] ySourcesPropertyResolver$DefaultResolver : Found key 'EMAIL_HOST' in PropertySource 'systemEnvironment' with value of type String
2026-09-01T07:23:33.272-03:00 DEBUG 2200 --- [cuida-plus-api] [           main] ySourcesPropertyResolver$DefaultResolver : Found key 'EMAIL_SENHA' in PropertySource 'systemEnvironment' with value of type String
2026-09-01T07:23:33.274-03:00 DEBUG 2200 --- [cuida-plus-api] [           main] ySourcesPropertyResolver$DefaultResolver : Found key 'EMAIL_LOGIN' in PropertySource 'systemEnvironment' with value of type String
2026-09-01T07:23:33.350-03:00 DEBUG 2200 --- [cuida-plus-api] [           main] o.s.b.w.s.ServletContextInitializerBeans : Mapping filters: springSecurityFilterChain urls=[/*] order=-100, characterEncodingFilter urls=[/*] order=-2147483648, formContentFilter urls=[/*] order=-9900, requestContextFilter urls=[/*] order=-105, jwtAuthenticationFilter urls=[/*] order=2147483647
2026-09-01T07:23:33.351-03:00 DEBUG 2200 --- [cuida-plus-api] [           main] o.s.b.w.s.ServletContextInitializerBeans : Mapping servlets: 
2026-09-01T07:23:33.380-03:00 DEBUG 2200 --- [cuida-plus-api] [           main] s.b.w.s.f.OrderedCharacterEncodingFilter : Filter 'characterEncodingFilter' configured for use
2026-09-01T07:23:33.381-03:00 DEBUG 2200 --- [cuida-plus-api] [           main] o.s.b.w.s.f.OrderedFormContentFilter     : Filter 'formContentFilter' configured for use
2026-09-01T07:23:33.381-03:00 DEBUG 2200 --- [cuida-plus-api] [           main] o.s.b.w.s.f.OrderedRequestContextFilter  : Filter 'requestContextFilter' configured for use
2026-09-01T07:23:33.381-03:00 DEBUG 2200 --- [cuida-plus-api] [           main] .DelegatingFilterProxyRegistrationBean$1 : Filter 'springSecurityFilterChain' configured for use
2026-09-01T07:23:33.383-03:00  INFO 2200 --- [cuida-plus-api] [           main] o.s.b.t.m.w.SpringBootMockServletContext : Initializing Spring TestDispatcherServlet ''
2026-09-01T07:23:33.383-03:00  INFO 2200 --- [cuida-plus-api] [           main] o.s.t.web.servlet.TestDispatcherServlet  : Initializing Servlet ''
2026-09-01T07:23:33.384-03:00  INFO 2200 --- [cuida-plus-api] [           main] o.s.t.web.servlet.TestDispatcherServlet  : Completed initialization in 1 ms
2026-09-01T07:23:33.415-03:00 DEBUG 2200 --- [cuida-plus-api] [           main] .s.b.a.l.ConditionEvaluationReportLogger : 


============================
CONDITIONS EVALUATION REPORT
============================


Positive matches:
-----------------

   AopAutoConfiguration matched:
      - @ConditionalOnProperty (spring.aop.auto=true) matched (OnPropertyCondition)

   AopAutoConfiguration.AspectJAutoProxyingConfiguration matched:
      - @ConditionalOnClass found required class 'org.aspectj.weaver.Advice' (OnClassCondition)

   AopAutoConfiguration.AspectJAutoProxyingConfiguration.CglibAutoProxyConfiguration matched:
      - @ConditionalOnProperty (spring.aop.proxy-target-class=true) matched (OnPropertyCondition)

   ApplicationAvailabilityAutoConfiguration#applicationAvailability matched:
      - @ConditionalOnMissingBean (types: org.springframework.boot.availability.ApplicationAvailability; SearchStrategy: all) did not find any beans (OnBeanCondition)

   DataSourceAutoConfiguration matched:
      - @ConditionalOnClass found required classes 'javax.sql.DataSource', 'org.springframework.jdbc.datasource.embedded.EmbeddedDatabaseType' (OnClassCondition)
      - @ConditionalOnMissingBean (types: io.r2dbc.spi.ConnectionFactory; SearchStrategy: all) did not find any beans (OnBeanCondition)

   DataSourceAutoConfiguration.PooledDataSourceConfiguration matched:
      - AnyNestedCondition 1 matched 1 did not; NestedCondition on DataSourceAutoConfiguration.PooledDataSourceCondition.PooledDataSourceAvailable PooledDataSource found supported DataSource; NestedCondition on DataSourceAutoConfiguration.PooledDataSourceCondition.ExplicitType @ConditionalOnProperty (spring.datasource.type) did not find property 'type' (DataSourceAutoConfiguration.PooledDataSourceCondition)
      - @ConditionalOnMissingBean (types: javax.sql.DataSource,javax.sql.XADataSource; SearchStrategy: all) did not find any beans (OnBeanCondition)

   DataSourceAutoConfiguration.PooledDataSourceConfiguration#jdbcConnectionDetails matched:
      - @ConditionalOnMissingBean (types: org.springframework.boot.autoconfigure.jdbc.JdbcConnectionDetails; SearchStrategy: all) did not find any beans (OnBeanCondition)

   DataSourceConfiguration.Hikari matched:
      - @ConditionalOnClass found required class 'com.zaxxer.hikari.HikariDataSource' (OnClassCondition)
      - @ConditionalOnProperty (spring.datasource.type=com.zaxxer.hikari.HikariDataSource) matched (OnPropertyCondition)
      - @ConditionalOnMissingBean (types: javax.sql.DataSource; SearchStrategy: all) did not find any beans (OnBeanCondition)

   DataSourceInitializationConfiguration matched:
      - @ConditionalOnClass found required class 'org.springframework.jdbc.datasource.init.DatabasePopulator' (OnClassCondition)
      - @ConditionalOnSingleCandidate (types: javax.sql.DataSource; SearchStrategy: all) found a single bean 'dataSource'; @ConditionalOnMissingBean (types: org.springframework.boot.autoconfigure.sql.init.SqlDataSourceScriptDatabaseInitializer,org.springframework.boot.autoconfigure.sql.init.SqlR2dbcScriptDatabaseInitializer; SearchStrategy: all) did not find any beans (OnBeanCondition)

   DataSourcePoolMetadataProvidersConfiguration.HikariPoolDataSourceMetadataProviderConfiguration matched:
      - @ConditionalOnClass found required class 'com.zaxxer.hikari.HikariDataSource' (OnClassCondition)

   DataSourceTransactionManagerAutoConfiguration matched:
      - @ConditionalOnClass found required classes 'javax.sql.DataSource', 'org.springframework.jdbc.core.JdbcTemplate', 'org.springframework.transaction.TransactionManager' (OnClassCondition)

   DataSourceTransactionManagerAutoConfiguration.JdbcTransactionManagerConfiguration matched:
      - @ConditionalOnSingleCandidate (types: javax.sql.DataSource; SearchStrategy: all) found a single bean 'dataSource' (OnBeanCondition)

   DispatcherServletAutoConfiguration matched:
      - @ConditionalOnClass found required class 'org.springframework.web.servlet.DispatcherServlet' (OnClassCondition)
      - found 'session' scope (OnWebApplicationCondition)

   DispatcherServletAutoConfiguration.DispatcherServletConfiguration matched:
      - @ConditionalOnClass found required class 'jakarta.servlet.ServletRegistration' (OnClassCondition)
      - Default DispatcherServlet did not find dispatcher servlet beans (DispatcherServletAutoConfiguration.DefaultDispatcherServletCondition)

   DispatcherServletAutoConfiguration.DispatcherServletRegistrationConfiguration matched:
      - @ConditionalOnClass found required class 'jakarta.servlet.ServletRegistration' (OnClassCondition)
      - DispatcherServlet Registration did not find servlet registration bean (DispatcherServletAutoConfiguration.DispatcherServletRegistrationCondition)

   DispatcherServletAutoConfiguration.DispatcherServletRegistrationConfiguration#dispatcherServletRegistration matched:
      - @ConditionalOnBean (names: dispatcherServlet types: org.springframework.web.servlet.DispatcherServlet; SearchStrategy: all) found bean 'dispatcherServlet' (OnBeanCondition)

   ErrorMvcAutoConfiguration matched:
      - @ConditionalOnClass found required classes 'jakarta.servlet.Servlet', 'org.springframework.web.servlet.DispatcherServlet' (OnClassCondition)
      - found 'session' scope (OnWebApplicationCondition)

   ErrorMvcAutoConfiguration#basicErrorController matched:
      - @ConditionalOnMissingBean (types: org.springframework.boot.web.servlet.error.ErrorController; SearchStrategy: current) did not find any beans (OnBeanCondition)

   ErrorMvcAutoConfiguration#errorAttributes matched:
      - @ConditionalOnMissingBean (types: org.springframework.boot.web.servlet.error.ErrorAttributes; SearchStrategy: current) did not find any beans (OnBeanCondition)

   ErrorMvcAutoConfiguration.DefaultErrorViewResolverConfiguration#conventionErrorViewResolver matched:
      - @ConditionalOnBean (types: org.springframework.web.servlet.DispatcherServlet; SearchStrategy: all) found bean 'dispatcherServlet'; @ConditionalOnMissingBean (types: org.springframework.boot.autoconfigure.web.servlet.error.ErrorViewResolver; SearchStrategy: all) did not find any beans (OnBeanCondition)

   ErrorMvcAutoConfiguration.WhitelabelErrorViewConfiguration matched:
      - @ConditionalOnProperty (server.error.whitelabel.enabled) matched (OnPropertyCondition)
      - ErrorTemplate Missing did not find error template view (ErrorMvcAutoConfiguration.ErrorTemplateMissingCondition)

   ErrorMvcAutoConfiguration.WhitelabelErrorViewConfiguration#beanNameViewResolver matched:
      - @ConditionalOnMissingBean (types: org.springframework.web.servlet.view.BeanNameViewResolver; SearchStrategy: all) did not find any beans (OnBeanCondition)

   ErrorMvcAutoConfiguration.WhitelabelErrorViewConfiguration#defaultErrorView matched:
      - @ConditionalOnMissingBean (names: error; SearchStrategy: all) did not find any beans (OnBeanCondition)

   GenericCacheConfiguration matched:
      - Cache org.springframework.boot.autoconfigure.cache.GenericCacheConfiguration automatic cache type (CacheCondition)

   GsonAutoConfiguration matched:
      - @ConditionalOnClass found required class 'com.google.gson.Gson' (OnClassCondition)

   GsonAutoConfiguration#gson matched:
      - @ConditionalOnMissingBean (types: com.google.gson.Gson; SearchStrategy: all) did not find any beans (OnBeanCondition)

   GsonAutoConfiguration#gsonBuilder matched:
[...]
      Did not match:
         - @ConditionalOnProperty (spring.aop.proxy-target-class=false) did not find property 'proxy-target-class' (OnPropertyCondition)

   WebClientAutoConfiguration:
      Did not match:
         - @ConditionalOnClass did not find required class 'org.springframework.web.reactive.function.client.WebClient' (OnClassCondition)

   WebFluxAutoConfiguration:
      Did not match:
         - @ConditionalOnClass did not find required class 'org.springframework.web.reactive.config.WebFluxConfigurer' (OnClassCondition)

   WebMvcAutoConfiguration#hiddenHttpMethodFilter:
      Did not match:
         - @ConditionalOnProperty (spring.mvc.hiddenmethod.filter.enabled) did not find property 'enabled' (OnPropertyCondition)

   WebMvcAutoConfiguration.ProblemDetailsErrorHandlingConfiguration:
      Did not match:
         - @ConditionalOnProperty (spring.mvc.problemdetails.enabled=true) did not find property 'enabled' (OnPropertyCondition)

   WebMvcAutoConfiguration.ResourceChainCustomizerConfiguration:
      Did not match:
         - @ConditionalOnEnabledResourceChain did not find class org.webjars.WebJarAssetLocator (OnEnabledResourceChainCondition)

   WebMvcAutoConfiguration.WebMvcAutoConfigurationAdapter#beanNameViewResolver:
      Did not match:
         - @ConditionalOnMissingBean (types: org.springframework.web.servlet.view.BeanNameViewResolver; SearchStrategy: all) found beans of type 'org.springframework.web.servlet.view.BeanNameViewResolver' beanNameViewResolver (OnBeanCondition)

   WebServiceTemplateAutoConfiguration:
      Did not match:
         - @ConditionalOnClass did not find required class 'org.springframework.oxm.Marshaller' (OnClassCondition)

   WebServicesAutoConfiguration:
      Did not match:
         - @ConditionalOnClass did not find required class 'org.springframework.ws.transport.http.MessageDispatcherServlet' (OnClassCondition)

   WebSessionIdResolverAutoConfiguration:
      Did not match:
         - @ConditionalOnClass did not find required class 'reactor.core.publisher.Mono' (OnClassCondition)

   WebSocketMessagingAutoConfiguration:
      Did not match:
         - @ConditionalOnClass did not find required class 'org.springframework.web.socket.config.annotation.WebSocketMessageBrokerConfigurer' (OnClassCondition)

   WebSocketReactiveAutoConfiguration:
      Did not match:
         - @ConditionalOnWebApplication did not find reactive web application classes (OnWebApplicationCondition)

   WebSocketServletAutoConfiguration.JettyWebSocketConfiguration:
      Did not match:
         - @ConditionalOnClass did not find required class 'org.eclipse.jetty.ee10.websocket.jakarta.server.config.JakartaWebSocketServletContainerInitializer' (OnClassCondition)

   WebSocketServletAutoConfiguration.UndertowWebSocketConfiguration:
      Did not match:
         - @ConditionalOnClass did not find required class 'io.undertow.websockets.jsr.Bootstrap' (OnClassCondition)

   WebTestClientAutoConfiguration:
      Did not match:
         - @ConditionalOnClass did not find required class 'org.springframework.web.reactive.function.client.WebClient' (OnClassCondition)

   XADataSourceAutoConfiguration:
      Did not match:
         - @ConditionalOnBean (types: org.springframework.boot.jdbc.XADataSourceWrapper; SearchStrategy: all) did not find any beans of type org.springframework.boot.jdbc.XADataSourceWrapper (OnBeanCondition)
      Matched:
         - @ConditionalOnClass found required classes 'javax.sql.DataSource', 'jakarta.transaction.TransactionManager', 'org.springframework.jdbc.datasource.embedded.EmbeddedDatabaseType' (OnClassCondition)


Exclusions:
-----------

    None


Unconditional classes:
----------------------

    org.springframework.boot.autoconfigure.context.ConfigurationPropertiesAutoConfiguration

    org.springframework.boot.autoconfigure.ssl.SslAutoConfiguration

    org.springframework.boot.autoconfigure.context.PropertyPlaceholderAutoConfiguration

    org.springframework.boot.autoconfigure.context.LifecycleAutoConfiguration

    org.springframework.boot.autoconfigure.availability.ApplicationAvailabilityAutoConfiguration

    org.springframework.boot.autoconfigure.info.ProjectInfoAutoConfiguration



2026-09-01T07:23:33.520-03:00  INFO 2200 --- [cuida-plus-api] [           main] b.c.c.api.admin.AdminAuthorizationTest   : Started AdminAuthorizationTest in 12.286 seconds (process running for 13.964)
2026-09-01T07:23:33.522-03:00 DEBUG 2200 --- [cuida-plus-api] [           main] o.s.b.a.ApplicationAvailabilityBean      : Application availability state LivenessState changed to CORRECT
2026-09-01T07:23:33.532-03:00 DEBUG 2200 --- [cuida-plus-api] [           main] o.s.b.a.ApplicationAvailabilityBean      : Application availability state ReadinessState changed to ACCEPTING_TRAFFIC
2026-09-01T07:23:33.741-03:00 DEBUG 2200 --- [cuida-plus-api] [           main] org.hibernate.SQL                        : 
    select
        u1_0.id,
        u1_0.situacao_conta,
        u1_0.data_nascimento,
        u1_0.bloqueado_em,
        u1_0.bloqueado_por_usuario_id,
        u1_0.cpf,
        u1_0.criado_em,
        u1_0.desbloqueado_em,
        u1_0.desbloqueado_por_usuario_id,
        u1_0.email,
        u1_0.nome_completo,
        u1_0.motivo_bloqueio,
        u1_0.senha_hash,
        u1_0.telefone,
        u1_0.url_foto_perfil,
        u1_0.ultimo_login_em,
        u1_0.atualizado_em,
        u1_0.tipo_usuario 
    from
        usuario u1_0
2026-09-01T07:23:33.742-03:00 DEBUG 2200 --- [cuida-plus-api] [   scheduling-1] org.hibernate.SQL                        : 
    select
        tr1_0.id,
        tr1_0.cancelado_em,
        tr1_0.criado_em,
        tr1_0.chave_deduplicacao,
        tr1_0.ocorrencia_id,
        tr1_0.usuario_destinatario_id,
        tr1_0.tipo_lembrete,
        tr1_0.previsto_em,
        tr1_0.enviado_em,
        tr1_0.status,
        tr1_0.atualizado_em 
    from
        ocorrencia_cuidado_lembrete tr1_0 
    where
        tr1_0.status=? 
        and tr1_0.previsto_em<=? 
    order by
        tr1_0.previsto_em
2026-09-01T07:23:33.783-03:00 DEBUG 2200 --- [cuida-plus-api] [   scheduling-1] org.hibernate.SQL                        : 
    select
        to1_0.id,
        to1_0.pessoa_assistida_id,
        to1_0.marcada_nao_realizada_automaticamente,
        to1_0.cancelado_em,
        to1_0.usuario_cuidador_id,
        to1_0.concluido_em,
        to1_0.contratacao_id,
        to1_0.criado_em,
        to1_0.excecao,
        to1_0.usuario_executor_id,
        to1_0.anotacao_execucao,
        to1_0.motivo_nao_realizacao,
        to1_0.data_prevista,
        to1_0.instante_previsto_utc,
        to1_0.horario_previsto,
        to1_0.status,
        to1_0.status_atualizado_em,
        to1_0.tarefa_id,
        to1_0.fuso_horario,
        to1_0.atualizado_em,
        to1_0.versao 
    from
        ocorrencia_cuidado to1_0 
    where
        to1_0.status in (?, ?)
2026-09-01T07:23:33.825-03:00 DEBUG 2200 --- [cuida-plus-api] [           main] org.hibernate.SQL                        : 
    insert 
    into
        usuario
        (situacao_conta, data_nascimento, bloqueado_em, bloqueado_por_usuario_id, cpf, criado_em, desbloqueado_em, desbloqueado_por_usuario_id, email, nome_completo, motivo_bloqueio, senha_hash, telefone, url_foto_perfil, ultimo_login_em, atualizado_em, tipo_usuario, id) 
    values
        (?, ?, ?, ?, ?, ?, ?, ?, ?, ?, ?, ?, ?, ?, ?, ?, ?, ?)
2026-09-01T07:23:33.838-03:00 DEBUG 2200 --- [cuida-plus-api] [           main] org.hibernate.SQL                        : 
    insert 
    into
        usuario
        (situacao_conta, data_nascimento, bloqueado_em, bloqueado_por_usuario_id, cpf, criado_em, desbloqueado_em, desbloqueado_por_usuario_id, email, nome_completo, motivo_bloqueio, senha_hash, telefone, url_foto_perfil, ultimo_login_em, atualizado_em, tipo_usuario, id) 
    values
        (?, ?, ?, ?, ?, ?, ?, ?, ?, ?, ?, ?, ?, ?, ?, ?, ?, ?)
2026-09-01T07:23:33.939-03:00 DEBUG 2200 --- [cuida-plus-api] [           main] org.hibernate.SQL                        : 
    select
        u1_0.id,
        u1_0.situacao_conta,
        u1_0.data_nascimento,
        u1_0.bloqueado_em,
        u1_0.bloqueado_por_usuario_id,
        u1_0.cpf,
        u1_0.criado_em,
        u1_0.desbloqueado_em,
        u1_0.desbloqueado_por_usuario_id,
        u1_0.email,
        u1_0.nome_completo,
        u1_0.motivo_bloqueio,
        u1_0.senha_hash,
        u1_0.telefone,
        u1_0.url_foto_perfil,
        u1_0.ultimo_login_em,
        u1_0.atualizado_em,
        u1_0.tipo_usuario 
    from
        usuario u1_0 
    where
        u1_0.id=?
2026-09-01T07:23:33.956-03:00 DEBUG 2200 --- [cuida-plus-api] [           main] s.w.s.m.m.a.RequestMappingHandlerMapping : Mapped to br.com.cuidaplus.api.admin.AdminController#users(String, UserType, AccountStatus, CaregiverApprovalStatus, ResponsibleApprovalStatus, int, int)
2026-09-01T07:23:33.988-03:00 DEBUG 2200 --- [cuida-plus-api] [           main] org.hibernate.SQL                        : 
    select
        u1_0.id,
        u1_0.situacao_conta,
        u1_0.data_nascimento,
        u1_0.bloqueado_em,
        u1_0.bloqueado_por_usuario_id,
        u1_0.cpf,
        u1_0.criado_em,
        u1_0.desbloqueado_em,
        u1_0.desbloqueado_por_usuario_id,
        u1_0.email,
        u1_0.nome_completo,
        u1_0.motivo_bloqueio,
        u1_0.senha_hash,
        u1_0.telefone,
        u1_0.url_foto_perfil,
        u1_0.ultimo_login_em,
        u1_0.atualizado_em,
        u1_0.tipo_usuario 
    from
        usuario u1_0
2026-09-01T07:23:34.004-03:00 DEBUG 2200 --- [cuida-plus-api] [           main] org.hibernate.SQL                        : 
    select
        cp1_0.id,
        cp1_0.analisado_em,
        cp1_0.analisado_por_usuario_id,
        cp1_0.biografia,
        cp1_0.criado_em,
        cp1_0.horario_fim,
        cp1_0.horario_inicio,
        cp1_0.observacao,
        cp1_0.bairro,
        cp1_0.cep,
        cp1_0.cidade,
        cp1_0.complemento,
        cp1_0.estado,
        cp1_0.latitude,
        cp1_0.longitude,
        cp1_0.numero,
        cp1_0.ponto_referencia,
        cp1_0.rua,
        cp1_0.experiencia,
        cp1_0.formacao_outro,
        cp1_0.modalidade_outro,
        cp1_0.motivo_bloqueio_profissional,
        cp1_0.motivo_reprovacao,
        cp1_0.servico_outro,
        cp1_0.situacao_aprovacao,
        cp1_0.tempo_experiencia,
        cp1_0.atualizado_em,
        cp1_0.usuario_id 
    from
        cuidador cp1_0 
    where
        cp1_0.usuario_id=?
2026-09-01T07:23:34.008-03:00 DEBUG 2200 --- [cuida-plus-api] [           main] org.hibernate.SQL                        : 
    select
        rp1_0.id,
        rp1_0.analisado_em,
        rp1_0.analisado_por_usuario_id,
        rp1_0.criado_em,
        rp1_0.motivo_bloqueio,
        rp1_0.motivo_reprovacao,
        rp1_0.parentesco,
        rp1_0.parentesco_outro,
        rp1_0.preferencia_contato,
        rp1_0.situacao_aprovacao,
        rp1_0.atualizado_em,
        rp1_0.usuario_id 
    from
        responsavel rp1_0 
    where
        rp1_0.usuario_id=?
2026-09-01T07:23:34.013-03:00 DEBUG 2200 --- [cuida-plus-api] [           main] org.hibernate.SQL                        : 
    select
        cp1_0.id,
        cp1_0.analisado_em,
        cp1_0.analisado_por_usuario_id,
        cp1_0.biografia,
        cp1_0.criado_em,
        cp1_0.horario_fim,
        cp1_0.horario_inicio,
        cp1_0.observacao,
        cp1_0.bairro,
        cp1_0.cep,
        cp1_0.cidade,
        cp1_0.complemento,
        cp1_0.estado,
        cp1_0.latitude,
        cp1_0.longitude,
        cp1_0.numero,
        cp1_0.ponto_referencia,
        cp1_0.rua,
        cp1_0.experiencia,
        cp1_0.formacao_outro,
        cp1_0.modalidade_outro,
        cp1_0.motivo_bloqueio_profissional,
        cp1_0.motivo_reprovacao,
        cp1_0.servico_outro,
        cp1_0.situacao_aprovacao,
        cp1_0.tempo_experiencia,
        cp1_0.atualizado_em,
        cp1_0.usuario_id 
    from
        cuidador cp1_0 
    where
        cp1_0.usuario_id=?
2026-09-01T07:23:34.015-03:00 DEBUG 2200 --- [cuida-plus-api] [           main] org.hibernate.SQL                        : 
    select
        rp1_0.id,
        rp1_0.analisado_em,
        rp1_0.analisado_por_usuario_id,
        rp1_0.criado_em,
        rp1_0.motivo_bloqueio,
        rp1_0.motivo_reprovacao,
        rp1_0.parentesco,
        rp1_0.parentesco_outro,
        rp1_0.preferencia_contato,
        rp1_0.situacao_aprovacao,
        rp1_0.atualizado_em,
        rp1_0.usuario_id 
    from
        responsavel rp1_0 
    where
        rp1_0.usuario_id=?
2026-09-01T07:23:34.049-03:00 DEBUG 2200 --- [cuida-plus-api] [           main] m.m.a.RequestResponseBodyMethodProcessor : Using 'application/json', given [*/*] and supported [application/json, application/*+json]
2026-09-01T07:23:34.061-03:00 DEBUG 2200 --- [cuida-plus-api] [           main] m.m.a.RequestResponseBodyMethodProcessor : Writing [UserPage[content=[UserSummary[id=3dabed99-63e8-47c5-87b1-1c81d634acbc, name=Pessoa Teste, email=resp (truncated)...]
2026-09-01T07:23:34.101-03:00 DEBUG 2200 --- [cuida-plus-api] [           main] org.hibernate.SQL                        : 
    select
        u1_0.id,
        u1_0.situacao_conta,
        u1_0.data_nascimento,
        u1_0.bloqueado_em,
        u1_0.bloqueado_por_usuario_id,
        u1_0.cpf,
        u1_0.criado_em,
        u1_0.desbloqueado_em,
        u1_0.desbloqueado_por_usuario_id,
        u1_0.email,
        u1_0.nome_completo,
        u1_0.motivo_bloqueio,
        u1_0.senha_hash,
        u1_0.telefone,
        u1_0.url_foto_perfil,
        u1_0.ultimo_login_em,
        u1_0.atualizado_em,
        u1_0.tipo_usuario 
    from
        usuario u1_0 
    where
        u1_0.id=?
2026-09-01T07:23:34.102-03:00 DEBUG 2200 --- [cuida-plus-api] [           main] s.w.s.m.m.a.RequestMappingHandlerMapping : Mapped to br.com.cuidaplus.api.admin.AdminController#dashboard()
2026-09-01T07:23:34.107-03:00 DEBUG 2200 --- [cuida-plus-api] [           main] org.hibernate.SQL                        : 
    select
        count(csh1_0.id) 
    from
        cuidador_historico_situacao csh1_0 
    where
        csh1_0.situacao_nova=? 
        and csh1_0.criado_em>=?
2026-09-01T07:23:34.122-03:00 DEBUG 2200 --- [cuida-plus-api] [           main] org.hibernate.SQL                        : 
    select
        count(rsh1_0.id) 
    from
        responsavel_historico_situacao rsh1_0 
    where
        rsh1_0.situacao_nova=? 
        and rsh1_0.criado_em>=?
2026-09-01T07:23:34.124-03:00 DEBUG 2200 --- [cuida-plus-api] [           main] org.hibernate.SQL                        : 
    select
        count(cp1_0.id) 
    from
        cuidador cp1_0 
    where
        cp1_0.situacao_aprovacao=?
2026-09-01T07:23:34.125-03:00 DEBUG 2200 --- [cuida-plus-api] [           main] org.hibernate.SQL                        : 
    select
        count(rp1_0.id) 
    from
        responsavel rp1_0 
    where
        rp1_0.situacao_aprovacao=?
2026-09-01T07:23:34.134-03:00 DEBUG 2200 --- [cuida-plus-api] [           main] org.hibernate.SQL                        : 
    select
        count(*) 
    from
        usuario u1_0
2026-09-01T07:23:34.135-03:00 DEBUG 2200 --- [cuida-plus-api] [           main] org.hibernate.SQL                        : 
    select
        count(u1_0.id) 
    from
        usuario u1_0 
    where
        u1_0.situacao_conta=?
2026-09-01T07:23:34.138-03:00 DEBUG 2200 --- [cuida-plus-api] [           main] m.m.a.RequestResponseBodyMethodProcessor : Using 'application/json', given [*/*] and supported [application/json, application/*+json]
2026-09-01T07:23:34.141-03:00 DEBUG 2200 --- [cuida-plus-api] [           main] m.m.a.RequestResponseBodyMethodProcessor : Writing [DashboardSummary[pendingCaregivers=0, pendingResponsibles=0, totalUsers=2, blockedUsers=0, recentApp (truncated)...]
]]></system-out>
    <system-err><![CDATA[WARNING: A Java agent has been loaded dynamically (C:\Users\danis\.m2\repository\net\bytebuddy\byte-buddy-agent\1.14.19\byte-buddy-agent-1.14.19.jar)
WARNING: If a serviceability tool is in use, please run with -XX:+EnableDynamicAgentLoading to hide this warning
WARNING: If a serviceability tool is not in use, please run with -Djdk.instrument.traceUsage for more information
WARNING: Dynamic loading of agents will be disallowed by default in a future release
]]></system-err>
  </testcase>
  <testcase name="commonUserCannotAccessAdministrativeEndpoint" classname="br.com.cuidaplus.api.admin.AdminAuthorizationTest" time="0.072">
    <system-out><![CDATA[2026-09-01T07:23:34.167-03:00 DEBUG 2200 --- [cuida-plus-api] [           main] org.hibernate.SQL                        : 
    select
        u1_0.id,
        u1_0.situacao_conta,
        u1_0.data_nascimento,
        u1_0.bloqueado_em,
        u1_0.bloqueado_por_usuario_id,
        u1_0.cpf,
        u1_0.criado_em,
        u1_0.desbloqueado_em,
        u1_0.desbloqueado_por_usuario_id,
        u1_0.email,
        u1_0.nome_completo,
        u1_0.motivo_bloqueio,
        u1_0.senha_hash,
        u1_0.telefone,
        u1_0.url_foto_perfil,
        u1_0.ultimo_login_em,
        u1_0.atualizado_em,
        u1_0.tipo_usuario 
    from
        usuario u1_0
2026-09-01T07:23:34.173-03:00 DEBUG 2200 --- [cuida-plus-api] [           main] org.hibernate.SQL                        : 
    delete 
    from
        usuario 
    where
        id=?
2026-09-01T07:23:34.175-03:00 DEBUG 2200 --- [cuida-plus-api] [           main] org.hibernate.SQL                        : 
    delete 
    from
        usuario 
    where
        id=?
2026-09-01T07:23:34.177-03:00 DEBUG 2200 --- [cuida-plus-api] [           main] org.hibernate.SQL                        : 
    insert 
    into
        usuario
        (situacao_conta, data_nascimento, bloqueado_em, bloqueado_por_usuario_id, cpf, criado_em, desbloqueado_em, desbloqueado_por_usuario_id, email, nome_completo, motivo_bloqueio, senha_hash, telefone, url_foto_perfil, ultimo_login_em, atualizado_em, tipo_usuario, id) 
    values
        (?, ?, ?, ?, ?, ?, ?, ?, ?, ?, ?, ?, ?, ?, ?, ?, ?, ?)
2026-09-01T07:23:34.181-03:00 DEBUG 2200 --- [cuida-plus-api] [           main] org.hibernate.SQL                        : 
    insert 
    into
        usuario
        (situacao_conta, data_nascimento, bloqueado_em, bloqueado_por_usuario_id, cpf, criado_em, desbloqueado_em, desbloqueado_por_usuario_id, email, nome_completo, motivo_bloqueio, senha_hash, telefone, url_foto_perfil, ultimo_login_em, atualizado_em, tipo_usuario, id) 
    values
        (?, ?, ?, ?, ?, ?, ?, ?, ?, ?, ?, ?, ?, ?, ?, ?, ?, ?)
2026-09-01T07:23:34.186-03:00 DEBUG 2200 --- [cuida-plus-api] [           main] org.hibernate.SQL                        : 
    select
        u1_0.id,
        u1_0.situacao_conta,
        u1_0.data_nascimento,
        u1_0.bloqueado_em,
        u1_0.bloqueado_por_usuario_id,
        u1_0.cpf,
        u1_0.criado_em,
        u1_0.desbloqueado_em,
        u1_0.desbloqueado_por_usuario_id,
        u1_0.email,
        u1_0.nome_completo,
        u1_0.motivo_bloqueio,
        u1_0.senha_hash,
        u1_0.telefone,
        u1_0.url_foto_perfil,
        u1_0.ultimo_login_em,
        u1_0.atualizado_em,
        u1_0.tipo_usuario 
    from
        usuario u1_0 
    where
        u1_0.id=?
2026-09-01T07:23:34.224-03:00 DEBUG 2200 --- [cuida-plus-api] [           main] org.hibernate.SQL                        : 
    select
        rp1_0.id,
        rp1_0.analisado_em,
        rp1_0.analisado_por_usuario_id,
        rp1_0.criado_em,
        rp1_0.motivo_bloqueio,
        rp1_0.motivo_reprovacao,
        rp1_0.parentesco,
        rp1_0.parentesco_outro,
        rp1_0.preferencia_contato,
        rp1_0.situacao_aprovacao,
        rp1_0.atualizado_em,
        rp1_0.usuario_id 
    from
        responsavel rp1_0 
    where
        rp1_0.usuario_id=?
]]></system-out>
  </testcase>
</testsuite>