<?xml version="1.0" encoding="UTF-8"?>
<testsuite xmlns:xsi="http://www.w3.org/2001/XMLSchema-instance" xsi:noNamespaceSchemaLocation="https://maven.apache.org/surefire/maven-surefire-plugin/xsd/surefire-test-report-3.0.xsd" version="3.0" name="br.com.cuidaplus.api.auth.AuthServicePasswordResetTest" time="13.36" tests="7" errors="0" skipped="0" failures="0">
  <properties>
[...]
</properties>
  <testcase name="resetPasswordRejectsAlreadyUsedToken" classname="br.com.cuidaplus.api.auth.AuthServicePasswordResetTest" time="0.575">
    <system-out><![CDATA[23:16:07.018 [main] INFO org.springframework.test.context.support.AnnotationConfigContextLoaderUtils -- Could not detect default configuration classes for test class [br.com.cuidaplus.api.auth.AuthServicePasswordResetTest]: AuthServicePasswordResetTest does not declare any static, non-private, non-final, nested classes annotated with @Configuration.
23:16:07.271 [main] INFO org.springframework.boot.test.context.SpringBootTestContextBootstrapper -- Found @SpringBootConfiguration br.com.cuidaplus.api.CuidaPlusApiApplication for test class br.com.cuidaplus.api.auth.AuthServicePasswordResetTest

  .   ____          _            __ _ _
 /\\ / ___'_ __ _ _(_)_ __  __ _ \ \ \ \
( ( )\___ | '_ | '_| | '_ \/ _` | \ \ \ \
 \\/  ___)| |_)| | | | | || (_| |  ) ) ) )
  '  |____| .__|_| |_|_| |_\__, | / / / /
 =========|_|==============|___/=/_/_/_/

 :: Spring Boot ::                (v3.3.5)

2026-07-27T23:16:07.972-03:00  INFO 1664 --- [cuida-plus-api] [           main] b.c.c.a.a.AuthServicePasswordResetTest   : Starting AuthServicePasswordResetTest using Java 21.0.6 with PID 1664 (started by danis in C:\Users\danis\OneDrive\Documentos\FAM\TCC\cuida-mais-prototipo\api)
2026-07-27T23:16:07.974-03:00  INFO 1664 --- [cuida-plus-api] [           main] b.c.c.a.a.AuthServicePasswordResetTest   : No active profile set, falling back to 1 default profile: "default"
2026-07-27T23:16:07.977-03:00 DEBUG 1664 --- [cuida-plus-api] [           main] o.s.boot.SpringApplication               : Loading source class br.com.cuidaplus.api.CuidaPlusApiApplication
2026-07-27T23:16:08.030-03:00 DEBUG 1664 --- [cuida-plus-api] [           main] o.s.w.c.s.GenericWebApplicationContext   : Refreshing org.springframework.web.context.support.GenericWebApplicationContext@498c535d
2026-07-27T23:16:09.060-03:00 DEBUG 1664 --- [cuida-plus-api] [           main] ySourcesPropertyResolver$DefaultResolver : Found key 'DATABASE_URL' in PropertySource 'Inlined Test Properties' with value of type String
2026-07-27T23:16:09.172-03:00 DEBUG 1664 --- [cuida-plus-api] [           main] ySourcesPropertyResolver$DefaultResolver : Found key 'EMAIL_HOST' in PropertySource 'systemEnvironment' with value of type String
2026-07-27T23:16:09.176-03:00 DEBUG 1664 --- [cuida-plus-api] [           main] ySourcesPropertyResolver$DefaultResolver : Found key 'EMAIL_HOST' in PropertySource 'systemEnvironment' with value of type String
2026-07-27T23:16:09.622-03:00  INFO 1664 --- [cuida-plus-api] [           main] .s.d.r.c.RepositoryConfigurationDelegate : Bootstrapping Spring Data JPA repositories in DEFAULT mode.
2026-07-27T23:16:09.647-03:00 DEBUG 1664 --- [cuida-plus-api] [           main] o.s.b.a.AutoConfigurationPackages        : @EnableAutoConfiguration was declared on a class in the package 'br.com.cuidaplus.api'. Automatic @Repository and @Entity scanning is enabled.
2026-07-27T23:16:09.824-03:00  INFO 1664 --- [cuida-plus-api] [           main] .s.d.r.c.RepositoryConfigurationDelegate : Finished Spring Data repository scanning in 191 ms. Found 17 JPA repository interfaces.
2026-07-27T23:16:09.921-03:00 DEBUG 1664 --- [cuida-plus-api] [           main] ySourcesPropertyResolver$DefaultResolver : Found key 'EMAIL_HOST' in PropertySource 'systemEnvironment' with value of type String
2026-07-27T23:16:10.597-03:00 DEBUG 1664 --- [cuida-plus-api] [           main] ySourcesPropertyResolver$DefaultResolver : Found key 'DATABASE_PASSWORD' in PropertySource 'Inlined Test Properties' with value of type String
2026-07-27T23:16:10.597-03:00 DEBUG 1664 --- [cuida-plus-api] [           main] ySourcesPropertyResolver$DefaultResolver : Found key 'DATABASE_URL' in PropertySource 'Inlined Test Properties' with value of type String
2026-07-27T23:16:10.597-03:00 DEBUG 1664 --- [cuida-plus-api] [           main] ySourcesPropertyResolver$DefaultResolver : Found key 'DATABASE_USERNAME' in PropertySource 'Inlined Test Properties' with value of type String
2026-07-27T23:16:10.833-03:00  INFO 1664 --- [cuida-plus-api] [           main] o.hibernate.jpa.internal.util.LogHelper  : HHH000204: Processing PersistenceUnitInfo [name: default]
2026-07-27T23:16:10.940-03:00  INFO 1664 --- [cuida-plus-api] [           main] org.hibernate.Version                    : HHH000412: Hibernate ORM core version 6.5.3.Final
2026-07-27T23:16:10.989-03:00  INFO 1664 --- [cuida-plus-api] [           main] o.h.c.internal.RegionFactoryInitiator    : HHH000026: Second-level cache disabled
2026-07-27T23:16:11.212-03:00  INFO 1664 --- [cuida-plus-api] [           main] o.s.o.j.p.SpringPersistenceUnitInfo      : No LoadTimeWeaver setup: ignoring JPA class transformer
2026-07-27T23:16:11.260-03:00  INFO 1664 --- [cuida-plus-api] [           main] com.zaxxer.hikari.HikariDataSource       : HikariPool-1 - Starting...
2026-07-27T23:16:11.570-03:00  INFO 1664 --- [cuida-plus-api] [           main] com.zaxxer.hikari.pool.HikariPool        : HikariPool-1 - Added connection conn0: url=jdbc:h2:mem:reset-test user=SA
2026-07-27T23:16:11.573-03:00  INFO 1664 --- [cuida-plus-api] [           main] com.zaxxer.hikari.HikariDataSource       : HikariPool-1 - Start completed.
2026-07-27T23:16:13.673-03:00  INFO 1664 --- [cuida-plus-api] [           main] o.h.e.t.j.p.i.JtaPlatformInitiator       : HHH000489: No JTA platform available (set 'hibernate.transaction.jta.platform' to enable JTA platform integration)
2026-07-27T23:16:13.700-03:00 DEBUG 1664 --- [cuida-plus-api] [           main] org.hibernate.SQL                        : 
    drop table if exists assisted_person_allergies cascade 
2026-07-27T23:16:13.706-03:00 DEBUG 1664 --- [cuida-plus-api] [           main] org.hibernate.SQL                        : 
    drop table if exists assisted_person_food_restrictions cascade 
2026-07-27T23:16:13.707-03:00 DEBUG 1664 --- [cuida-plus-api] [           main] org.hibernate.SQL                        : 
    drop table if exists assisted_persons cascade 
2026-07-27T23:16:13.707-03:00 DEBUG 1664 --- [cuida-plus-api] [           main] org.hibernate.SQL                        : 
    drop table if exists care_activity_records cascade 
2026-07-27T23:16:13.708-03:00 DEBUG 1664 --- [cuida-plus-api] [           main] org.hibernate.SQL                        : 
    drop table if exists care_contracts cascade 
2026-07-27T23:16:13.708-03:00 DEBUG 1664 --- [cuida-plus-api] [           main] org.hibernate.SQL                        : 
    drop table if exists care_occurrence_photos cascade 
2026-07-27T23:16:13.708-03:00 DEBUG 1664 --- [cuida-plus-api] [           main] org.hibernate.SQL                        : 
    drop table if exists care_routine_item_weekdays cascade 
2026-07-27T23:16:13.708-03:00 DEBUG 1664 --- [cuida-plus-api] [           main] org.hibernate.SQL                        : 
    drop table if exists care_routine_items cascade 
2026-07-27T23:16:13.708-03:00 DEBUG 1664 --- [cuida-plus-api] [           main] org.hibernate.SQL                        : 
    drop table if exists care_routines cascade 
2026-07-27T23:16:13.708-03:00 DEBUG 1664 --- [cuida-plus-api] [           main] org.hibernate.SQL                        : 
    drop table if exists care_task_audit cascade 
2026-07-27T23:16:13.709-03:00 DEBUG 1664 --- [cuida-plus-api] [           main] org.hibernate.SQL                        : 
    drop table if exists care_task_reminders cascade 
2026-07-27T23:16:13.710-03:00 DEBUG 1664 --- [cuida-plus-api] [           main] org.hibernate.SQL                        : 
    drop table if exists care_task_weekdays cascade 
2026-07-27T23:16:13.710-03:00 DEBUG 1664 --- [cuida-plus-api] [           main] org.hibernate.SQL                        : 
    drop table if exists care_tasks cascade 
2026-07-27T23:16:13.710-03:00 DEBUG 1664 --- [cuida-plus-api] [           main] org.hibernate.SQL                        : 
    drop table if exists caregiver_availability_days cascade 
2026-07-27T23:16:13.711-03:00 DEBUG 1664 --- [cuida-plus-api] [           main] org.hibernate.SQL                        : 
    drop table if exists caregiver_availability_periods cascade 
2026-07-27T23:16:13.711-03:00 DEBUG 1664 --- [cuida-plus-api] [           main] org.hibernate.SQL                        : 
    drop table if exists caregiver_formations cascade 
2026-07-27T23:16:13.711-03:00 DEBUG 1664 --- [cuida-plus-api] [           main] org.hibernate.SQL                        : 
    drop table if exists caregiver_modalities cascade 
2026-07-27T23:16:13.711-03:00 DEBUG 1664 --- [cuida-plus-api] [           main] org.hibernate.SQL                        : 
    drop table if exists caregiver_profiles cascade 
2026-07-27T23:16:13.714-03:00 DEBUG 1664 --- [cuida-plus-api] [           main] org.hibernate.SQL                        : 
    drop table if exists caregiver_services cascade 
2026-07-27T23:16:13.715-03:00 DEBUG 1664 --- [cuida-plus-api] [           main] org.hibernate.SQL                        : 
    drop table if exists emergency_contacts cascade 
2026-07-27T23:16:13.715-03:00 DEBUG 1664 --- [cuida-plus-api] [           main] org.hibernate.SQL                        : 
    drop table if exists notifications cascade 
2026-07-27T23:16:13.715-03:00 DEBUG 1664 --- [cuida-plus-api] [           main] org.hibernate.SQL                        : 
    drop table if exists password_reset_tokens cascade 
2026-07-27T23:16:13.716-03:00 DEBUG 1664 --- [cuida-plus-api] [           main] org.hibernate.SQL                        : 
    drop table if exists responsible_profiles cascade 
2026-07-27T23:16:13.716-03:00 DEBUG 1664 --- [cuida-plus-api] [           main] org.hibernate.SQL                        : 
    drop table if exists service_request_activities cascade 
2026-07-27T23:16:13.716-03:00 DEBUG 1664 --- [cuida-plus-api] [           main] org.hibernate.SQL                        : 
    drop table if exists service_request_care_items_snapshot cascade 
2026-07-27T23:16:13.716-03:00 DEBUG 1664 --- [cuida-plus-api] [           main] org.hibernate.SQL                        : 
    drop table if exists service_request_care_snapshot_weekdays cascade 
2026-07-27T23:16:13.717-03:00 DEBUG 1664 --- [cuida-plus-api] [           main] org.hibernate.SQL                        : 
    drop table if exists service_request_dates cascade 
2026-07-27T23:16:13.717-03:00 DEBUG 1664 --- [cuida-plus-api] [           main] org.hibernate.SQL                        : 
    drop table if exists service_request_schedule_days cascade 
2026-07-27T23:16:13.717-03:00 DEBUG 1664 --- [cuida-plus-api] [           main] org.hibernate.SQL                        : 
    drop table if exists service_requests cascade 
2026-07-27T23:16:13.718-03:00 DEBUG 1664 --- [cuida-plus-api] [           main] org.hibernate.SQL                        : 
    drop table if exists status_history cascade 
2026-07-27T23:16:13.718-03:00 DEBUG 1664 --- [cuida-plus-api] [           main] org.hibernate.SQL                        : 
    drop table if exists task_occurrences cascade 
2026-07-27T23:16:13.718-03:00 DEBUG 1664 --- [cuida-plus-api] [           main] org.hibernate.SQL                        : 
    drop table if exists users cascade 
2026-07-27T23:16:13.724-03:00 DEBUG 1664 --- [cuida-plus-api] [           main] org.hibernate.SQL                        : 
    create table assisted_person_allergies (
        assisted_person_id uuid not null,
        alergia enum ('ALIMENTOS','LATEX','MEDICAMENTOS','NAO_POSSUI','NAO_SEI_INFORMAR','OUTRO','POEIRA','PRODUTOS_HIGIENE')
    )
2026-07-27T23:16:13.728-03:00 DEBUG 1664 --- [cuida-plus-api] [           main] org.hibernate.SQL                        : 
    create table assisted_person_food_restrictions (
        assisted_person_id uuid not null,
        restricao enum ('DIABETICA','HIPOSSODICA','LIQUIDA','NAO_POSSUI','NAO_SEI_INFORMAR','OUTRO','PASTOSA','SEM_GLUTEN','SEM_LACTOSE','VEGETARIANA')
    )
2026-07-27T23:16:13.731-03:00 DEBUG 1664 --- [cuida-plus-api] [           main] org.hibernate.SQL                        : 
    create table assisted_persons (
        data_nascimento date not null,
        estado varchar(2),
        latitude numeric(10,7),
        longitude numeric(10,7),
        created_at timestamp(6) with time zone not null,
        updated_at timestamp(6) with time zone not null,
        cep varchar(9),
        cpf varchar(11),
        id uuid not null,
        responsible_user_id uuid not null,
        numero varchar(30),
        bairro varchar(120),
        cidade varchar(120),
        complemento varchar(120),
        mobilidade_outro varchar(120),
        nome varchar(140) not null,
        alergias_outro varchar(180),
        ponto_referencia varchar(180),
        restricoes_alimentares_outro varchar(180),
        rua varchar(180),
        alergias_detalhes varchar(500),
        medicamentos varchar(500),
        observacoes varchar(500),
        restricoes_alimentares_detalhes varchar(500),
        grau_dependencia enum ('ALTA','BAIXA','MODERADA','NAO_SEI_INFORMAR','TOTAL') not null,
        mobilidade enum ('ACAMADO','ANDADOR','AUXILIO_PESSOA','BENGALA','CADEIRA_RODAS','INDEPENDENTE','OUTRO') not null,
        primary key (id)
    )
2026-07-27T23:16:13.738-03:00 DEBUG 1664 --- [cuida-plus-api] [           main] org.hibernate.SQL                        : 
    create table care_activity_records (
        created_at timestamp(6) with time zone not null,
        occurred_at timestamp(6) with time zone not null,
        assisted_person_id uuid not null,
        caregiver_user_id uuid not null,
        contract_id uuid not null,
        id uuid not null,
        occurrence_id uuid not null unique,
        responsible_user_id uuid not null,
        activity_type varchar(40) not null,
        title varchar(180) not null,
        notes varchar(1000),
        primary key (id)
    )
2026-07-27T23:16:13.740-03:00 DEBUG 1664 --- [cuida-plus-api] [           main] org.hibernate.SQL                        : 
    create table care_contracts (
        effective_end_date date,
        end_date date,
        start_date date not null,
        canceled_at timestamp(6) with time zone,
        cancellation_requested_at timestamp(6) with time zone,
        created_at timestamp(6) with time zone not null,
        termination_requested_at timestamp(6) with time zone,
        updated_at timestamp(6) with time zone not null,
        assisted_person_id uuid not null,
        cancellation_requested_by_user_id uuid,
        caregiver_user_id uuid not null,
        id uuid not null,
        responsible_user_id uuid not null,
        service_request_id uuid not null unique,
        termination_requested_by_user_id uuid,
        cancellation_reason varchar(1000),
        closure_reason varchar(1000),
        termination_notes varchar(1000),
        termination_reason varchar(1000),
        status enum ('AGENDADA','ATIVA','CANCELADA','ENCERRADA','ENCERRAMENTO_AGENDADO','FINALIZADA') not null,
        termination_type enum ('ACORDO_ENTRE_PARTES','ANTECIPADO_CUIDADOR','ANTECIPADO_RESPONSAVEL','AUTOMATICO_TERMINO_PERIODO','CANCELAMENTO_ANTES_INICIO','NA_DATA_PREVISTA'),
        primary key (id)
    )
2026-07-27T23:16:13.743-03:00 DEBUG 1664 --- [cuida-plus-api] [           main] org.hibernate.SQL                        : 
    create table care_occurrence_photos (
        created_at timestamp(6) with time zone not null,
        file_size bigint not null,
        id uuid not null,
        occurrence_id uuid not null,
        uploaded_by_user_id uuid not null,
        content_type varchar(30) not null,
        file_name varchar(80) not null unique,
        original_file_name varchar(255),
        primary key (id)
    )
2026-07-27T23:16:13.744-03:00 DEBUG 1664 --- [cuida-plus-api] [           main] org.hibernate.SQL                        : 
    create table care_routine_item_weekdays (
        care_routine_item_id uuid not null,
        weekday enum ('DOMINGO','QUARTA','QUINTA','SABADO','SEGUNDA','SEXTA','TERCA')
    )
2026-07-27T23:16:13.747-03:00 DEBUG 1664 --- [cuida-plus-api] [           main] org.hibernate.SQL                        : 
    create table care_routine_items (
        active boolean not null,
        important boolean not null,
        interval_days integer,
        notify_responsible_if_important boolean not null,
        overdue_after_minutes integer,
        overdue_reminder_enabled boolean not null,
        reminder_at_scheduled_time boolean not null,
        reminder_enabled boolean,
        reminder_minutes_before integer,
        repeat_interval_minutes integer,
        repeat_while_pending boolean not null,
        requires_completion_photo boolean not null,
        scheduled_time time(6),
        sort_order integer not null,
        created_at timestamp(6) with time zone not null,
        updated_at timestamp(6) with time zone not null,
        care_routine_id uuid not null,
        id uuid not null,
        medication_custom_unit varchar(80),
        medication_dosage varchar(80),
        custom_category varchar(120),
        medication_custom_route varchar(120),
        title varchar(140) not null,
        medication_name varchar(180),
        description varchar(1000),
        medication_instructions varchar(1000),
        notes varchar(2000),
        category enum ('ALIMENTACAO','CONSULTA_COMPROMISSO','CURATIVO','EXERCICIO','HIDRATACAO','HIGIENE_BANHO','MEDICACAO','MOBILIDADE','PERSONALIZADA','SINAIS_VITAIS'),
        medication_administration_route enum ('INALATORIA','ORAL','OUTRA','SUBCUTANEA','TOPICA'),
        medication_unit enum ('APLICACAO','CAPSULA','COMPRIMIDO','G','GOTAS','MG','ML','PERSONALIZADA'),
        priority enum ('ALTA','BAIXA','NORMAL'),
        recurrence_type enum ('DIARIA','DIAS_ESPECIFICOS','INTERVALO','PERIODO_DETERMINADO','SEM_DATA_FINAL','UNICA'),
        primary key (id)
    )
2026-07-27T23:16:13.751-03:00 DEBUG 1664 --- [cuida-plus-api] [           main] org.hibernate.SQL                        : 
    create table care_routines (
        active boolean not null,
        created_at timestamp(6) with time zone not null,
        updated_at timestamp(6) with time zone not null,
        assisted_person_id uuid,
        id uuid not null,
        responsible_user_id uuid not null,
        name varchar(140) not null,
        description varchar(1000),
        primary key (id)
    )
2026-07-27T23:16:13.753-03:00 DEBUG 1664 --- [cuida-plus-api] [           main] org.hibernate.SQL                        : 
    create table care_task_audit (
        created_at timestamp(6) with time zone not null,
        actor_user_id uuid,
        id uuid not null,
        occurrence_id uuid,
        task_id uuid not null,
        details varchar(500),
        action enum ('ALTERADA','CANCELADA','CRIADA','FOTO_ANEXADA','LEMBRETE_CANCELADO','NOTIFICACAO_INTERNA_CRIADA','OCORRENCIA_ALTERADA','OCORRENCIA_CANCELADA','OCORRENCIA_CONCLUIDA','OCORRENCIA_NAO_REALIZADA','OCORRENCIA_NAO_REALIZADA_AUTOMATICAMENTE','PAUSADA','REATIVADA') not null,
        primary key (id)
    )
2026-07-27T23:16:13.754-03:00 DEBUG 1664 --- [cuida-plus-api] [           main] org.hibernate.SQL                        : 
    create table care_task_reminders (
        canceled_at timestamp(6) with time zone,
        created_at timestamp(6) with time zone not null,
        scheduled_at timestamp(6) with time zone not null,
        sent_at timestamp(6) with time zone,
        updated_at timestamp(6) with time zone not null,
        id uuid not null,
        occurrence_id uuid not null,
        recipient_user_id uuid not null,
        deduplication_key varchar(220) not null unique,
        reminder_type enum ('AT_SCHEDULED_TIME','BEFORE_SCHEDULED_TIME','OVERDUE','REPEAT_WHILE_PENDING','RESPONSIBLE_NOT_DONE_ALERT') not null,
        status enum ('CANCELED','FAILED','SCHEDULED','SENT','SKIPPED') not null,
        primary key (id)
    )
2026-07-27T23:16:13.756-03:00 DEBUG 1664 --- [cuida-plus-api] [           main] org.hibernate.SQL                        : 
    create table care_task_weekdays (
        task_id uuid not null,
        weekday enum ('DOMINGO','QUARTA','QUINTA','SABADO','SEGUNDA','SEXTA','TERCA')
    )
2026-07-27T23:16:13.757-03:00 DEBUG 1664 --- [cuida-plus-api] [           main] org.hibernate.SQL                        : 
    create table care_tasks (
        end_date date,
        important boolean not null,
        interval_days integer,
        notify_responsible_if_important boolean not null,
        overdue_after_minutes integer,
        overdue_reminder_enabled boolean not null,
        reminder_at_scheduled_time boolean not null,
        reminder_enabled boolean not null,
        reminder_minutes_before integer,
        repeat_interval_minutes integer,
        repeat_while_pending boolean not null,
        requires_completion_photo boolean not null,
        scheduled_time time(6) not null,
        start_date date not null,
        created_at timestamp(6) with time zone not null,
        updated_at timestamp(6) with time zone not null,
        version bigint not null,
        assisted_person_id uuid not null,
        caregiver_executor_id uuid not null,
        contract_id uuid not null,
        created_by_user_id uuid not null,
        duplicate_of_task_id uuid,
        id uuid not null,
        previous_series_id uuid,
        responsible_creator_id uuid not null,
        source_snapshot_item_id uuid,
        updated_by_user_id uuid not null,
        medication_custom_unit varchar(80),
        medication_dosage varchar(80),
        timezone varchar(80) not null,
        custom_category varchar(120),
        medication_custom_route varchar(120),
        title varchar(140) not null,
        medication_name varchar(180),
        medication_instructions varchar(1000),
        description varchar(2000),
        notes varchar(2000),
        category enum ('ALIMENTACAO','CONSULTA_COMPROMISSO','CURATIVO','EXERCICIO','HIDRATACAO','HIGIENE_BANHO','MEDICACAO','MOBILIDADE','PERSONALIZADA','SINAIS_VITAIS') not null,
        medication_administration_route enum ('INALATORIA','ORAL','OUTRA','SUBCUTANEA','TOPICA'),
        medication_unit enum ('APLICACAO','CAPSULA','COMPRIMIDO','G','GOTAS','MG','ML','PERSONALIZADA'),
        priority enum ('ALTA','BAIXA','NORMAL') not null,
        recurrence_type enum ('DIARIA','DIAS_ESPECIFICOS','INTERVALO','PERIODO_DETERMINADO','SEM_DATA_FINAL','UNICA') not null,
        status enum ('ATIVA','CANCELADA','FINALIZADA','PAUSADA') not null,
        primary key (id)
    )
2026-07-27T23:16:13.760-03:00 DEBUG 1664 --- [cuida-plus-api] [           main] org.hibernate.SQL                        : 
    create table caregiver_availability_days (
        caregiver_profile_id uuid not null,
        dia_semana enum ('DOMINGO','QUARTA','QUINTA','SABADO','SEGUNDA','SEXTA','TERCA')
    )
2026-07-27T23:16:13.761-03:00 DEBUG 1664 --- [cuida-plus-api] [           main] org.hibernate.SQL                        : 
    create table caregiver_availability_periods (
        caregiver_profile_id uuid not null,
        periodo enum ('HORARIO_PERSONALIZADO','INTEGRAL','MADRUGADA','MANHA','NOITE','TARDE')
    )
2026-07-27T23:16:13.761-03:00 DEBUG 1664 --- [cuida-plus-api] [           main] org.hibernate.SQL                        : 
    create table caregiver_formations (
        caregiver_profile_id uuid not null,
        formacao enum ('AUXILIAR_ENFERMAGEM','CURSO_CUIDADOR_IDOSOS','ENFERMAGEM_SUPERIOR','EXPERIENCIA_PRATICA','OUTRO','PRIMEIROS_SOCORROS','TECNICO_ENFERMAGEM')
    )
2026-07-27T23:16:13.763-03:00 DEBUG 1664 --- [cuida-plus-api] [           main] org.hibernate.SQL                        : 
    create table caregiver_modalities (
        caregiver_profile_id uuid not null,
        modalidade enum ('ACOMPANHAMENTO_CONSULTAS','DIURNO','EVENTUAL','FINAIS_DE_SEMANA','NOTURNO','OUTRO','PLANTAO_12X36','PLANTAO_24H')
    )
2026-07-27T23:16:13.765-03:00 DEBUG 1664 --- [cuida-plus-api] [           main] org.hibernate.SQL                        : 
    create table caregiver_profiles (
        estado varchar(2),
        horario_fim time(6),
        horario_inicio time(6),
        latitude numeric(10,7),
        longitude numeric(10,7),
        created_at timestamp(6) with time zone not null,
        updated_at timestamp(6) with time zone not null,
        cep varchar(9),
        id uuid not null,
        user_id uuid not null unique,
        numero varchar(30),
        bairro varchar(120),
        cidade varchar(120),
        complemento varchar(120),
        formacao_outro varchar(180),
        modalidade_outro varchar(180),
        ponto_referencia varchar(180),
        rua varchar(180),
        servico_outro varchar(180),
        biografia varchar(500),
        experiencia varchar(500),
        observacao varchar(500),
        formacao enum ('AUXILIAR_ENFERMAGEM','CURSO_CUIDADOR_IDOSOS','ENFERMAGEM_SUPERIOR','EXPERIENCIA_PRATICA','OUTRO','PRIMEIROS_SOCORROS','TECNICO_ENFERMAGEM'),
        tempo_experiencia enum ('DE_1_A_2_ANOS','DE_3_A_5_ANOS','DE_6_A_10_ANOS','MAIS_DE_10_ANOS','MENOS_DE_1_ANO'),
        primary key (id)
    )
2026-07-27T23:16:13.767-03:00 DEBUG 1664 --- [cuida-plus-api] [           main] org.hibernate.SQL                        : 
    create table caregiver_services (
        caregiver_profile_id uuid not null,
        servico enum ('ALIMENTACAO','ATIVIDADES_DOMESTICAS_LEVES','BANHO','COMPANHIA','CONSULTAS','HIGIENE_PESSOAL','LOCOMOCAO','MEDICACAO_ORIENTADA','MONITORAMENTO_NOTURNO','OUTRO')
    )
2026-07-27T23:16:13.768-03:00 DEBUG 1664 --- [cuida-plus-api] [           main] org.hibernate.SQL                        : 
    create table emergency_contacts (
        responsible_contact boolean not null,
        created_at timestamp(6) with time zone not null,
        updated_at timestamp(6) with time zone not null,
        assisted_person_id uuid not null unique,
        id uuid not null,
        telefone varchar(20) not null,
        vinculo varchar(120) not null,
        nome varchar(140) not null,
        primary key (id)
    )
2026-07-27T23:16:13.770-03:00 DEBUG 1664 --- [cuida-plus-api] [           main] org.hibernate.SQL                        : 
    create table notifications (
        cleared_at timestamp(6) with time zone,
        created_at timestamp(6) with time zone not null,
        read_at timestamp(6) with time zone,
        id uuid not null,
        recipient_user_id uuid not null,
        related_entity_id uuid not null,
        title varchar(180) not null,
        message varchar(500) not null,
        related_entity_type enum ('CARE_CONTRACT','CARE_OCCURRENCE','CARE_TASK','SERVICE_REQUEST','TASK_OCCURRENCE') not null,
        type enum ('CARE_OCCURRENCE_COMPLETED','CARE_OCCURRENCE_NOT_DONE','CARE_OCCURRENCE_OVERDUE','CARE_OCCURRENCE_REMINDER','CARE_OCCURRENCE_RESPONSIBLE_ALERT','CARE_TASK_CANCELED','CARE_TASK_CREATED','CARE_TASK_NOT_DONE','CARE_TASK_OVERDUE','CARE_TASK_REMINDER','CARE_TASK_RESPONSIBLE_ALERT','CONTRACT_AUTOMATICALLY_TERMINATED','CONTRACT_CANCELED_BEFORE_START','CONTRACT_TERMINATED','CONTRACT_TERMINATION_SCHEDULED','SERVICE_REQUEST_ACCEPTED','SERVICE_REQUEST_CANCELED','SERVICE_REQUEST_CREATED','SERVICE_REQUEST_EXPIRED','SERVICE_REQUEST_REJECTED','TASK_OCCURRENCE_COMPLETED','TASK_OCCURRENCE_NOT_COMPLETED') not null,
        primary key (id)
    )
2026-07-27T23:16:13.772-03:00 DEBUG 1664 --- [cuida-plus-api] [           main] org.hibernate.SQL                        : 
    create table password_reset_tokens (
        created_at timestamp(6) with time zone not null,
        expires_at timestamp(6) with time zone not null,
        used_at timestamp(6) with time zone,
        id uuid not null,
        user_id uuid not null,
        token_hash varchar(64) not null unique,
        primary key (id)
    )
2026-07-27T23:16:13.775-03:00 DEBUG 1664 --- [cuida-plus-api] [           main] org.hibernate.SQL                        : 
    create table responsible_profiles (
        created_at timestamp(6) with time zone not null,
        updated_at timestamp(6) with time zone not null,
        id uuid not null,
        user_id uuid not null unique,
        parentesco_outro varchar(120),
        parentesco enum ('AMIGO','CONJUGE','FILHO','IRMAO','NETO','OUTRO','RESPONSAVEL_CONTRATUAL','SOBRINHO','TUTOR_LEGAL') not null,
        preferencia_contato enum ('EMAIL','LIGACAO','QUALQUER','SMS','WHATSAPP') not null,
        primary key (id)
    )
2026-07-27T23:16:13.777-03:00 DEBUG 1664 --- [cuida-plus-api] [           main] org.hibernate.SQL                        : 
    create table service_request_activities (
        service_request_id uuid not null,
        activity enum ('ALIMENTACAO','ATIVIDADES_DOMESTICAS_LEVES','BANHO','COMPANHIA','CONSULTAS','HIGIENE_PESSOAL','LOCOMOCAO','MEDICACAO_ORIENTADA','MONITORAMENTO_NOTURNO','OUTRO')
    )
2026-07-27T23:16:13.779-03:00 DEBUG 1664 --- [cuida-plus-api] [           main] org.hibernate.SQL                        : 
    create table service_request_care_items_snapshot (
        important boolean not null,
        interval_days integer,
        notify_responsible_if_important boolean not null,
        overdue_after_minutes integer,
        overdue_reminder_enabled boolean not null,
        reminder_at_scheduled_time boolean not null,
        reminder_enabled boolean,
        reminder_minutes_before integer,
        repeat_interval_minutes integer,
        repeat_while_pending boolean not null,
        requires_completion_photo boolean not null,
        scheduled_time time(6),
        sort_order integer not null,
        created_at timestamp(6) with time zone not null,
        id uuid not null,
        original_care_routine_id uuid not null,
        original_care_routine_item_id uuid,
        service_request_id uuid not null,
        medication_custom_unit varchar(80),
        medication_dosage varchar(80),
        custom_category varchar(120),
        medication_custom_route varchar(120),
        title varchar(140) not null,
        medication_name varchar(180),
        description varchar(1000),
        medication_instructions varchar(1000),
        notes varchar(2000),
        category enum ('ALIMENTACAO','CONSULTA_COMPROMISSO','CURATIVO','EXERCICIO','HIDRATACAO','HIGIENE_BANHO','MEDICACAO','MOBILIDADE','PERSONALIZADA','SINAIS_VITAIS'),
        medication_administration_route enum ('INALATORIA','ORAL','OUTRA','SUBCUTANEA','TOPICA'),
        medication_unit enum ('APLICACAO','CAPSULA','COMPRIMIDO','G','GOTAS','MG','ML','PERSONALIZADA'),
        priority enum ('ALTA','BAIXA','NORMAL'),
        recurrence_type enum ('DIARIA','DIAS_ESPECIFICOS','INTERVALO','PERIODO_DETERMINADO','SEM_DATA_FINAL','UNICA'),
        primary key (id)
    )
2026-07-27T23:16:13.782-03:00 DEBUG 1664 --- [cuida-plus-api] [           main] org.hibernate.SQL                        : 
    create table service_request_care_snapshot_weekdays (
        snapshot_item_id uuid not null,
        weekday enum ('DOMINGO','QUARTA','QUINTA','SABADO','SEGUNDA','SEXTA','TERCA')
    )
2026-07-27T23:16:13.782-03:00 DEBUG 1664 --- [cuida-plus-api] [           main] org.hibernate.SQL                        : 
    create table service_request_dates (
        service_date date,
        service_request_id uuid not null
    )
2026-07-27T23:16:13.783-03:00 DEBUG 1664 --- [cuida-plus-api] [           main] org.hibernate.SQL                        : 
    create table service_request_schedule_days (
        end_time time(6),
        start_time time(6),
        service_request_id uuid not null,
        weekday enum ('DOMINGO','QUARTA','QUINTA','SABADO','SEGUNDA','SEXTA','TERCA')
    )
2026-07-27T23:16:13.785-03:00 DEBUG 1664 --- [cuida-plus-api] [           main] org.hibernate.SQL                        : 
    create table service_requests (
        end_date date,
        start_date date,
        canceled_at timestamp(6) with time zone,
        created_at timestamp(6) with time zone not null,
        expires_at timestamp(6) with time zone not null,
        updated_at timestamp(6) with time zone not null,
        assisted_person_id uuid not null,
        care_routine_id uuid,
        caregiver_user_id uuid not null,
        id uuid not null,
        responsible_user_id uuid not null,
        care_routine_name_snapshot varchar(140),
        activity_other varchar(500),
        cancellation_reason varchar(1000),
        negotiation_notes varchar(1000),
        rejection_reason varchar(1000),
        additional_notes varchar(2000),
        needs_description varchar(2000) not null,
        hiring_type enum ('PERIODO_DETERMINADO','PERIODO_INDETERMINADO','PONTUAL') not null,
        status enum ('ACEITA','CANCELADA','EXPIRADA','PENDENTE','REJEITADA') not null,
        primary key (id)
    )
2026-07-27T23:16:13.787-03:00 DEBUG 1664 --- [cuida-plus-api] [           main] org.hibernate.SQL                        : 
    create table status_history (
        created_at timestamp(6) with time zone not null,
        changed_by_user_id uuid,
        entity_id uuid not null,
        id uuid not null,
        new_status varchar(30) not null,
        previous_status varchar(30),
        reason varchar(1000),
        entity_type enum ('CARE_CONTRACT','SERVICE_REQUEST') not null,
        primary key (id)
    )
2026-07-27T23:16:13.789-03:00 DEBUG 1664 --- [cuida-plus-api] [           main] org.hibernate.SQL                        : 
    create table task_occurrences (
        auto_marked_not_done boolean not null,
        exception boolean not null,
        scheduled_date date not null,
        scheduled_time time(6) not null,
        canceled_at timestamp(6) with time zone,
        completed_at timestamp(6) with time zone,
        created_at timestamp(6) with time zone not null,
        scheduled_instant_utc timestamp(6) with time zone not null,
        status_updated_at timestamp(6) with time zone,
        updated_at timestamp(6) with time zone not null,
        version bigint not null,
        assisted_person_id uuid not null,
        caregiver_user_id uuid not null,
        contract_id uuid not null,
        executed_by_user_id uuid,
        id uuid not null,
        task_id uuid not null,
        timezone varchar(80) not null,
        execution_note varchar(1000),
        non_completion_reason varchar(1000),
        status enum ('ATRASADA','CANCELADA','CONCLUIDA','NAO_REALIZADA','PENDENTE') not null,
        primary key (id),
        constraint uk_task_occurrence_schedule unique (task_id, scheduled_date, scheduled_time)
    )
2026-07-27T23:16:13.791-03:00 DEBUG 1664 --- [cuida-plus-api] [           main] org.hibernate.SQL                        : 
    create table users (
        birth_date date not null,
        created_at timestamp(6) with time zone not null,
        updated_at timestamp(6) with time zone not null,
        cpf varchar(11) not null,
        id uuid not null,
        phone varchar(20),
        status varchar(30) not null,
        full_name varchar(140) not null,
        email varchar(180) not null,
        profile_photo_url varchar(500),
        password_hash varchar(255) not null,
        user_type enum ('ADMIN','CAREGIVER','CUIDADOR','FAMILY','RESPONSAVEL') not null,
        primary key (id),
        constraint uk_users_email unique (email),
        constraint uk_users_cpf unique (cpf)
    )
2026-07-27T23:16:13.793-03:00 DEBUG 1664 --- [cuida-plus-api] [           main] org.hibernate.SQL                        : 
    alter table if exists assisted_person_allergies 
       add constraint FKrqlissj0k48lbx8gmf1337y25 
       foreign key (assisted_person_id) 
       references assisted_persons
2026-07-27T23:16:13.835-03:00 DEBUG 1664 --- [cuida-plus-api] [           main] org.hibernate.SQL                        : 
    alter table if exists assisted_person_food_restrictions 
       add constraint FKihvqc879qh44mqapfs08bx9q9 
       foreign key (assisted_person_id) 
       references assisted_persons
2026-07-27T23:16:13.866-03:00 DEBUG 1664 --- [cuida-plus-api] [           main] org.hibernate.SQL                        : 
    alter table if exists assisted_persons 
       add constraint FK8ru1evehrc33yi5fo6cqrc8h8 
       foreign key (responsible_user_id) 
       references users
2026-07-27T23:16:13.873-03:00 DEBUG 1664 --- [cuida-plus-api] [           main] org.hibernate.SQL                        : 
    alter table if exists care_activity_records 
       add constraint FKa3o8o0m4a05x7hi89u0bwu8i9 
       foreign key (assisted_person_id) 
       references assisted_persons
2026-07-27T23:16:13.875-03:00 DEBUG 1664 --- [cuida-plus-api] [           main] org.hibernate.SQL                        : 
    alter table if exists care_activity_records 
       add constraint FKqgbs0vmqf35chi0u580scugo7 
       foreign key (caregiver_user_id) 
       references users
2026-07-27T23:16:13.876-03:00 DEBUG 1664 --- [cuida-plus-api] [           main] org.hibernate.SQL                        : 
    alter table if exists care_activity_records 
       add constraint FKe8h2ai4mc8mjqa7k07m3w9b85 
       foreign key (contract_id) 
       references care_contracts
2026-07-27T23:16:13.877-03:00 DEBUG 1664 --- [cuida-plus-api] [           main] org.hibernate.SQL                        : 
    alter table if exists care_activity_records 
       add constraint FKqlqb2lvv0p1vwpx1qpnnuporj 
       foreign key (occurrence_id) 
       references task_occurrences
2026-07-27T23:16:13.882-03:00 DEBUG 1664 --- [cuida-plus-api] [           main] org.hibernate.SQL                        : 
    alter table if exists care_activity_records 
       add constraint FKm8ihwwwok08jttm2f0ki7mlqb 
       foreign key (responsible_user_id) 
       references users
2026-07-27T23:16:13.885-03:00 DEBUG 1664 --- [cuida-plus-api] [           main] org.hibernate.SQL                        : 
    alter table if exists care_contracts 
       add constraint FKjesfb6rrkkqghisucj3w1o3pt 
       foreign key (assisted_person_id) 
       references assisted_persons
2026-07-27T23:16:13.887-03:00 DEBUG 1664 --- [cuida-plus-api] [           main] org.hibernate.SQL                        : 
    alter table if exists care_contracts 
       add constraint FKortd7iflswr81xslq620k84en 
       foreign key (cancellation_requested_by_user_id) 
       references users
2026-07-27T23:16:13.889-03:00 DEBUG 1664 --- [cuida-plus-api] [           main] org.hibernate.SQL                        : 
    alter table if exists care_contracts 
       add constraint FKtd37sicleximyphy6lynalofv 
       foreign key (caregiver_user_id) 
       references users
2026-07-27T23:16:13.890-03:00 DEBUG 1664 --- [cuida-plus-api] [           main] org.hibernate.SQL                        : 
    alter table if exists care_contracts 
       add constraint FKpu1v21pjsxjcpnhtbl6q5xbnu 
       foreign key (responsible_user_id) 
       references users
2026-07-27T23:16:13.892-03:00 DEBUG 1664 --- [cuida-plus-api] [           main] org.hibernate.SQL                        : 
    alter table if exists care_contracts 
       add constraint FKauostnylbqyhd3g6oynj8es3q 
       foreign key (service_request_id) 
       references service_requests
2026-07-27T23:16:13.894-03:00 DEBUG 1664 --- [cuida-plus-api] [           main] org.hibernate.SQL                        : 
    alter table if exists care_contracts 
       add constraint FK1of3ais1kl927ae3hflbjsooq 
       foreign key (termination_requested_by_user_id) 
       references users
2026-07-27T23:16:13.898-03:00 DEBUG 1664 --- [cuida-plus-api] [           main] org.hibernate.SQL                        : 
    alter table if exists care_occurrence_photos 
       add constraint FKaq43og3jslbiwijvyj54dnxfw 
       foreign key (occurrence_id) 
       references task_occurrences
2026-07-27T23:16:13.899-03:00 DEBUG 1664 --- [cuida-plus-api] [           main] org.hibernate.SQL                        : 
    alter table if exists care_occurrence_photos 
       add constraint FKdfbwf1cn79rd8hfqjgn50m631 
       foreign key (uploaded_by_user_id) 
       references users
2026-07-27T23:16:13.901-03:00 DEBUG 1664 --- [cuida-plus-api] [           main] org.hibernate.SQL                        : 
    alter table if exists care_routine_item_weekdays 
       add constraint FKn7v5x2j0lqimp7p6pl4uv5wvq 
       foreign key (care_routine_item_id) 
       references care_routine_items
2026-07-27T23:16:13.902-03:00 DEBUG 1664 --- [cuida-plus-api] [           main] org.hibernate.SQL                        : 
    alter table if exists care_routine_items 
       add constraint FKodoehcmwg2nwf1t1kf93ghel9 
       foreign key (care_routine_id) 
       references care_routines
2026-07-27T23:16:13.904-03:00 DEBUG 1664 --- [cuida-plus-api] [           main] org.hibernate.SQL                        : 
    alter table if exists care_routines 
       add constraint FKt8wltx5v5ndlehp0lne7os48t 
       foreign key (assisted_person_id) 
       references assisted_persons
2026-07-27T23:16:14.030-03:00 DEBUG 1664 --- [cuida-plus-api] [           main] org.hibernate.SQL                        : 
    alter table if exists care_routines 
       add constraint FKtlrmlv6vyey4ir3g2sc338bcf 
       foreign key (responsible_user_id) 
       references users
2026-07-27T23:16:14.034-03:00 DEBUG 1664 --- [cuida-plus-api] [           main] org.hibernate.SQL                        : 
    alter table if exists care_task_audit 
       add constraint FK7pcjvhh6i12733ba9h4xkmrbu 
       foreign key (actor_user_id) 
       references users
2026-07-27T23:16:14.036-03:00 DEBUG 1664 --- [cuida-plus-api] [           main] org.hibernate.SQL                        : 
    alter table if exists care_task_audit 
       add constraint FKgd1lnymnivmqm0fnj88l1kgki 
       foreign key (occurrence_id) 
       references task_occurrences
2026-07-27T23:16:14.043-03:00 DEBUG 1664 --- [cuida-plus-api] [           main] org.hibernate.SQL                        : 
    alter table if exists care_task_audit 
       add constraint FKp0wxh7d41s5bvmxfdyol7itfc 
       foreign key (task_id) 
       references care_tasks
2026-07-27T23:16:14.044-03:00 DEBUG 1664 --- [cuida-plus-api] [           main] org.hibernate.SQL                        : 
    alter table if exists care_task_reminders 
       add constraint FK6i4m9prqtr20wp59rdg7ybhmb 
       foreign key (occurrence_id) 
       references task_occurrences
2026-07-27T23:16:14.048-03:00 DEBUG 1664 --- [cuida-plus-api] [           main] org.hibernate.SQL                        : 
    alter table if exists care_task_reminders 
       add constraint FK2nkpo4nrl3e83ec3m95m81mor 
       foreign key (recipient_user_id) 
       references users
2026-07-27T23:16:14.051-03:00 DEBUG 1664 --- [cuida-plus-api] [           main] org.hibernate.SQL                        : 
    alter table if exists care_task_weekdays 
       add constraint FKkd664ugbdj6dtt8khs9y6w6oa 
       foreign key (task_id) 
       references care_tasks
2026-07-27T23:16:14.052-03:00 DEBUG 1664 --- [cuida-plus-api] [           main] org.hibernate.SQL                        : 
    alter table if exists care_tasks 
       add constraint FK7oo9uecxve6vg5nivsvi9raoh 
       foreign key (assisted_person_id) 
       references assisted_persons
2026-07-27T23:16:14.054-03:00 DEBUG 1664 --- [cuida-plus-api] [           main] org.hibernate.SQL                        : 
    alter table if exists care_tasks 
       add constraint FKdrpcwym48o0fbvtwjg28maljb 
       foreign key (caregiver_executor_id) 
       references users
2026-07-27T23:16:14.056-03:00 DEBUG 1664 --- [cuida-plus-api] [           main] org.hibernate.SQL                        : 
    alter table if exists care_tasks 
       add constraint FK5ek3ym6r3y07mau07bic92b4l 
       foreign key (contract_id) 
       references care_contracts
2026-07-27T23:16:14.058-03:00 DEBUG 1664 --- [cuida-plus-api] [           main] org.hibernate.SQL                        : 
    alter table if exists care_tasks 
       add constraint FKe25d4ukpin59doje2r02ovn5e 
       foreign key (created_by_user_id) 
       references users
2026-07-27T23:16:14.061-03:00 DEBUG 1664 --- [cuida-plus-api] [           main] org.hibernate.SQL                        : 
    alter table if exists care_tasks 
       add constraint FKf53ocruny9i9evcxg45ihwhgv 
       foreign key (duplicate_of_task_id) 
       references care_tasks
2026-07-27T23:16:14.066-03:00 DEBUG 1664 --- [cuida-plus-api] [           main] org.hibernate.SQL                        : 
    alter table if exists care_tasks 
       add constraint FKlmfik0vhroyajfijdbwr9c805 
       foreign key (previous_series_id) 
       references care_tasks
2026-07-27T23:16:14.069-03:00 DEBUG 1664 --- [cuida-plus-api] [           main] org.hibernate.SQL                        : 
    alter table if exists care_tasks 
       add constraint FK62y6wnj8kuj7s6vv13s95mlqc 
       foreign key (responsible_creator_id) 
       references users
2026-07-27T23:16:14.071-03:00 DEBUG 1664 --- [cuida-plus-api] [           main] org.hibernate.SQL                        : 
    alter table if exists care_tasks 
       add constraint FKqyeulhqf1d57d06tn8ouly7v0 
       foreign key (source_snapshot_item_id) 
       references service_request_care_items_snapshot
2026-07-27T23:16:14.073-03:00 DEBUG 1664 --- [cuida-plus-api] [           main] org.hibernate.SQL                        : 
    alter table if exists care_tasks 
       add constraint FKq06j7sdtw210i83tqyxlua18j 
       foreign key (updated_by_user_id) 
       references users
2026-07-27T23:16:14.075-03:00 DEBUG 1664 --- [cuida-plus-api] [           main] org.hibernate.SQL                        : 
    alter table if exists caregiver_availability_days 
       add constraint FK5wtfq29085kfbsqw2heio5dto 
       foreign key (caregiver_profile_id) 
       references caregiver_profiles
2026-07-27T23:16:14.076-03:00 DEBUG 1664 --- [cuida-plus-api] [           main] org.hibernate.SQL                        : 
    alter table if exists caregiver_availability_periods 
       add constraint FKmnoa9v964puf4vs4wdv1dgsrj 
       foreign key (caregiver_profile_id) 
       references caregiver_profiles
2026-07-27T23:16:14.083-03:00 DEBUG 1664 --- [cuida-plus-api] [           main] org.hibernate.SQL                        : 
    alter table if exists caregiver_formations 
       add constraint FKsi9c5loqulj7ofiphc9r3imf1 
       foreign key (caregiver_profile_id) 
       references caregiver_profiles
2026-07-27T23:16:14.084-03:00 DEBUG 1664 --- [cuida-plus-api] [           main] org.hibernate.SQL                        : 
    alter table if exists caregiver_modalities 
       add constraint FKiixbsh33qlw59t2x4ss2k66bs 
       foreign key (caregiver_profile_id) 
       references caregiver_profiles
2026-07-27T23:16:14.085-03:00 DEBUG 1664 --- [cuida-plus-api] [           main] org.hibernate.SQL                        : 
    alter table if exists caregiver_profiles 
       add constraint FKjrjoa6u6cxduf9yoca7gbo5qx 
       foreign key (user_id) 
       references users
2026-07-27T23:16:14.087-03:00 DEBUG 1664 --- [cuida-plus-api] [           main] org.hibernate.SQL                        : 
    alter table if exists caregiver_services 
       add constraint FK1bg4v9mtlmvaodnqdfx3fp4kr 
       foreign key (caregiver_profile_id) 
       references caregiver_profiles
2026-07-27T23:16:14.088-03:00 DEBUG 1664 --- [cuida-plus-api] [           main] org.hibernate.SQL                        : 
    alter table if exists emergency_contacts 
       add constraint FKbbcl2chlln5my0sbt2uh29idr 
       foreign key (assisted_person_id) 
       references assisted_persons
2026-07-27T23:16:14.089-03:00 DEBUG 1664 --- [cuida-plus-api] [           main] org.hibernate.SQL                        : 
    alter table if exists notifications 
       add constraint FKt8ievafor22iuvg5sd4p7lhbk 
       foreign key (recipient_user_id) 
       references users
2026-07-27T23:16:14.091-03:00 DEBUG 1664 --- [cuida-plus-api] [           main] org.hibernate.SQL                        : 
    alter table if exists password_reset_tokens 
       add constraint FKk3ndxg5xp6v7wd4gjyusp15gq 
       foreign key (user_id) 
       references users
2026-07-27T23:16:14.092-03:00 DEBUG 1664 --- [cuida-plus-api] [           main] org.hibernate.SQL                        : 
    alter table if exists responsible_profiles 
       add constraint FKkerbxnvc4wpn6x11x607xnnv7 
       foreign key (user_id) 
       references users
2026-07-27T23:16:14.094-03:00 DEBUG 1664 --- [cuida-plus-api] [           main] org.hibernate.SQL                        : 
    alter table if exists service_request_activities 
       add constraint FK8ktekah0j3bm7opa407fr2l48 
       foreign key (service_request_id) 
       references service_requests
2026-07-27T23:16:14.095-03:00 DEBUG 1664 --- [cuida-plus-api] [           main] org.hibernate.SQL                        : 
    alter table if exists service_request_care_items_snapshot 
       add constraint FK4omfo6ahi3l2ro7lv00oxc6dg 
       foreign key (original_care_routine_id) 
       references care_routines
2026-07-27T23:16:14.097-03:00 DEBUG 1664 --- [cuida-plus-api] [           main] org.hibernate.SQL                        : 
    alter table if exists service_request_care_items_snapshot 
       add constraint FKg0et3c6ql5vmv9do5r91f44m6 
       foreign key (original_care_routine_item_id) 
       references care_routine_items
2026-07-27T23:16:14.099-03:00 DEBUG 1664 --- [cuida-plus-api] [           main] org.hibernate.SQL                        : 
    alter table if exists service_request_care_items_snapshot 
       add constraint FK8umeiwxx3px0p8nm7jjt5p4of 
       foreign key (service_request_id) 
       references service_requests
2026-07-27T23:16:14.101-03:00 DEBUG 1664 --- [cuida-plus-api] [           main] org.hibernate.SQL                        : 
    alter table if exists service_request_care_snapshot_weekdays 
       add constraint FKp35bs52np8ogir51h54vanhb2 
       foreign key (snapshot_item_id) 
       references service_request_care_items_snapshot
2026-07-27T23:16:14.102-03:00 DEBUG 1664 --- [cuida-plus-api] [           main] org.hibernate.SQL                        : 
    alter table if exists service_request_dates 
       add constraint FKg60dw0yv60w90axwhq0k9n0aw 
       foreign key (service_request_id) 
       references service_requests
2026-07-27T23:16:14.103-03:00 DEBUG 1664 --- [cuida-plus-api] [           main] org.hibernate.SQL                        : 
    alter table if exists service_request_schedule_days 
       add constraint FKjvrkd4eqy40pfqrkfr39jshjb 
       foreign key (service_request_id) 
       references service_requests
2026-07-27T23:16:14.105-03:00 DEBUG 1664 --- [cuida-plus-api] [           main] org.hibernate.SQL                        : 
    alter table if exists service_requests 
       add constraint FKjt8qn0vwhb7ubo8uqf28r1hxi 
       foreign key (assisted_person_id) 
       references assisted_persons
2026-07-27T23:16:14.106-03:00 DEBUG 1664 --- [cuida-plus-api] [           main] org.hibernate.SQL                        : 
    alter table if exists service_requests 
       add constraint FKeciyougm1lg9v92fc54e4202f 
       foreign key (care_routine_id) 
       references care_routines
2026-07-27T23:16:14.107-03:00 DEBUG 1664 --- [cuida-plus-api] [           main] org.hibernate.SQL                        : 
    alter table if exists service_requests 
       add constraint FK5rjmjelowcvnluv50asuwk3pr 
       foreign key (caregiver_user_id) 
       references users
2026-07-27T23:16:14.109-03:00 DEBUG 1664 --- [cuida-plus-api] [           main] org.hibernate.SQL                        : 
    alter table if exists service_requests 
       add constraint FKhb15aj7bbicjg852d8t9pnr2j 
       foreign key (responsible_user_id) 
       references users
2026-07-27T23:16:14.110-03:00 DEBUG 1664 --- [cuida-plus-api] [           main] org.hibernate.SQL                        : 
    alter table if exists status_history 
       add constraint FK85nrate3cuas8ca9ilgupancr 
       foreign key (changed_by_user_id) 
       references users
2026-07-27T23:16:14.111-03:00 DEBUG 1664 --- [cuida-plus-api] [           main] org.hibernate.SQL                        : 
    alter table if exists task_occurrences 
       add constraint FK930j590lytmutij3awf9fesem 
       foreign key (assisted_person_id) 
       references assisted_persons
2026-07-27T23:16:14.113-03:00 DEBUG 1664 --- [cuida-plus-api] [           main] org.hibernate.SQL                        : 
    alter table if exists task_occurrences 
       add constraint FK9fbwemu1itvp03p7aiau0m2p3 
       foreign key (caregiver_user_id) 
       references users
2026-07-27T23:16:14.117-03:00 DEBUG 1664 --- [cuida-plus-api] [           main] org.hibernate.SQL                        : 
    alter table if exists task_occurrences 
       add constraint FKq05wwrjnqra6lcvgvjl2o1uw6 
       foreign key (contract_id) 
       references care_contracts
2026-07-27T23:16:14.122-03:00 DEBUG 1664 --- [cuida-plus-api] [           main] org.hibernate.SQL                        : 
    alter table if exists task_occurrences 
       add constraint FKjigkqbdhsnta2bqqyybjch8oo 
       foreign key (executed_by_user_id) 
       references users
2026-07-27T23:16:14.124-03:00 DEBUG 1664 --- [cuida-plus-api] [           main] org.hibernate.SQL                        : 
    alter table if exists task_occurrences 
       add constraint FK6tqduip3i6p6stm0s9m3j2x46 
       foreign key (task_id) 
       references care_tasks
2026-07-27T23:16:14.130-03:00  INFO 1664 --- [cuida-plus-api] [           main] j.LocalContainerEntityManagerFactoryBean : Initialized JPA EntityManagerFactory for persistence unit 'default'
2026-07-27T23:16:15.373-03:00  INFO 1664 --- [cuida-plus-api] [           main] o.s.d.j.r.query.QueryEnhancerFactory     : Hibernate is in classpath; If applicable, HQL parser will be used.
2026-07-27T23:16:16.376-03:00 DEBUG 1664 --- [cuida-plus-api] [           main] ySourcesPropertyResolver$DefaultResolver : Found key 'JWT_SECRET' in PropertySource 'Inlined Test Properties' with value of type String
2026-07-27T23:16:16.504-03:00 DEBUG 1664 --- [cuida-plus-api] [           main] ySourcesPropertyResolver$DefaultResolver : Found key 'PASSWORD_RESET_MOBILE_URL' in PropertySource 'Inlined Test Properties' with value of type String
2026-07-27T23:16:16.506-03:00 DEBUG 1664 --- [cuida-plus-api] [           main] ySourcesPropertyResolver$DefaultResolver : Found key 'PASSWORD_RESET_WEB_URL' in PropertySource 'Inlined Test Properties' with value of type String
2026-07-27T23:16:16.508-03:00 DEBUG 1664 --- [cuida-plus-api] [           main] ySourcesPropertyResolver$DefaultResolver : Found key 'PASSWORD_RESET_PREFER_MOBILE_LINK' in PropertySource 'Inlined Test Properties' with value of type String
2026-07-27T23:16:17.169-03:00  WARN 1664 --- [cuida-plus-api] [           main] .s.s.UserDetailsServiceAutoConfiguration : 

Using generated security password: 20e8bc3e-1a3f-47f5-98c3-7491edf835ed

This generated password is for development use only. Your security configuration must be updated before running your application in production.

2026-07-27T23:16:17.193-03:00  INFO 1664 --- [cuida-plus-api] [           main] r$InitializeUserDetailsManagerConfigurer : Global AuthenticationManager configured with UserDetailsService bean with name inMemoryUserDetailsManager
2026-07-27T23:16:17.589-03:00 DEBUG 1664 --- [cuida-plus-api] [           main] s.w.s.m.m.a.RequestMappingHandlerMapping : 86 mappings in 'requestMappingHandlerMapping'
2026-07-27T23:16:17.708-03:00 DEBUG 1664 --- [cuida-plus-api] [           main] o.s.w.s.handler.SimpleUrlHandlerMapping  : Patterns [/webjars/**, /**] in 'resourceHandlerMapping'
2026-07-27T23:16:18.172-03:00 DEBUG 1664 --- [cuida-plus-api] [           main] s.w.s.m.m.a.RequestMappingHandlerAdapter : ControllerAdvice beans: 0 @ModelAttribute, 0 @InitBinder, 1 RequestBodyAdvice, 1 ResponseBodyAdvice
2026-07-27T23:16:18.235-03:00 DEBUG 1664 --- [cuida-plus-api] [           main] .m.m.a.ExceptionHandlerExceptionResolver : ControllerAdvice beans: 1 @ExceptionHandler, 1 ResponseBodyAdvice
2026-07-27T23:16:18.432-03:00 DEBUG 1664 --- [cuida-plus-api] [           main] ySourcesPropertyResolver$DefaultResolver : Found key 'EMAIL_HOST' in PropertySource 'systemEnvironment' with value of type String
2026-07-27T23:16:18.432-03:00 DEBUG 1664 --- [cuida-plus-api] [           main] ySourcesPropertyResolver$DefaultResolver : Found key 'EMAIL_SENHA' in PropertySource 'systemEnvironment' with value of type String
2026-07-27T23:16:18.434-03:00 DEBUG 1664 --- [cuida-plus-api] [           main] ySourcesPropertyResolver$DefaultResolver : Found key 'EMAIL_LOGIN' in PropertySource 'systemEnvironment' with value of type String
2026-07-27T23:16:18.536-03:00 DEBUG 1664 --- [cuida-plus-api] [           main] .s.b.a.l.ConditionEvaluationReportLogger : 


============================
CONDITIONS EVALUATION REPORT
============================


Positive matches:
-----------------

   AopAutoConfiguration matched:
      - @ConditionalOnProperty (spring.aop.auto=true) matched (OnPropertyCondition)

   AopAutoConfiguration.AspectJAutoProxyingConfiguration matched:
      - @ConditionalOnClass found required class 'org.aspectj.weaver.Advice' (OnClassCondition)

   AopAutoConfiguration.AspectJAutoProxyingConfiguration.CglibAutoProxyConfiguration matched:
      - @ConditionalOnProperty (spring.aop.proxy-target-class=true) matched (OnPropertyCondition)

   ApplicationAvailabilityAutoConfiguration#applicationAvailability matched:
      - @ConditionalOnMissingBean (types: org.springframework.boot.availability.ApplicationAvailability; SearchStrategy: all) did not find any beans (OnBeanCondition)

   DataSourceAutoConfiguration matched:
      - @ConditionalOnClass found required classes 'javax.sql.DataSource', 'org.springframework.jdbc.datasource.embedded.EmbeddedDatabaseType' (OnClassCondition)
      - @ConditionalOnMissingBean (types: io.r2dbc.spi.ConnectionFactory; SearchStrategy: all) did not find any beans (OnBeanCondition)

   DataSourceAutoConfiguration.PooledDataSourceConfiguration matched:
      - AnyNestedCondition 1 matched 1 did not; NestedCondition on DataSourceAutoConfiguration.PooledDataSourceCondition.PooledDataSourceAvailable PooledDataSource found supported DataSource; NestedCondition on DataSourceAutoConfiguration.PooledDataSourceCondition.ExplicitType @ConditionalOnProperty (spring.datasource.type) did not find property 'type' (DataSourceAutoConfiguration.PooledDataSourceCondition)
      - @ConditionalOnMissingBean (types: javax.sql.DataSource,javax.sql.XADataSource; SearchStrategy: all) did not find any beans (OnBeanCondition)

   DataSourceAutoConfiguration.PooledDataSourceConfiguration#jdbcConnectionDetails matched:
      - @ConditionalOnMissingBean (types: org.springframework.boot.autoconfigure.jdbc.JdbcConnectionDetails; SearchStrategy: all) did not find any beans (OnBeanCondition)

   DataSourceConfiguration.Hikari matched:
      - @ConditionalOnClass found required class 'com.zaxxer.hikari.HikariDataSource' (OnClassCondition)
      - @ConditionalOnProperty (spring.datasource.type=com.zaxxer.hikari.HikariDataSource) matched (OnPropertyCondition)
      - @ConditionalOnMissingBean (types: javax.sql.DataSource; SearchStrategy: all) did not find any beans (OnBeanCondition)

   DataSourceInitializationConfiguration matched:
      - @ConditionalOnClass found required class 'org.springframework.jdbc.datasource.init.DatabasePopulator' (OnClassCondition)
      - @ConditionalOnSingleCandidate (types: javax.sql.DataSource; SearchStrategy: all) found a single bean 'dataSource'; @ConditionalOnMissingBean (types: org.springframework.boot.autoconfigure.sql.init.SqlDataSourceScriptDatabaseInitializer,org.springframework.boot.autoconfigure.sql.init.SqlR2dbcScriptDatabaseInitializer; SearchStrategy: all) did not find any beans (OnBeanCondition)

   DataSourcePoolMetadataProvidersConfiguration.HikariPoolDataSourceMetadataProviderConfiguration matched:
      - @ConditionalOnClass found required class 'com.zaxxer.hikari.HikariDataSource' (OnClassCondition)

   DataSourceTransactionManagerAutoConfiguration matched:
      - @ConditionalOnClass found required classes 'javax.sql.DataSource', 'org.springframework.jdbc.core.JdbcTemplate', 'org.springframework.transaction.TransactionManager' (OnClassCondition)

   DataSourceTransactionManagerAutoConfiguration.JdbcTransactionManagerConfiguration matched:
      - @ConditionalOnSingleCandidate (types: javax.sql.DataSource; SearchStrategy: all) found a single bean 'dataSource' (OnBeanCondition)

   DispatcherServletAutoConfiguration matched:
      - @ConditionalOnClass found required class 'org.springframework.web.servlet.DispatcherServlet' (OnClassCondition)
      - found 'session' scope (OnWebApplicationCondition)

   DispatcherServletAutoConfiguration.DispatcherServletConfiguration matched:
      - @ConditionalOnClass found required class 'jakarta.servlet.ServletRegistration' (OnClassCondition)
      - Default DispatcherServlet did not find dispatcher servlet beans (DispatcherServletAutoConfiguration.DefaultDispatcherServletCondition)

   DispatcherServletAutoConfiguration.DispatcherServletRegistrationConfiguration matched:
      - @ConditionalOnClass found required class 'jakarta.servlet.ServletRegistration' (OnClassCondition)
      - DispatcherServlet Registration did not find servlet registration bean (DispatcherServletAutoConfiguration.DispatcherServletRegistrationCondition)

   DispatcherServletAutoConfiguration.DispatcherServletRegistrationConfiguration#dispatcherServletRegistration matched:
      - @ConditionalOnBean (names: dispatcherServlet types: org.springframework.web.servlet.DispatcherServlet; SearchStrategy: all) found bean 'dispatcherServlet' (OnBeanCondition)

   ErrorMvcAutoConfiguration matched:
      - @ConditionalOnClass found required classes 'jakarta.servlet.Servlet', 'org.springframework.web.servlet.DispatcherServlet' (OnClassCondition)
      - found 'session' scope (OnWebApplicationCondition)

   ErrorMvcAutoConfiguration#basicErrorController matched:
      - @ConditionalOnMissingBean (types: org.springframework.boot.web.servlet.error.ErrorController; SearchStrategy: current) did not find any beans (OnBeanCondition)

   ErrorMvcAutoConfiguration#errorAttributes matched:
      - @ConditionalOnMissingBean (types: org.springframework.boot.web.servlet.error.ErrorAttributes; SearchStrategy: current) did not find any beans (OnBeanCondition)

   ErrorMvcAutoConfiguration.DefaultErrorViewResolverConfiguration#conventionErrorViewResolver matched:
      - @ConditionalOnBean (types: org.springframework.web.servlet.DispatcherServlet; SearchStrategy: all) found bean 'dispatcherServlet'; @ConditionalOnMissingBean (types: org.springframework.boot.autoconfigure.web.servlet.error.ErrorViewResolver; SearchStrategy: all) did not find any beans (OnBeanCondition)

   ErrorMvcAutoConfiguration.WhitelabelErrorViewConfiguration matched:
      - @ConditionalOnProperty (server.error.whitelabel.enabled) matched (OnPropertyCondition)
      - ErrorTemplate Missing did not find error template view (ErrorMvcAutoConfiguration.ErrorTemplateMissingCondition)

   ErrorMvcAutoConfiguration.WhitelabelErrorViewConfiguration#beanNameViewResolver matched:
      - @ConditionalOnMissingBean (types: org.springframework.web.servlet.view.BeanNameViewResolver; SearchStrategy: all) did not find any beans (OnBeanCondition)

   ErrorMvcAutoConfiguration.WhitelabelErrorViewConfiguration#defaultErrorView matched:
      - @ConditionalOnMissingBean (names: error; SearchStrategy: all) did not find any beans (OnBeanCondition)

   GenericCacheConfiguration matched:
      - Cache org.springframework.boot.autoconfigure.cache.GenericCacheConfiguration automatic cache type (CacheCondition)

   GsonAutoConfiguration matched:
      - @ConditionalOnClass found required class 'com.google.gson.Gson' (OnClassCondition)

   GsonAutoConfiguration#gson matched:
      - @ConditionalOnMissingBean (types: com.google.gson.Gson; SearchStrategy: all) did not find any beans (OnBeanCondition)

   GsonAutoConfiguration#gsonBuilder matched:
      - @ConditionalOnMissingBean (types: com.google.gson.GsonBuilder; SearchStrategy: all) did not find any beans (OnBeanCondition)

   GsonHttpMessageConvertersConfiguration matched:
      - @ConditionalOnClass found required class 'com.google.gson.Gson' (OnClassCondition)

   HibernateJpaAutoConfiguration matched:
      - @ConditionalOnClass found required classes 'org.springframework.orm.jpa.LocalContainerEntityManagerFactoryBean', 'jakarta.persistence.EntityManager', 'org.hibernate.engine.spi.SessionImplementor' (OnClassCondition)

   HibernateJpaConfiguration matched:
      - @ConditionalOnSingleCandidate (types: javax.sql.DataSource; SearchStrategy: all) found a single bean 'dataSource' (OnBeanCondition)

   HttpEncodingAutoConfiguration matched:
      - @ConditionalOnClass found required class 'org.springframework.web.filter.CharacterEncodingFilter' (OnClassCondition)
      - found 'session' scope (OnWebApplicationCondition)
      - @ConditionalOnProperty (server.servlet.encoding.enabled) matched (OnPropertyCondition)

   HttpEncodingAutoConfiguration#characterEncodingFilter matched:
      - @ConditionalOnMissingBean (types: org.springframework.web.filter.CharacterEncodingFilter; SearchStrategy: all) did not find any beans (OnBeanCondition)

   HttpMessageConvertersAutoConfiguration matched:
      - @ConditionalOnClass found required class 'org.springframework.http.converter.HttpMessageConverter' (OnClassCondition)
      - NoneNestedConditions 0 matched 1 did not; NestedCondition on HttpMessageConvertersAutoConfiguration.NotReactiveWebApplicationCondition.ReactiveWebApplication did not find reactive web application classes (HttpMessageConvertersAutoConfiguration.NotReactiveWebApplicationCondition)

   HttpMessageConvertersAutoConfiguration#messageConverters matched:
      - @ConditionalOnMissingBean (types: org.springframework.boot.autoconfigure.http.HttpMessageConverters; SearchStrategy: all) did not find any beans (OnBeanCondition)

   HttpMessageConvertersAutoConfiguration.StringHttpMessageConverterConfiguration matched:
      - @ConditionalOnClass found required class 'org.springframework.http.converter.StringHttpMessageConverter' (OnClassCondition)

   HttpMessageConvertersAutoConfiguration.StringHttpMessageConverterConfiguration#stringHttpMessageConverter matched:
      - @ConditionalOnMissingBean (types: org.springframework.http.converter.StringHttpMessageConverter; SearchStrategy: all) did not find any beans (OnBeanCondition)

   JacksonAutoConfiguration matched:
      - @ConditionalOnClass found required class 'com.fasterxml.jackson.databind.ObjectMapper' (OnClassCondition)

   JacksonAutoConfiguration.Jackson2ObjectMapperBuilderCustomizerConfiguration matched:
      - @ConditionalOnClass found required class 'org.springframework.http.converter.json.Jackson2ObjectMapperBuilder' (OnClassCondition)

   JacksonAutoConfiguration.JacksonObjectMapperBuilderConfiguration matched:
      - @ConditionalOnClass found required class 'org.springframework.http.converter.json.Jackson2ObjectMapperBuilder' (OnClassCondition)

   JacksonAutoConfiguration.JacksonObjectMapperBuilderConfiguration#jacksonObjectMapperBuilder matched:
      - @ConditionalOnMissingBean (types: org.springframework.http.converter.json.Jackson2ObjectMapperBuilder; SearchStrategy: all) did not find any beans (OnBeanCondition)

   JacksonAutoConfiguration.JacksonObjectMapperConfiguration matched:
      - @ConditionalOnClass found required class 'org.springframework.http.converter.json.Jackson2ObjectMapperBuilder' (OnClassCondition)

   JacksonAutoConfiguration.JacksonObjectMapperConfiguration#jacksonObjectMapper matched:
      - @ConditionalOnMissingBean (types: com.fasterxml.jackson.databind.ObjectMapper; SearchStrategy: all) did not find any beans (OnBeanCondition)

   JacksonAutoConfiguration.ParameterNamesModuleConfiguration matched:
      - @ConditionalOnClass found required class 'com.fasterxml.jackson.module.paramnames.ParameterNamesModule' (OnClassCondition)

   JacksonAutoConfiguration.ParameterNamesModuleConfiguration#parameterNamesModule matched:
      - @ConditionalOnMissingBean (types: com.fasterxml.jackson.module.paramnames.ParameterNamesModule; SearchStrategy: all) did not find any beans (OnBeanCondition)

   JacksonHttpMessageConvertersConfiguration.MappingJackson2HttpMessageConverterConfiguration matched:
      - @ConditionalOnClass found required class 'com.fasterxml.jackson.databind.ObjectMapper' (OnClassCondition)
      - @ConditionalOnProperty (spring.mvc.converters.preferred-json-mapper=jackson) matched (OnPropertyCondition)
      - @ConditionalOnBean (types: com.fasterxml.jackson.databind.ObjectMapper; SearchStrategy: all) found bean 'jacksonObjectMapper' (OnBeanCondition)

   JacksonHttpMessageConvertersConfiguration.MappingJackson2HttpMessageConverterConfiguration#mappingJackson2HttpMessageConverter matched:
      - @ConditionalOnMissingBean (types: org.springframework.http.converter.json.MappingJackson2HttpMessageConverter ignored: org.springframework.hateoas.server.mvc.TypeConstrainedMappingJackson2HttpMessageConverter,org.springframework.data.rest.webmvc.alps.AlpsJsonHttpMessageConverter; SearchStrategy: all) did not find any beans (OnBeanCondition)

   JdbcClientAutoConfiguration matched:
      - @ConditionalOnSingleCandidate (types: org.springframework.jdbc.core.namedparam.NamedParameterJdbcTemplate; SearchStrategy: all) found a single bean 'namedParameterJdbcTemplate'; @ConditionalOnMissingBean (types: org.springframework.jdbc.core.simple.JdbcClient; SearchStrategy: all) did not find any beans (OnBeanCondition)

   JdbcTemplateAutoConfiguration matched:
      - @ConditionalOnClass found required classes 'javax.sql.DataSource', 'org.springframework.jdbc.core.JdbcTemplate' (OnClassCondition)
      - @ConditionalOnSingleCandidate (types: javax.sql.DataSource; SearchStrategy: all) found a single bean 'dataSource' (OnBeanCondition)

   JdbcTemplateConfiguration matched:
      - @ConditionalOnMissingBean (types: org.springframework.jdbc.core.JdbcOperations; SearchStrategy: all) did not find any beans (OnBeanCondition)

   JpaBaseConfiguration#entityManagerFactory matched:
      - @ConditionalOnMissingBean (types: org.springframework.orm.jpa.LocalContainerEntityManagerFactoryBean,jakarta.persistence.EntityManagerFactory; SearchStrategy: all) did not find any beans (OnBeanCondition)

   JpaBaseConfiguration#entityManagerFactoryBuilder matched:
      - @ConditionalOnMissingBean (types: org.springframework.boot.orm.jpa.EntityManagerFactoryBuilder; SearchStrategy: all) did not find any beans (OnBeanCondition)

   JpaBaseConfiguration#jpaVendorAdapter matched:
      - @ConditionalOnMissingBean (types: org.springframework.orm.jpa.JpaVendorAdapter; SearchStrategy: all) did not find any beans (OnBeanCondition)

   JpaBaseConfiguration#transactionManager matched:
      - @ConditionalOnMissingBean (types: org.springframework.transaction.TransactionManager; SearchStrategy: all) did not find any beans (OnBeanCondition)

   JpaBaseConfiguration.PersistenceManagedTypesConfiguration matched:
      - @ConditionalOnMissingBean (types: org.springframework.orm.jpa.LocalContainerEntityManagerFactoryBean,jakarta.persistence.EntityManagerFactory; SearchStrategy: all) did not find any beans (OnBeanCondition)

   JpaBaseConfiguration.PersistenceManagedTypesConfiguration#persistenceManagedTypes matched:
      - @ConditionalOnMissingBean (types: org.springframework.orm.jpa.persistenceunit.PersistenceManagedTypes; SearchStrategy: all) did not find any beans (OnBeanCondition)

   JpaRepositoriesAutoConfiguration matched:
      - @ConditionalOnClass found required class 'org.springframework.data.jpa.repository.JpaRepository' (OnClassCondition)
      - @ConditionalOnProperty (spring.data.jpa.repositories.enabled=true) matched (OnPropertyCondition)
      - @ConditionalOnBean (types: javax.sql.DataSource; SearchStrategy: all) found bean 'dataSource'; @ConditionalOnMissingBean (types: org.springframework.data.jpa.repository.support.JpaRepositoryFactoryBean,org.springframework.data.jpa.repository.config.JpaRepositoryConfigExtension; SearchStrategy: all) did not find any beans (OnBeanCondition)

   JtaAutoConfiguration matched:
      - @ConditionalOnClass found required class 'jakarta.transaction.Transaction' (OnClassCondition)
      - @ConditionalOnProperty (spring.jta.enabled) matched (OnPropertyCondition)

   LifecycleAutoConfiguration#defaultLifecycleProcessor matched:
      - @ConditionalOnMissingBean (names: lifecycleProcessor; SearchStrategy: current) did not find any beans (OnBeanCondition)

   MailSenderAutoConfiguration matched:
      - @ConditionalOnClass found required classes 'jakarta.mail.internet.MimeMessage', 'jakarta.activation.MimeType', 'org.springframework.mail.MailSender' (OnClassCondition)
      - AnyNestedCondition 1 matched 1 did not; NestedCondition on MailSenderAutoConfiguration.MailSenderCondition.JndiNameProperty @ConditionalOnProperty (spring.mail.jndi-name) did not find property 'jndi-name'; NestedCondition on MailSenderAutoConfiguration.MailSenderCondition.HostProperty @ConditionalOnProperty (spring.mail.host) matched (MailSenderAutoConfiguration.MailSenderCondition)
      - @ConditionalOnMissingBean (types: org.springframework.mail.MailSender; SearchStrategy: all) did not find any beans (OnBeanCondition)

   MailSenderPropertiesConfiguration matched:
      - @ConditionalOnProperty (spring.mail.host) matched (OnPropertyCondition)

   MailSenderPropertiesConfiguration#mailSender matched:
      - @ConditionalOnMissingBean (types: org.springframework.mail.javamail.JavaMailSender; SearchStrategy: all) did not find any beans (OnBeanCondition)

   MultipartAutoConfiguration matched:
      - @ConditionalOnClass found required classes 'jakarta.servlet.Servlet', 'org.springframework.web.multipart.support.StandardServletMultipartResolver', 'jakarta.servlet.MultipartConfigElement' (OnClassCondition)
      - found 'session' scope (OnWebApplicationCondition)
      - @ConditionalOnProperty (spring.servlet.multipart.enabled) matched (OnPropertyCondition)

   MultipartAutoConfiguration#multipartConfigElement matched:
      - @ConditionalOnMissingBean (types: jakarta.servlet.MultipartConfigElement; SearchStrategy: all) did not find any beans (OnBeanCondition)

   MultipartAutoConfiguration#multipartResolver matched:
      - @ConditionalOnMissingBean (types: org.springframework.web.multipart.MultipartResolver; SearchStrategy: all) did not find any beans (OnBeanCondition)

   NamedParameterJdbcTemplateConfiguration matched:
      - @ConditionalOnSingleCandidate (types: org.springframework.jdbc.core.JdbcTemplate; SearchStrategy: all) found a single bean 'jdbcTemplate'; @ConditionalOnMissingBean (types: org.springframework.jdbc.core.namedparam.NamedParameterJdbcOperations; SearchStrategy: all) did not find any beans (OnBeanCondition)

   NoOpCacheConfiguration matched:
      - Cache org.springframework.boot.autoconfigure.cache.NoOpCacheConfiguration automatic cache type (CacheCondition)

   PersistenceExceptionTranslationAutoConfiguration matched:
      - @ConditionalOnClass found required class 'org.springframework.dao.annotation.PersistenceExceptionTranslationPostProcessor' (OnClassCondition)

   PersistenceExceptionTranslationAutoConfiguration#persistenceExceptionTranslationPostProcessor matched:
      - @ConditionalOnProperty (spring.dao.exceptiontranslation.enabled) matched (OnPropertyCondition)
      - @ConditionalOnMissingBean (types: org.springframework.dao.annotation.PersistenceExceptionTranslationPostProcessor; SearchStrategy: all) did not find any beans (OnBeanCondition)

   PropertyPlaceholderAutoConfiguration#propertySourcesPlaceholderConfigurer matched:
      - @ConditionalOnMissingBean (types: org.springframework.context.support.PropertySourcesPlaceholderConfigurer; SearchStrategy: current) did not find any beans (OnBeanCondition)

   RestClientAutoConfiguration matched:
      - @ConditionalOnClass found required class 'org.springframework.web.client.RestClient' (OnClassCondition)
      - NoneNestedConditions 0 matched 1 did not; NestedCondition on NotReactiveWebApplicationCondition.ReactiveWebApplication did not find reactive web application classes (NotReactiveWebApplicationCondition)

   RestClientAutoConfiguration#httpMessageConvertersRestClientCustomizer matched:
      - @ConditionalOnMissingBean (types: org.springframework.boot.autoconfigure.web.client.HttpMessageConvertersRestClientCustomizer; SearchStrategy: all) did not find any beans (OnBeanCondition)

   RestClientAutoConfiguration#restClientBuilder matched:
      - @ConditionalOnMissingBean (types: org.springframework.web.client.RestClient$Builder; SearchStrategy: all) did not find any beans (OnBeanCondition)

   RestClientAutoConfiguration#restClientBuilderConfigurer matched:
      - @ConditionalOnMissingBean (types: org.springframework.boot.autoconfigure.web.client.RestClientBuilderConfigurer; SearchStrategy: all) did not find any beans (OnBeanCondition)

   RestClientAutoConfiguration#restClientSsl matched:
      - @ConditionalOnBean (types: org.springframework.boot.ssl.SslBundles; SearchStrategy: all) found bean 'sslBundleRegistry'; @ConditionalOnMissingBean (types: org.springframework.boot.autoconfigure.web.client.RestClientSsl; SearchStrategy: all) did not find any beans (OnBeanCondition)

   RestTemplateAutoConfiguration matched:
      - @ConditionalOnClass found required class 'org.springframework.web.client.RestTemplate' (OnClassCondition)
      - NoneNestedConditions 0 matched 1 did not; NestedCondition on NotReactiveWebApplicationCondition.ReactiveWebApplication did not find reactive web application classes (NotReactiveWebApplicationCondition)

   RestTemplateAutoConfiguration#restTemplateBuilder matched:
      - @ConditionalOnMissingBean (types: org.springframework.boot.web.client.RestTemplateBuilder; SearchStrategy: all) did not find any beans (OnBeanCondition)

   SecurityAutoConfiguration matched:
      - @ConditionalOnClass found required class 'org.springframework.security.authentication.DefaultAuthenticationEventPublisher' (OnClassCondition)

   SecurityAutoConfiguration#authenticationEventPublisher matched:
      - @ConditionalOnMissingBean (types: org.springframework.security.authentication.AuthenticationEventPublisher; SearchStrategy: all) did not find any beans (OnBeanCondition)

   SecurityFilterAutoConfiguration matched:
      - @ConditionalOnClass found required classes 'org.springframework.security.web.context.AbstractSecurityWebApplicationInitializer', 'org.springframework.security.config.http.SessionCreationPolicy' (OnClassCondition)
      - found 'session' scope (OnWebApplicationCondition)

   SecurityFilterAutoConfiguration#securityFilterChainRegistration matched:
      - @ConditionalOnBean (names: springSecurityFilterChain; SearchStrategy: all) found bean 'springSecurityFilterChain' (OnBeanCondition)

   ServletWebServerFactoryAutoConfiguration matched:
      - @ConditionalOnClass found required class 'jakarta.servlet.ServletRequest' (OnClassCondition)
      - found 'session' scope (OnWebApplicationCondition)

   ServletWebServerFactoryAutoConfiguration#tomcatServletWebServerFactoryCustomizer matched:
      - @ConditionalOnClass found required class 'org.apache.catalina.startup.Tomcat' (OnClassCondition)

[...]
    delete 
    from
        users 
    where
        id=?
2026-07-27T23:16:19.249-03:00 DEBUG 1664 --- [cuida-plus-api] [           main] org.hibernate.SQL                        : 
    insert 
    into
        users
        (birth_date, cpf, created_at, email, full_name, password_hash, phone, profile_photo_url, status, updated_at, user_type, id) 
    values
        (?, ?, ?, ?, ?, ?, ?, ?, ?, ?, ?, ?)
2026-07-27T23:16:19.251-03:00 DEBUG 1664 --- [cuida-plus-api] [           main] org.hibernate.SQL                        : 
    select
        u1_0.id,
        u1_0.birth_date,
        u1_0.cpf,
        u1_0.created_at,
        u1_0.email,
        u1_0.full_name,
        u1_0.password_hash,
        u1_0.phone,
        u1_0.profile_photo_url,
        u1_0.status,
        u1_0.updated_at,
        u1_0.user_type 
    from
        users u1_0 
    where
        u1_0.email=?
2026-07-27T23:16:19.255-03:00 DEBUG 1664 --- [cuida-plus-api] [           main] org.hibernate.SQL                        : 
    select
        prt1_0.id,
        prt1_0.created_at,
        prt1_0.expires_at,
        prt1_0.token_hash,
        prt1_0.used_at,
        prt1_0.user_id 
    from
        password_reset_tokens prt1_0 
    where
        prt1_0.user_id=? 
        and prt1_0.used_at is null
2026-07-27T23:16:19.257-03:00 DEBUG 1664 --- [cuida-plus-api] [           main] org.hibernate.SQL                        : 
    insert 
    into
        password_reset_tokens
        (created_at, expires_at, token_hash, used_at, user_id, id) 
    values
        (?, ?, ?, ?, ?, ?)
2026-07-27T23:16:19.261-03:00 DEBUG 1664 --- [cuida-plus-api] [           main] org.hibernate.SQL                        : 
    select
        prt1_0.id,
        prt1_0.created_at,
        prt1_0.expires_at,
        prt1_0.token_hash,
        prt1_0.used_at,
        prt1_0.user_id 
    from
        password_reset_tokens prt1_0
2026-07-27T23:16:19.280-03:00 DEBUG 1664 --- [cuida-plus-api] [           main] org.hibernate.SQL                        : 
    select
        prt1_0.id,
        prt1_0.created_at,
        prt1_0.expires_at,
        prt1_0.token_hash,
        prt1_0.used_at,
        prt1_0.user_id 
    from
        password_reset_tokens prt1_0
]]></system-out>
  </testcase>
  <testcase name="resetPasswordRejectsInvalidToken" classname="br.com.cuidaplus.api.auth.AuthServicePasswordResetTest" time="0.024">
    <system-out><![CDATA[2026-07-27T23:16:19.290-03:00 DEBUG 1664 --- [cuida-plus-api] [           main] org.hibernate.SQL                        : 
    select
        prt1_0.id,
        prt1_0.created_at,
        prt1_0.expires_at,
        prt1_0.token_hash,
        prt1_0.used_at,
        prt1_0.user_id 
    from
        password_reset_tokens prt1_0
2026-07-27T23:16:19.292-03:00 DEBUG 1664 --- [cuida-plus-api] [           main] org.hibernate.SQL                        : 
    delete 
    from
        password_reset_tokens 
    where
        id=?
2026-07-27T23:16:19.294-03:00 DEBUG 1664 --- [cuida-plus-api] [           main] org.hibernate.SQL                        : 
    select
        u1_0.id,
        u1_0.birth_date,
        u1_0.cpf,
        u1_0.created_at,
        u1_0.email,
        u1_0.full_name,
        u1_0.password_hash,
        u1_0.phone,
        u1_0.profile_photo_url,
        u1_0.status,
        u1_0.updated_at,
        u1_0.user_type 
    from
        users u1_0
2026-07-27T23:16:19.296-03:00 DEBUG 1664 --- [cuida-plus-api] [           main] org.hibernate.SQL                        : 
    delete 
    from
        users 
    where
        id=?
2026-07-27T23:16:19.307-03:00 DEBUG 1664 --- [cuida-plus-api] [           main] org.hibernate.SQL                        : 
    select
        prt1_0.id,
        prt1_0.created_at,
        prt1_0.expires_at,
        prt1_0.token_hash,
        prt1_0.used_at,
        prt1_0.user_id 
    from
        password_reset_tokens prt1_0 
    where
        prt1_0.token_hash=?
]]></system-out>
  </testcase>
  <testcase name="secondRequestInvalidatesPreviousToken" classname="br.com.cuidaplus.api.auth.AuthServicePasswordResetTest" time="0.204">
    <system-out><![CDATA[2026-07-27T23:16:19.317-03:00 DEBUG 1664 --- [cuida-plus-api] [           main] org.hibernate.SQL                        : 
    select
        prt1_0.id,
        prt1_0.created_at,
        prt1_0.expires_at,
        prt1_0.token_hash,
        prt1_0.used_at,
        prt1_0.user_id 
    from
        password_reset_tokens prt1_0
2026-07-27T23:16:19.319-03:00 DEBUG 1664 --- [cuida-plus-api] [           main] org.hibernate.SQL                        : 
    select
        u1_0.id,
        u1_0.birth_date,
        u1_0.cpf,
        u1_0.created_at,
        u1_0.email,
        u1_0.full_name,
        u1_0.password_hash,
        u1_0.phone,
        u1_0.profile_photo_url,
        u1_0.status,
        u1_0.updated_at,
        u1_0.user_type 
    from
        users u1_0
2026-07-27T23:16:19.479-03:00 DEBUG 1664 --- [cuida-plus-api] [           main] org.hibernate.SQL                        : 
    insert 
    into
        users
        (birth_date, cpf, created_at, email, full_name, password_hash, phone, profile_photo_url, status, updated_at, user_type, id) 
    values
        (?, ?, ?, ?, ?, ?, ?, ?, ?, ?, ?, ?)
2026-07-27T23:16:19.483-03:00 DEBUG 1664 --- [cuida-plus-api] [           main] org.hibernate.SQL                        : 
    select
        u1_0.id,
        u1_0.birth_date,
        u1_0.cpf,
        u1_0.created_at,
        u1_0.email,
        u1_0.full_name,
        u1_0.password_hash,
        u1_0.phone,
        u1_0.profile_photo_url,
        u1_0.status,
        u1_0.updated_at,
        u1_0.user_type 
    from
        users u1_0 
    where
        u1_0.email=?
2026-07-27T23:16:19.492-03:00 DEBUG 1664 --- [cuida-plus-api] [           main] org.hibernate.SQL                        : 
    select
        prt1_0.id,
        prt1_0.created_at,
        prt1_0.expires_at,
        prt1_0.token_hash,
        prt1_0.used_at,
        prt1_0.user_id 
    from
        password_reset_tokens prt1_0 
    where
        prt1_0.user_id=? 
        and prt1_0.used_at is null
2026-07-27T23:16:19.496-03:00 DEBUG 1664 --- [cuida-plus-api] [           main] org.hibernate.SQL                        : 
    insert 
    into
        password_reset_tokens
        (created_at, expires_at, token_hash, used_at, user_id, id) 
    values
        (?, ?, ?, ?, ?, ?)
2026-07-27T23:16:19.498-03:00 DEBUG 1664 --- [cuida-plus-api] [           main] org.hibernate.SQL                        : 
    select
        u1_0.id,
        u1_0.birth_date,
        u1_0.cpf,
        u1_0.created_at,
        u1_0.email,
        u1_0.full_name,
        u1_0.password_hash,
        u1_0.phone,
        u1_0.profile_photo_url,
        u1_0.status,
        u1_0.updated_at,
        u1_0.user_type 
    from
        users u1_0 
    where
        u1_0.email=?
2026-07-27T23:16:19.504-03:00 DEBUG 1664 --- [cuida-plus-api] [           main] org.hibernate.SQL                        : 
    select
        prt1_0.id,
        prt1_0.created_at,
        prt1_0.expires_at,
        prt1_0.token_hash,
        prt1_0.used_at,
        prt1_0.user_id 
    from
        password_reset_tokens prt1_0 
    where
        prt1_0.user_id=? 
        and prt1_0.used_at is null
2026-07-27T23:16:19.506-03:00 DEBUG 1664 --- [cuida-plus-api] [           main] org.hibernate.SQL                        : 
    insert 
    into
        password_reset_tokens
        (created_at, expires_at, token_hash, used_at, user_id, id) 
    values
        (?, ?, ?, ?, ?, ?)
2026-07-27T23:16:19.508-03:00 DEBUG 1664 --- [cuida-plus-api] [           main] org.hibernate.SQL                        : 
    update
        password_reset_tokens 
    set
        expires_at=?,
        token_hash=?,
        used_at=?,
        user_id=? 
    where
        id=?
2026-07-27T23:16:19.512-03:00 DEBUG 1664 --- [cuida-plus-api] [           main] org.hibernate.SQL                        : 
    select
        prt1_0.id,
        prt1_0.created_at,
        prt1_0.expires_at,
        prt1_0.token_hash,
        prt1_0.used_at,
        prt1_0.user_id 
    from
        password_reset_tokens prt1_0 
    where
        prt1_0.token_hash=?
]]></system-out>
  </testcase>
  <testcase name="resetPasswordRejectsExpiredToken" classname="br.com.cuidaplus.api.auth.AuthServicePasswordResetTest" time="0.139">
    <system-out><![CDATA[2026-07-27T23:16:19.520-03:00 DEBUG 1664 --- [cuida-plus-api] [           main] org.hibernate.SQL                        : 
    select
        prt1_0.id,
        prt1_0.created_at,
        prt1_0.expires_at,
        prt1_0.token_hash,
        prt1_0.used_at,
        prt1_0.user_id 
    from
        password_reset_tokens prt1_0
2026-07-27T23:16:19.522-03:00 DEBUG 1664 --- [cuida-plus-api] [           main] org.hibernate.SQL                        : 
    delete 
    from
        password_reset_tokens 
    where
        id=?
2026-07-27T23:16:19.525-03:00 DEBUG 1664 --- [cuida-plus-api] [           main] org.hibernate.SQL                        : 
    delete 
    from
        password_reset_tokens 
    where
        id=?
2026-07-27T23:16:19.527-03:00 DEBUG 1664 --- [cuida-plus-api] [           main] org.hibernate.SQL                        : 
    select
        u1_0.id,
        u1_0.birth_date,
        u1_0.cpf,
        u1_0.created_at,
        u1_0.email,
        u1_0.full_name,
        u1_0.password_hash,
        u1_0.phone,
        u1_0.profile_photo_url,
        u1_0.status,
        u1_0.updated_at,
        u1_0.user_type 
    from
        users u1_0
2026-07-27T23:16:19.529-03:00 DEBUG 1664 --- [cuida-plus-api] [           main] org.hibernate.SQL                        : 
    delete 
    from
        users 
    where
        id=?
2026-07-27T23:16:19.611-03:00 DEBUG 1664 --- [cuida-plus-api] [           main] org.hibernate.SQL                        : 
    insert 
    into
        users
        (birth_date, cpf, created_at, email, full_name, password_hash, phone, profile_photo_url, status, updated_at, user_type, id) 
    values
        (?, ?, ?, ?, ?, ?, ?, ?, ?, ?, ?, ?)
2026-07-27T23:16:19.615-03:00 DEBUG 1664 --- [cuida-plus-api] [           main] org.hibernate.SQL                        : 
    select
        u1_0.id,
        u1_0.birth_date,
        u1_0.cpf,
        u1_0.created_at,
        u1_0.email,
        u1_0.full_name,
        u1_0.password_hash,
        u1_0.phone,
        u1_0.profile_photo_url,
        u1_0.status,
        u1_0.updated_at,
        u1_0.user_type 
    from
        users u1_0 
    where
        u1_0.email=?
2026-07-27T23:16:19.625-03:00 DEBUG 1664 --- [cuida-plus-api] [           main] org.hibernate.SQL                        : 
    select
        prt1_0.id,
        prt1_0.created_at,
        prt1_0.expires_at,
        prt1_0.token_hash,
        prt1_0.used_at,
        prt1_0.user_id 
    from
        password_reset_tokens prt1_0 
    where
        prt1_0.user_id=? 
        and prt1_0.used_at is null
2026-07-27T23:16:19.634-03:00 DEBUG 1664 --- [cuida-plus-api] [           main] org.hibernate.SQL                        : 
    insert 
    into
        password_reset_tokens
        (created_at, expires_at, token_hash, used_at, user_id, id) 
    values
        (?, ?, ?, ?, ?, ?)
2026-07-27T23:16:19.643-03:00 DEBUG 1664 --- [cuida-plus-api] [           main] org.hibernate.SQL                        : 
    select
        prt1_0.id,
        prt1_0.created_at,
        prt1_0.expires_at,
        prt1_0.token_hash,
        prt1_0.used_at,
        prt1_0.user_id 
    from
        password_reset_tokens prt1_0
2026-07-27T23:16:19.647-03:00 DEBUG 1664 --- [cuida-plus-api] [           main] org.hibernate.SQL                        : 
    select
        prt1_0.id,
        prt1_0.created_at,
        prt1_0.expires_at,
        prt1_0.token_hash,
        prt1_0.used_at,
        prt1_0.user_id 
    from
        password_reset_tokens prt1_0 
    where
        prt1_0.id=?
2026-07-27T23:16:19.649-03:00 DEBUG 1664 --- [cuida-plus-api] [           main] org.hibernate.SQL                        : 
    update
        password_reset_tokens 
    set
        expires_at=?,
        token_hash=?,
        used_at=?,
        user_id=? 
    where
        id=?
2026-07-27T23:16:19.653-03:00 DEBUG 1664 --- [cuida-plus-api] [           main] org.hibernate.SQL                        : 
    select
        prt1_0.id,
        prt1_0.created_at,
        prt1_0.expires_at,
        prt1_0.token_hash,
        prt1_0.used_at,
        prt1_0.user_id 
    from
        password_reset_tokens prt1_0 
    where
        prt1_0.token_hash=?
]]></system-out>
  </testcase>
  <testcase name="resetPasswordWithValidTokenChangesPasswordAndMarksTokenAsUsed" classname="br.com.cuidaplus.api.auth.AuthServicePasswordResetTest" time="0.267">
    <system-out><![CDATA[2026-07-27T23:16:19.663-03:00 DEBUG 1664 --- [cuida-plus-api] [           main] org.hibernate.SQL                        : 
    select
        prt1_0.id,
        prt1_0.created_at,
        prt1_0.expires_at,
        prt1_0.token_hash,
        prt1_0.used_at,
        prt1_0.user_id 
    from
        password_reset_tokens prt1_0
2026-07-27T23:16:19.665-03:00 DEBUG 1664 --- [cuida-plus-api] [           main] org.hibernate.SQL                        : 
    delete 
    from
        password_reset_tokens 
    where
        id=?
2026-07-27T23:16:19.667-03:00 DEBUG 1664 --- [cuida-plus-api] [           main] org.hibernate.SQL                        : 
    select
        u1_0.id,
        u1_0.birth_date,
        u1_0.cpf,
        u1_0.created_at,
        u1_0.email,
        u1_0.full_name,
        u1_0.password_hash,
        u1_0.phone,
        u1_0.profile_photo_url,
        u1_0.status,
        u1_0.updated_at,
        u1_0.user_type 
    from
        users u1_0
2026-07-27T23:16:19.669-03:00 DEBUG 1664 --- [cuida-plus-api] [           main] org.hibernate.SQL                        : 
    delete 
    from
        users 
    where
        id=?
2026-07-27T23:16:19.753-03:00 DEBUG 1664 --- [cuida-plus-api] [           main] org.hibernate.SQL                        : 
    insert 
    into
        users
        (birth_date, cpf, created_at, email, full_name, password_hash, phone, profile_photo_url, status, updated_at, user_type, id) 
    values
        (?, ?, ?, ?, ?, ?, ?, ?, ?, ?, ?, ?)
2026-07-27T23:16:19.756-03:00 DEBUG 1664 --- [cuida-plus-api] [           main] org.hibernate.SQL                        : 
    select
        u1_0.id,
        u1_0.birth_date,
        u1_0.cpf,
        u1_0.created_at,
        u1_0.email,
        u1_0.full_name,
        u1_0.password_hash,
        u1_0.phone,
        u1_0.profile_photo_url,
        u1_0.status,
        u1_0.updated_at,
        u1_0.user_type 
    from
        users u1_0 
    where
        u1_0.email=?
2026-07-27T23:16:19.760-03:00 DEBUG 1664 --- [cuida-plus-api] [           main] org.hibernate.SQL                        : 
    select
        prt1_0.id,
        prt1_0.created_at,
        prt1_0.expires_at,
        prt1_0.token_hash,
        prt1_0.used_at,
        prt1_0.user_id 
    from
        password_reset_tokens prt1_0 
    where
        prt1_0.user_id=? 
        and prt1_0.used_at is null
2026-07-27T23:16:19.762-03:00 DEBUG 1664 --- [cuida-plus-api] [           main] org.hibernate.SQL                        : 
    insert 
    into
        password_reset_tokens
        (created_at, expires_at, token_hash, used_at, user_id, id) 
    values
        (?, ?, ?, ?, ?, ?)
2026-07-27T23:16:19.765-03:00 DEBUG 1664 --- [cuida-plus-api] [           main] org.hibernate.SQL                        : 
    select
        prt1_0.id,
        prt1_0.created_at,
        prt1_0.expires_at,
        prt1_0.token_hash,
        prt1_0.used_at,
        prt1_0.user_id 
    from
        password_reset_tokens prt1_0 
    where
        prt1_0.token_hash=?
2026-07-27T23:16:19.835-03:00 DEBUG 1664 --- [cuida-plus-api] [           main] org.hibernate.SQL                        : 
    select
        u1_0.id,
        u1_0.birth_date,
        u1_0.cpf,
        u1_0.created_at,
        u1_0.email,
        u1_0.full_name,
        u1_0.password_hash,
        u1_0.phone,
        u1_0.profile_photo_url,
        u1_0.status,
        u1_0.updated_at,
        u1_0.user_type 
    from
        users u1_0 
    where
        u1_0.id=?
2026-07-27T23:16:19.837-03:00 DEBUG 1664 --- [cuida-plus-api] [           main] org.hibernate.SQL                        : 
    update
        password_reset_tokens 
    set
        expires_at=?,
        token_hash=?,
        used_at=?,
        user_id=? 
    where
        id=?
2026-07-27T23:16:19.839-03:00 DEBUG 1664 --- [cuida-plus-api] [           main] org.hibernate.SQL                        : 
    update
        users 
    set
        birth_date=?,
        cpf=?,
        email=?,
        full_name=?,
        password_hash=?,
        phone=?,
        profile_photo_url=?,
        status=?,
        updated_at=?,
        user_type=? 
    where
        id=?
2026-07-27T23:16:19.843-03:00 DEBUG 1664 --- [cuida-plus-api] [           main] org.hibernate.SQL                        : 
    select
        u1_0.id,
        u1_0.birth_date,
        u1_0.cpf,
        u1_0.created_at,
        u1_0.email,
        u1_0.full_name,
        u1_0.password_hash,
        u1_0.phone,
        u1_0.profile_photo_url,
        u1_0.status,
        u1_0.updated_at,
        u1_0.user_type 
    from
        users u1_0 
    where
        u1_0.id=?
2026-07-27T23:16:19.922-03:00 DEBUG 1664 --- [cuida-plus-api] [           main] org.hibernate.SQL                        : 
    select
        prt1_0.id,
        prt1_0.created_at,
        prt1_0.expires_at,
        prt1_0.token_hash,
        prt1_0.used_at,
        prt1_0.user_id 
    from
        password_reset_tokens prt1_0
]]></system-out>
  </testcase>
  <testcase name="requestPasswordResetWithUnknownEmailDoesNotRevealUserExistence" classname="br.com.cuidaplus.api.auth.AuthServicePasswordResetTest" time="0.019">
    <system-out><![CDATA[2026-07-27T23:16:19.933-03:00 DEBUG 1664 --- [cuida-plus-api] [           main] org.hibernate.SQL                        : 
    select
        prt1_0.id,
        prt1_0.created_at,
        prt1_0.expires_at,
        prt1_0.token_hash,
        prt1_0.used_at,
        prt1_0.user_id 
    from
        password_reset_tokens prt1_0
2026-07-27T23:16:19.935-03:00 DEBUG 1664 --- [cuida-plus-api] [           main] org.hibernate.SQL                        : 
    delete 
    from
        password_reset_tokens 
    where
        id=?
2026-07-27T23:16:19.938-03:00 DEBUG 1664 --- [cuida-plus-api] [           main] org.hibernate.SQL                        : 
    select
        u1_0.id,
        u1_0.birth_date,
        u1_0.cpf,
        u1_0.created_at,
        u1_0.email,
        u1_0.full_name,
        u1_0.password_hash,
        u1_0.phone,
        u1_0.profile_photo_url,
        u1_0.status,
        u1_0.updated_at,
        u1_0.user_type 
    from
        users u1_0
2026-07-27T23:16:19.939-03:00 DEBUG 1664 --- [cuida-plus-api] [           main] org.hibernate.SQL                        : 
    delete 
    from
        users 
    where
        id=?
2026-07-27T23:16:19.942-03:00 DEBUG 1664 --- [cuida-plus-api] [           main] org.hibernate.SQL                        : 
    select
        u1_0.id,
        u1_0.birth_date,
        u1_0.cpf,
        u1_0.created_at,
        u1_0.email,
        u1_0.full_name,
        u1_0.password_hash,
        u1_0.phone,
        u1_0.profile_photo_url,
        u1_0.status,
        u1_0.updated_at,
        u1_0.user_type 
    from
        users u1_0 
    where
        u1_0.email=?
2026-07-27T23:16:19.945-03:00 DEBUG 1664 --- [cuida-plus-api] [           main] org.hibernate.SQL                        : 
    select
        prt1_0.id,
        prt1_0.created_at,
        prt1_0.expires_at,
        prt1_0.token_hash,
        prt1_0.used_at,
        prt1_0.user_id 
    from
        password_reset_tokens prt1_0
]]></system-out>
  </testcase>
</testsuite>